{"meta": {"format": 3, "version": "7.13.2", "timestamp": "2026-01-29T15:37:43.520553", "branch_coverage": false, "show_contexts": false}, "files": {"app/__init__.py": {"executed_lines": [], "summary": {"covered_lines": 0, "num_statements": 0, "percent_covered": 100.0, "percent_covered_display": "100", "missing_lines": 0, "excluded_lines": 0, "percent_statements_covered": 100.0, "percent_statements_covered_display": "100"}, "missing_lines": [], "excluded_lines": [], "functions": {"": {"executed_lines": [], "summary": {"covered_lines": 0, "num_statements": 0, "percent_covered": 100.0, "percent_covered_display": "100", "missing_lines": 0, "excluded_lines": 0, "percent_statements_covered": 100.0, "percent_statements_covered_display": "100"}, "missing_lines": [], "excluded_lines": [], "start_line": 1}}, "classes": {"": {"executed_lines": [], "summary": {"covered_lines": 0, "num_statements": 0, "percent_covered": 100.0, "percent_covered_display": "100", "missing_lines": 0, "excluded_lines": 0, "percent_statements_covered": 100.0, "percent_statements_covered_display": "100"}, "missing_lines": [], "excluded_lines": [], "start_line": 1}}}, "app/auth.py": {"executed_lines": [1, 2, 3, 5, 6, 8, 20, 23, 28, 29, 34, 39, 40, 41, 44, 48, 49, 50, 52, 56, 57, 60, 64, 65, 67, 76, 77, 80, 84, 85, 94, 98, 99, 102, 105, 106, 107, 113, 117], "summary": {"covered_lines": 39, "num_statements": 50, "percent_covered": 78.0, "percent_covered_display": "78", "missing_lines": 11, "excluded_lines": 0, "percent_statements_covered": 78.0, "percent_statements_covered_display": "78"}, "missing_lines": [30, 31, 95, 96, 100, 101, 103, 104, 108, 109, 110], "excluded_lines": [], "functions": {"verify_password": {"executed_lines": [28, 29], "summary": {"covered_lines": 2, "num_statements": 4, "percent_covered": 50.0, "percent_covered_display": "50", "missing_lines": 2, "excluded_lines": 0, "percent_statements_covered": 50.0, "percent_statements_covered_display": "50"}, "missing_lines": [30, 31], "excluded_lines": [], "start_line": 23}, "hash_password": {"executed_lines": [39, 40, 41], "summary": {"covered_lines": 3, "num_statements": 3, "percent_covered": 100.0, "percent_covered_display": "100", "missing_lines": 0, "excluded_lines": 0, "percent_statements_covered": 100.0, "percent_statements_covered_display": "100"}, "missing_lines": [], "excluded_lines": [], "start_line": 34}, "create_access_token": {"executed_lines": [48, 49, 50, 52, 56, 57], "summary": {"covered_lines": 6, "num_statements": 6, "percent_covered": 100.0, "percent_covered_display": "100", "missing_lines": 0, "excluded_lines": 0, "percent_statements_covered": 100.0, "percent_statements_covered_display": "100"}, "missing_lines": [], "excluded_lines": [], "start_line": 44}, "create_refresh_token": {"executed_lines": [64, 65, 67, 76, 77], "summary": {"covered_lines": 5, "num_statements": 5, "percent_covered": 100.0, "percent_covered_display": "100", "missing_lines": 0, "excluded_lines": 0, "percent_statements_covered": 100.0, "percent_statements_covered_display": "100"}, "missing_lines": [], "excluded_lines": [], "start_line": 60}, "verify_token": {"executed_lines": [84, 85, 94, 98, 99, 102, 105, 106, 107], "summary": {"covered_lines": 9, "num_statements": 18, "percent_covered": 50.0, "percent_covered_display": "50", "missing_lines": 9, "excluded_lines": 0, "percent_statements_covered": 50.0, "percent_statements_covered_display": "50"}, "missing_lines": [95, 96, 100, 101, 103, 104, 108, 109, 110], "excluded_lines": [], "start_line": 80}, "hash_refresh_token": {"executed_lines": [117], "summary": {"covered_lines": 1, "num_statements": 1, "percent_covered": 100.0, "percent_covered_display": "100", "missing_lines": 0, "excluded_lines": 0, "percent_statements_covered": 100.0, "percent_statements_covered_display": "100"}, "missing_lines": [], "excluded_lines": [], "start_line": 113}, "": {"executed_lines": [1, 2, 3, 5, 6, 8, 20, 23, 34, 44, 60, 80, 113], "summary": {"covered_lines": 13, "num_statements": 13, "percent_covered": 100.0, "percent_covered_display": "100", "missing_lines": 0, "excluded_lines": 0, "percent_statements_covered": 100.0, "percent_statements_covered_display": "100"}, "missing_lines": [], "excluded_lines": [], "start_line": 1}}, "classes": {"": {"executed_lines": [1, 2, 3, 5, 6, 8, 20, 23, 28, 29, 34, 39, 40, 41, 44, 48, 49, 50, 52, 56, 57, 60, 64, 65, 67, 76, 77, 80, 84, 85, 94, 98, 99, 102, 105, 106, 107, 113, 117], "summary": {"covered_lines": 39, "num_statements": 50, "percent_covered": 78.0, "percent_covered_display": "78", "missing_lines": 11, "excluded_lines": 0, "percent_statements_covered": 78.0, "percent_statements_covered_display": "78"}, "missing_lines": [30, 31, 95, 96, 100, 101, 103, 104, 108, 109, 110], "excluded_lines": [], "start_line": 1}}}, "app/database/__init__.py": {"executed_lines": [1, 2, 3, 4, 6, 7, 10, 13, 15, 18, 19, 20, 22, 23, 24, 25, 26, 27, 28, 30, 31, 34, 36, 43, 44, 46, 47, 50, 51, 52, 57, 60, 64, 65, 70, 73, 78, 80, 82, 86, 90, 94, 101, 102, 103, 104, 105, 114, 116, 117, 124], "summary": {"covered_lines": 51, "num_statements": 70, "percent_covered": 72.85714285714286, "percent_covered_display": "73", "missing_lines": 19, "excluded_lines": 0, "percent_statements_covered": 72.85714285714286, "percent_statements_covered_display": "73"}, "missing_lines": [37, 38, 40, 41, 42, 61, 66, 74, 81, 83, 84, 87, 92, 93, 96, 97, 98, 109, 115], "excluded_lines": [], "functions": {"AsyncDatabaseHandler.__new__": {"executed_lines": [23, 24, 25, 26, 27, 28], "summary": {"covered_lines": 6, "num_statements": 6, "percent_covered": 100.0, "percent_covered_display": "100", "missing_lines": 0, "excluded_lines": 0, "percent_statements_covered": 100.0, "percent_statements_covered_display": "100"}, "missing_lines": [], "excluded_lines": [], "start_line": 22}, "AsyncDatabaseHandler._initialize": {"executed_lines": [31, 34, 36, 43, 44, 46, 47, 50, 51, 52, 57, 60, 64, 65, 70, 73, 78, 80, 82, 86, 90, 94, 101, 102, 103, 104, 105, 114, 116, 117, 124], "summary": {"covered_lines": 31, "num_statements": 50, "percent_covered": 62.0, "percent_covered_display": "62", "missing_lines": 19, "excluded_lines": 0, "percent_statements_covered": 62.0, "percent_statements_covered_display": "62"}, "missing_lines": [37, 38, 40, 41, 42, 61, 66, 74, 81, 83, 84, 87, 92, 93, 96, 97, 98, 109, 115], "excluded_lines": [], "start_line": 30}, "": {"executed_lines": [1, 2, 3, 4, 6, 7, 10, 13, 15, 18, 19, 20, 22, 30], "summary": {"covered_lines": 14, "num_statements": 14, "percent_covered": 100.0, "percent_covered_display": "100", "missing_lines": 0, "excluded_lines": 0, "percent_statements_covered": 100.0, "percent_statements_covered_display": "100"}, "missing_lines": [], "excluded_lines": [], "start_line": 1}}, "classes": {"AsyncDatabaseHandler": {"executed_lines": [23, 24, 25, 26, 27, 28, 31, 34, 36, 43, 44, 46, 47, 50, 51, 52, 57, 60, 64, 65, 70, 73, 78, 80, 82, 86, 90, 94, 101, 102, 103, 104, 105, 114, 116, 117, 124], "summary": {"covered_lines": 37, "num_statements": 56, "percent_covered": 66.07142857142857, "percent_covered_display": "66", "missing_lines": 19, "excluded_lines": 0, "percent_statements_covered": 66.07142857142857, "percent_statements_covered_display": "66"}, "missing_lines": [37, 38, 40, 41, 42, 61, 66, 74, 81, 83, 84, 87, 92, 93, 96, 97, 98, 109, 115], "excluded_lines": [], "start_line": 18}, "": {"executed_lines": [1, 2, 3, 4, 6, 7, 10, 13, 15, 18, 19, 20, 22, 30], "summary": {"covered_lines": 14, "num_statements": 14, "percent_covered": 100.0, "percent_covered_display": "100", "missing_lines": 0, "excluded_lines": 0, "percent_statements_covered": 100.0, "percent_statements_covered_display": "100"}, "missing_lines": [], "excluded_lines": [], "start_line": 1}}}, "app/database/instance.py": {"executed_lines": [3, 4, 6, 9, 10, 13], "summary": {"covered_lines": 6, "num_statements": 8, "percent_covered": 75.0, "percent_covered_display": "75", "missing_lines": 2, "excluded_lines": 0, "percent_statements_covered": 75.0, "percent_statements_covered_display": "75"}, "missing_lines": [15, 16], "excluded_lines": [], "functions": {"init_db": {"executed_lines": [], "summary": {"covered_lines": 0, "num_statements": 2, "percent_covered": 0.0, "percent_covered_display": "0", "missing_lines": 2, "excluded_lines": 0, "percent_statements_covered": 0.0, "percent_statements_covered_display": "0"}, "missing_lines": [15, 16], "excluded_lines": [], "start_line": 13}, "": {"executed_lines": [3, 4, 6, 9, 10, 13], "summary": {"covered_lines": 6, "num_statements": 6, "percent_covered": 100.0, "percent_covered_display": "100", "missing_lines": 0, "excluded_lines": 0, "percent_statements_covered": 100.0, "percent_statements_covered_display": "100"}, "missing_lines": [], "excluded_lines": [], "start_line": 1}}, "classes": {"": {"executed_lines": [3, 4, 6, 9, 10, 13], "summary": {"covered_lines": 6, "num_statements": 8, "percent_covered": 75.0, "percent_covered_display": "75", "missing_lines": 2, "excluded_lines": 0, "percent_statements_covered": 75.0, "percent_statements_covered_display": "75"}, "missing_lines": [15, 16], "excluded_lines": [], "start_line": 1}}}, "app/database/models.py": {"executed_lines": [1, 16, 19, 20, 22, 23, 26, 27, 28, 31, 32, 34, 35, 38, 39, 40, 41, 42, 45, 46, 48, 49, 52, 53, 56, 57, 58, 61, 62, 63, 66, 69, 70, 72, 73, 76, 77, 78, 83, 84, 86, 87, 90, 93, 94, 95, 96, 97, 98, 99, 104, 105, 107, 108, 109, 112, 113, 114, 115, 118, 119, 122, 123, 126, 131, 132, 133, 134, 138, 139, 144, 145, 147, 148, 151, 154, 155, 156, 157, 158, 159, 160, 161, 162, 164, 165, 166, 167, 168, 169, 174, 177, 179, 180, 183, 186, 189, 192, 195, 196, 197, 198, 199, 200, 201, 202, 203, 204, 205, 206, 207, 209, 210, 214, 219, 220, 222, 223, 226, 227, 228, 229, 230, 231, 232, 233, 234, 235, 236, 241, 242, 244, 245, 248, 251, 255, 256, 257, 259, 260, 262, 263, 264, 265, 267, 268, 270, 271, 272, 273, 274, 275, 276, 279, 282, 283, 286, 288, 289, 294, 295, 296, 299, 300, 301, 304, 307, 308, 311, 314, 315, 318, 319, 320, 321, 324, 325, 326, 327, 330, 331, 332, 333, 336, 339, 341, 344, 345, 346, 347, 350, 353, 354, 355, 356, 357, 358, 359, 360, 361, 364, 365, 366, 367, 370, 373, 376, 377, 378, 379, 380, 381, 384, 385, 386, 387, 390, 391, 394, 395, 396, 397, 400, 403, 404, 405, 406, 407, 408, 409, 410, 411, 412, 415, 416, 418, 419, 422, 425, 428, 432, 433, 436, 438, 439, 440, 441, 442, 443, 444, 445, 447, 448, 449, 453, 454, 456, 459, 460, 462, 466, 467, 472, 473, 475, 476, 479, 483, 484, 485, 487, 488, 489, 490, 494, 497, 499, 501, 502, 507, 508, 510, 511, 515, 516, 517, 518, 520, 521, 526, 527, 529, 530, 533, 537, 538, 539, 540, 541, 542, 543, 544, 548, 549, 554, 557, 559, 560, 563, 568, 569, 570, 573, 576, 579, 580, 581, 586, 589, 590, 591, 592, 597, 600, 602, 603, 607, 608, 609, 612, 613, 616, 617, 620, 621, 624, 627, 630, 631, 632, 637, 640, 642, 643, 646, 650, 651, 653, 656, 659, 661, 662, 666, 667, 668, 671, 672, 673, 676, 677, 680, 683, 686, 687, 689, 690, 695, 698, 700, 701, 704, 708, 709, 712, 713, 714, 717, 720, 722, 723, 726, 729, 732, 734, 735, 738, 743, 745, 747], "summary": {"covered_lines": 389, "num_statements": 389, "percent_covered": 100.0, "percent_covered_display": "100", "missing_lines": 0, "excluded_lines": 0, "percent_statements_covered": 100.0, "percent_statements_covered_display": "100"}, "missing_lines": [], "excluded_lines": [], "functions": {"": {"executed_lines": [1, 16, 19, 20, 22, 23, 26, 27, 28, 31, 32, 34, 35, 38, 39, 40, 41, 42, 45, 46, 48, 49, 52, 53, 56, 57, 58, 61, 62, 63, 66, 69, 70, 72, 73, 76, 77, 78, 83, 84, 86, 87, 90, 93, 94, 95, 96, 97, 98, 99, 104, 105, 107, 108, 109, 112, 113, 114, 115, 118, 119, 122, 123, 126, 131, 132, 133, 134, 138, 139, 144, 145, 147, 148, 151, 154, 155, 156, 157, 158, 159, 160, 161, 162, 164, 165, 166, 167, 168, 169, 174, 177, 179, 180, 183, 186, 189, 192, 195, 196, 197, 198, 199, 200, 201, 202, 203, 204, 205, 206, 207, 209, 210, 214, 219, 220, 222, 223, 226, 227, 228, 229, 230, 231, 232, 233, 234, 235, 236, 241, 242, 244, 245, 248, 251, 255, 256, 257, 259, 260, 262, 263, 264, 265, 267, 268, 270, 271, 272, 273, 274, 275, 276, 279, 282, 283, 286, 288, 289, 294, 295, 296, 299, 300, 301, 304, 307, 308, 311, 314, 315, 318, 319, 320, 321, 324, 325, 326, 327, 330, 331, 332, 333, 336, 339, 341, 344, 345, 346, 347, 350, 353, 354, 355, 356, 357, 358, 359, 360, 361, 364, 365, 366, 367, 370, 373, 376, 377, 378, 379, 380, 381, 384, 385, 386, 387, 390, 391, 394, 395, 396, 397, 400, 403, 404, 405, 406, 407, 408, 409, 410, 411, 412, 415, 416, 418, 419, 422, 425, 428, 432, 433, 436, 438, 439, 440, 441, 442, 443, 444, 445, 447, 448, 449, 453, 454, 456, 459, 460, 462, 466, 467, 472, 473, 475, 476, 479, 483, 484, 485, 487, 488, 489, 490, 494, 497, 499, 501, 502, 507, 508, 510, 511, 515, 516, 517, 518, 520, 521, 526, 527, 529, 530, 533, 537, 538, 539, 540, 541, 542, 543, 544, 548, 549, 554, 557, 559, 560, 563, 568, 569, 570, 573, 576, 579, 580, 581, 586, 589, 590, 591, 592, 597, 600, 602, 603, 607, 608, 609, 612, 613, 616, 617, 620, 621, 624, 627, 630, 631, 632, 637, 640, 642, 643, 646, 650, 651, 653, 656, 659, 661, 662, 666, 667, 668, 671, 672, 673, 676, 677, 680, 683, 686, 687, 689, 690, 695, 698, 700, 701, 704, 708, 709, 712, 713, 714, 717, 720, 722, 723, 726, 729, 732, 734, 735, 738, 743, 745, 747], "summary": {"covered_lines": 389, "num_statements": 389, "percent_covered": 100.0, "percent_covered_display": "100", "missing_lines": 0, "excluded_lines": 0, "percent_statements_covered": 100.0, "percent_statements_covered_display": "100"}, "missing_lines": [], "excluded_lines": [], "start_line": 1}}, "classes": {"Activity_Logs": {"executed_lines": [], "summary": {"covered_lines": 0, "num_statements": 0, "percent_covered": 100.0, "percent_covered_display": "100", "missing_lines": 0, "excluded_lines": 0, "percent_statements_covered": 100.0, "percent_statements_covered_display": "100"}, "missing_lines": [], "excluded_lines": [], "start_line": 19}, "RefreshToken": {"executed_lines": [], "summary": {"covered_lines": 0, "num_statements": 0, "percent_covered": 100.0, "percent_covered_display": "100", "missing_lines": 0, "excluded_lines": 0, "percent_statements_covered": 100.0, "percent_statements_covered_display": "100"}, "missing_lines": [], "excluded_lines": [], "start_line": 31}, "User": {"executed_lines": [], "summary": {"covered_lines": 0, "num_statements": 0, "percent_covered": 100.0, "percent_covered_display": "100", "missing_lines": 0, "excluded_lines": 0, "percent_statements_covered": 100.0, "percent_statements_covered_display": "100"}, "missing_lines": [], "excluded_lines": [], "start_line": 45}, "UserSettings": {"executed_lines": [], "summary": {"covered_lines": 0, "num_statements": 0, "percent_covered": 100.0, "percent_covered_display": "100", "missing_lines": 0, "excluded_lines": 0, "percent_statements_covered": 100.0, "percent_statements_covered_display": "100"}, "missing_lines": [], "excluded_lines": [], "start_line": 69}, "AuditLog": {"executed_lines": [], "summary": {"covered_lines": 0, "num_statements": 0, "percent_covered": 100.0, "percent_covered_display": "100", "missing_lines": 0, "excluded_lines": 0, "percent_statements_covered": 100.0, "percent_statements_covered_display": "100"}, "missing_lines": [], "excluded_lines": [], "start_line": 83}, "Restaurant": {"executed_lines": [], "summary": {"covered_lines": 0, "num_statements": 0, "percent_covered": 100.0, "percent_covered_display": "100", "missing_lines": 0, "excluded_lines": 0, "percent_statements_covered": 100.0, "percent_statements_covered_display": "100"}, "missing_lines": [], "excluded_lines": [], "start_line": 104}, "Table": {"executed_lines": [], "summary": {"covered_lines": 0, "num_statements": 0, "percent_covered": 100.0, "percent_covered_display": "100", "missing_lines": 0, "excluded_lines": 0, "percent_statements_covered": 100.0, "percent_statements_covered_display": "100"}, "missing_lines": [], "excluded_lines": [], "start_line": 144}, "TableDayConfig": {"executed_lines": [], "summary": {"covered_lines": 0, "num_statements": 0, "percent_covered": 100.0, "percent_covered_display": "100", "missing_lines": 0, "excluded_lines": 0, "percent_statements_covered": 100.0, "percent_statements_covered_display": "100"}, "missing_lines": [], "excluded_lines": [], "start_line": 174}, "Guest": {"executed_lines": [], "summary": {"covered_lines": 0, "num_statements": 0, "percent_covered": 100.0, "percent_covered_display": "100", "missing_lines": 0, "excluded_lines": 0, "percent_statements_covered": 100.0, "percent_statements_covered_display": "100"}, "missing_lines": [], "excluded_lines": [], "start_line": 219}, "Reservation": {"executed_lines": [], "summary": {"covered_lines": 0, "num_statements": 0, "percent_covered": 100.0, "percent_covered_display": "100", "missing_lines": 0, "excluded_lines": 0, "percent_statements_covered": 100.0, "percent_statements_covered_display": "100"}, "missing_lines": [], "excluded_lines": [], "start_line": 241}, "ReservationTable": {"executed_lines": [], "summary": {"covered_lines": 0, "num_statements": 0, "percent_covered": 100.0, "percent_covered_display": "100", "missing_lines": 0, "excluded_lines": 0, "percent_statements_covered": 100.0, "percent_statements_covered_display": "100"}, "missing_lines": [], "excluded_lines": [], "start_line": 294}, "ReservationTableDayConfig": {"executed_lines": [], "summary": {"covered_lines": 0, "num_statements": 0, "percent_covered": 100.0, "percent_covered_display": "100", "missing_lines": 0, "excluded_lines": 0, "percent_statements_covered": 100.0, "percent_statements_covered_display": "100"}, "missing_lines": [], "excluded_lines": [], "start_line": 304}, "Block": {"executed_lines": [], "summary": {"covered_lines": 0, "num_statements": 0, "percent_covered": 100.0, "percent_covered_display": "100", "missing_lines": 0, "excluded_lines": 0, "percent_statements_covered": 100.0, "percent_statements_covered_display": "100"}, "missing_lines": [], "excluded_lines": [], "start_line": 318}, "BlockAssignment": {"executed_lines": [], "summary": {"covered_lines": 0, "num_statements": 0, "percent_covered": 100.0, "percent_covered_display": "100", "missing_lines": 0, "excluded_lines": 0, "percent_statements_covered": 100.0, "percent_statements_covered_display": "100"}, "missing_lines": [], "excluded_lines": [], "start_line": 330}, "Waitlist": {"executed_lines": [], "summary": {"covered_lines": 0, "num_statements": 0, "percent_covered": 100.0, "percent_covered_display": "100", "missing_lines": 0, "excluded_lines": 0, "percent_statements_covered": 100.0, "percent_statements_covered_display": "100"}, "missing_lines": [], "excluded_lines": [], "start_line": 344}, "Message": {"executed_lines": [], "summary": {"covered_lines": 0, "num_statements": 0, "percent_covered": 100.0, "percent_covered_display": "100", "missing_lines": 0, "excluded_lines": 0, "percent_statements_covered": 100.0, "percent_statements_covered_display": "100"}, "missing_lines": [], "excluded_lines": [], "start_line": 364}, "Area": {"executed_lines": [], "summary": {"covered_lines": 0, "num_statements": 0, "percent_covered": 100.0, "percent_covered_display": "100", "missing_lines": 0, "excluded_lines": 0, "percent_statements_covered": 100.0, "percent_statements_covered_display": "100"}, "missing_lines": [], "excluded_lines": [], "start_line": 384}, "Obstacle": {"executed_lines": [], "summary": {"covered_lines": 0, "num_statements": 0, "percent_covered": 100.0, "percent_covered_display": "100", "missing_lines": 0, "excluded_lines": 0, "percent_statements_covered": 100.0, "percent_statements_covered_display": "100"}, "missing_lines": [], "excluded_lines": [], "start_line": 394}, "Order": {"executed_lines": [], "summary": {"covered_lines": 0, "num_statements": 0, "percent_covered": 100.0, "percent_covered_display": "100", "missing_lines": 0, "excluded_lines": 0, "percent_statements_covered": 100.0, "percent_statements_covered_display": "100"}, "missing_lines": [], "excluded_lines": [], "start_line": 415}, "OrderItem": {"executed_lines": [], "summary": {"covered_lines": 0, "num_statements": 0, "percent_covered": 100.0, "percent_covered_display": "100", "missing_lines": 0, "excluded_lines": 0, "percent_statements_covered": 100.0, "percent_statements_covered_display": "100"}, "missing_lines": [], "excluded_lines": [], "start_line": 472}, "MenuCategory": {"executed_lines": [], "summary": {"covered_lines": 0, "num_statements": 0, "percent_covered": 100.0, "percent_covered_display": "100", "missing_lines": 0, "excluded_lines": 0, "percent_statements_covered": 100.0, "percent_statements_covered_display": "100"}, "missing_lines": [], "excluded_lines": [], "start_line": 507}, "MenuItem": {"executed_lines": [], "summary": {"covered_lines": 0, "num_statements": 0, "percent_covered": 100.0, "percent_covered_display": "100", "missing_lines": 0, "excluded_lines": 0, "percent_statements_covered": 100.0, "percent_statements_covered_display": "100"}, "missing_lines": [], "excluded_lines": [], "start_line": 526}, "SumUpPayment": {"executed_lines": [], "summary": {"covered_lines": 0, "num_statements": 0, "percent_covered": 100.0, "percent_covered_display": "100", "missing_lines": 0, "excluded_lines": 0, "percent_statements_covered": 100.0, "percent_statements_covered_display": "100"}, "missing_lines": [], "excluded_lines": [], "start_line": 554}, "Voucher": {"executed_lines": [], "summary": {"covered_lines": 0, "num_statements": 0, "percent_covered": 100.0, "percent_covered_display": "100", "missing_lines": 0, "excluded_lines": 0, "percent_statements_covered": 100.0, "percent_statements_covered_display": "100"}, "missing_lines": [], "excluded_lines": [], "start_line": 597}, "VoucherUsage": {"executed_lines": [], "summary": {"covered_lines": 0, "num_statements": 0, "percent_covered": 100.0, "percent_covered_display": "100", "missing_lines": 0, "excluded_lines": 0, "percent_statements_covered": 100.0, "percent_statements_covered_display": "100"}, "missing_lines": [], "excluded_lines": [], "start_line": 637}, "UpsellPackage": {"executed_lines": [], "summary": {"covered_lines": 0, "num_statements": 0, "percent_covered": 100.0, "percent_covered_display": "100", "missing_lines": 0, "excluded_lines": 0, "percent_statements_covered": 100.0, "percent_statements_covered_display": "100"}, "missing_lines": [], "excluded_lines": [], "start_line": 656}, "ReservationPrepayment": {"executed_lines": [], "summary": {"covered_lines": 0, "num_statements": 0, "percent_covered": 100.0, "percent_covered_display": "100", "missing_lines": 0, "excluded_lines": 0, "percent_statements_covered": 100.0, "percent_statements_covered_display": "100"}, "missing_lines": [], "excluded_lines": [], "start_line": 695}, "ReservationUpsellPackage": {"executed_lines": [], "summary": {"covered_lines": 0, "num_statements": 0, "percent_covered": 100.0, "percent_covered_display": "100", "missing_lines": 0, "excluded_lines": 0, "percent_statements_covered": 100.0, "percent_statements_covered_display": "100"}, "missing_lines": [], "excluded_lines": [], "start_line": 729}, "": {"executed_lines": [1, 16, 19, 20, 22, 23, 26, 27, 28, 31, 32, 34, 35, 38, 39, 40, 41, 42, 45, 46, 48, 49, 52, 53, 56, 57, 58, 61, 62, 63, 66, 69, 70, 72, 73, 76, 77, 78, 83, 84, 86, 87, 90, 93, 94, 95, 96, 97, 98, 99, 104, 105, 107, 108, 109, 112, 113, 114, 115, 118, 119, 122, 123, 126, 131, 132, 133, 134, 138, 139, 144, 145, 147, 148, 151, 154, 155, 156, 157, 158, 159, 160, 161, 162, 164, 165, 166, 167, 168, 169, 174, 177, 179, 180, 183, 186, 189, 192, 195, 196, 197, 198, 199, 200, 201, 202, 203, 204, 205, 206, 207, 209, 210, 214, 219, 220, 222, 223, 226, 227, 228, 229, 230, 231, 232, 233, 234, 235, 236, 241, 242, 244, 245, 248, 251, 255, 256, 257, 259, 260, 262, 263, 264, 265, 267, 268, 270, 271, 272, 273, 274, 275, 276, 279, 282, 283, 286, 288, 289, 294, 295, 296, 299, 300, 301, 304, 307, 308, 311, 314, 315, 318, 319, 320, 321, 324, 325, 326, 327, 330, 331, 332, 333, 336, 339, 341, 344, 345, 346, 347, 350, 353, 354, 355, 356, 357, 358, 359, 360, 361, 364, 365, 366, 367, 370, 373, 376, 377, 378, 379, 380, 381, 384, 385, 386, 387, 390, 391, 394, 395, 396, 397, 400, 403, 404, 405, 406, 407, 408, 409, 410, 411, 412, 415, 416, 418, 419, 422, 425, 428, 432, 433, 436, 438, 439, 440, 441, 442, 443, 444, 445, 447, 448, 449, 453, 454, 456, 459, 460, 462, 466, 467, 472, 473, 475, 476, 479, 483, 484, 485, 487, 488, 489, 490, 494, 497, 499, 501, 502, 507, 508, 510, 511, 515, 516, 517, 518, 520, 521, 526, 527, 529, 530, 533, 537, 538, 539, 540, 541, 542, 543, 544, 548, 549, 554, 557, 559, 560, 563, 568, 569, 570, 573, 576, 579, 580, 581, 586, 589, 590, 591, 592, 597, 600, 602, 603, 607, 608, 609, 612, 613, 616, 617, 620, 621, 624, 627, 630, 631, 632, 637, 640, 642, 643, 646, 650, 651, 653, 656, 659, 661, 662, 666, 667, 668, 671, 672, 673, 676, 677, 680, 683, 686, 687, 689, 690, 695, 698, 700, 701, 704, 708, 709, 712, 713, 714, 717, 720, 722, 723, 726, 729, 732, 734, 735, 738, 743, 745, 747], "summary": {"covered_lines": 389, "num_statements": 389, "percent_covered": 100.0, "percent_covered_display": "100", "missing_lines": 0, "excluded_lines": 0, "percent_statements_covered": 100.0, "percent_statements_covered_display": "100"}, "missing_lines": [], "excluded_lines": [], "start_line": 1}}}, "app/dependencies.py": {"executed_lines": [1, 3, 4, 5, 7, 8, 9, 10, 11, 13, 16, 34, 48, 49, 51, 52, 58, 60, 67, 68, 75, 76, 94, 106, 110, 115, 118, 130, 134, 139, 142, 154, 167, 174, 181, 193, 198, 199, 206, 211, 212], "summary": {"covered_lines": 41, "num_statements": 81, "percent_covered": 50.617283950617285, "percent_covered_display": "51", "missing_lines": 40, "excluded_lines": 0, "percent_statements_covered": 50.617283950617285, "percent_statements_covered_display": "51"}, "missing_lines": [23, 24, 25, 26, 27, 28, 29, 30, 31, 61, 69, 77, 79, 80, 86, 87, 91, 98, 99, 103, 111, 122, 123, 127, 135, 146, 147, 148, 151, 158, 159, 160, 163, 171, 178, 183, 185, 187, 200, 213], "excluded_lines": [], "functions": {"get_session": {"executed_lines": [], "summary": {"covered_lines": 0, "num_statements": 9, "percent_covered": 0.0, "percent_covered_display": "0", "missing_lines": 9, "excluded_lines": 0, "percent_statements_covered": 0.0, "percent_statements_covered_display": "0"}, "missing_lines": [23, 24, 25, 26, 27, 28, 29, 30, 31], "excluded_lines": [], "start_line": 16}, "get_current_user": {"executed_lines": [48, 49, 51, 52, 58, 60, 67, 68, 75, 76], "summary": {"covered_lines": 10, "num_statements": 18, "percent_covered": 55.55555555555556, "percent_covered_display": "56", "missing_lines": 8, "excluded_lines": 0, "percent_statements_covered": 55.55555555555556, "percent_statements_covered_display": "56"}, "missing_lines": [61, 69, 77, 79, 80, 86, 87, 91], "excluded_lines": [], "start_line": 34}, "require_servecta_role": {"executed_lines": [], "summary": {"covered_lines": 0, "num_statements": 3, "percent_covered": 0.0, "percent_covered_display": "0", "missing_lines": 3, "excluded_lines": 0, "percent_statements_covered": 0.0, "percent_statements_covered_display": "0"}, "missing_lines": [98, 99, 103], "excluded_lines": [], "start_line": 94}, "require_restaurantinhaber_role": {"executed_lines": [110, 115], "summary": {"covered_lines": 2, "num_statements": 3, "percent_covered": 66.66666666666667, "percent_covered_display": "67", "missing_lines": 1, "excluded_lines": 0, "percent_statements_covered": 66.66666666666667, "percent_statements_covered_display": "67"}, "missing_lines": [111], "excluded_lines": [], "start_line": 106}, "require_schichtleiter_role": {"executed_lines": [], "summary": {"covered_lines": 0, "num_statements": 3, "percent_covered": 0.0, "percent_covered_display": "0", "missing_lines": 3, "excluded_lines": 0, "percent_statements_covered": 0.0, "percent_statements_covered_display": "0"}, "missing_lines": [122, 123, 127], "excluded_lines": [], "start_line": 118}, "require_mitarbeiter_role": {"executed_lines": [134, 139], "summary": {"covered_lines": 2, "num_statements": 3, "percent_covered": 66.66666666666667, "percent_covered_display": "67", "missing_lines": 1, "excluded_lines": 0, "percent_statements_covered": 66.66666666666667, "percent_statements_covered_display": "67"}, "missing_lines": [135], "excluded_lines": [], "start_line": 130}, "require_reservations_module": {"executed_lines": [198, 199], "summary": {"covered_lines": 2, "num_statements": 3, "percent_covered": 66.66666666666667, "percent_covered_display": "67", "missing_lines": 1, "excluded_lines": 0, "percent_statements_covered": 66.66666666666667, "percent_statements_covered_display": "67"}, "missing_lines": [200], "excluded_lines": [], "start_line": 193}, "require_orders_module": {"executed_lines": [211, 212], "summary": {"covered_lines": 2, "num_statements": 3, "percent_covered": 66.66666666666667, "percent_covered_display": "67", "missing_lines": 1, "excluded_lines": 0, "percent_statements_covered": 66.66666666666667, "percent_statements_covered_display": "67"}, "missing_lines": [213], "excluded_lines": [], "start_line": 206}, "require_reservations_module_with_role": {"executed_lines": [], "summary": {"covered_lines": 0, "num_statements": 1, "percent_covered": 0.0, "percent_covered_display": "0", "missing_lines": 1, "excluded_lines": 0, "percent_statements_covered": 0.0, "percent_statements_covered_display": "0"}, "missing_lines": [171], "excluded_lines": [], "start_line": 167}, "require_orders_module_with_role": {"executed_lines": [], "summary": {"covered_lines": 0, "num_statements": 1, "percent_covered": 0.0, "percent_covered_display": "0", "missing_lines": 1, "excluded_lines": 0, "percent_statements_covered": 0.0, "percent_statements_covered_display": "0"}, "missing_lines": [178], "excluded_lines": [], "start_line": 174}, "normalize_datetime_to_utc": {"executed_lines": [], "summary": {"covered_lines": 0, "num_statements": 3, "percent_covered": 0.0, "percent_covered_display": "0", "missing_lines": 3, "excluded_lines": 0, "percent_statements_covered": 0.0, "percent_statements_covered_display": "0"}, "missing_lines": [183, 185, 187], "excluded_lines": [], "start_line": 181}, "": {"executed_lines": [1, 3, 4, 5, 7, 8, 9, 10, 11, 13, 16, 34, 94, 106, 118, 130, 142, 154, 167, 174, 181, 193, 206], "summary": {"covered_lines": 23, "num_statements": 23, "percent_covered": 100.0, "percent_covered_display": "100", "missing_lines": 0, "excluded_lines": 0, "percent_statements_covered": 100.0, "percent_statements_covered_display": "100"}, "missing_lines": [], "excluded_lines": [], "start_line": 1}}, "classes": {"": {"executed_lines": [1, 3, 4, 5, 7, 8, 9, 10, 11, 13, 16, 34, 48, 49, 51, 52, 58, 60, 67, 68, 75, 76, 94, 106, 110, 115, 118, 130, 134, 139, 142, 154, 167, 174, 181, 193, 198, 199, 206, 211, 212], "summary": {"covered_lines": 41, "num_statements": 81, "percent_covered": 50.617283950617285, "percent_covered_display": "51", "missing_lines": 40, "excluded_lines": 0, "percent_statements_covered": 50.617283950617285, "percent_statements_covered_display": "51"}, "missing_lines": [23, 24, 25, 26, 27, 28, 29, 30, 31, 61, 69, 77, 79, 80, 86, 87, 91, 98, 99, 103, 111, 122, 123, 127, 135, 146, 147, 148, 151, 158, 159, 160, 163, 171, 178, 183, 185, 187, 200, 213], "excluded_lines": [], "start_line": 1}}}, "app/main.py": {"executed_lines": [1, 2, 3, 5, 6, 7, 9, 10, 21, 22, 55, 56, 69, 72, 73, 74, 77, 78, 99, 109, 112, 113, 114, 115, 116, 117, 118, 121, 131, 134, 137, 140, 143, 144, 145, 148, 149, 150, 153, 154, 155, 156, 157, 158, 159, 160, 161, 162, 163, 164, 165, 166, 167, 168, 169, 170, 171, 172, 173, 174, 175, 176, 177, 178, 179, 180, 181, 183, 184, 185, 187, 188, 191, 192, 231, 236, 237, 304], "summary": {"covered_lines": 78, "num_statements": 118, "percent_covered": 66.10169491525424, "percent_covered_display": "66", "missing_lines": 40, "excluded_lines": 0, "percent_statements_covered": 66.10169491525424, "percent_statements_covered_display": "66"}, "missing_lines": [80, 83, 84, 85, 87, 88, 91, 92, 94, 96, 194, 196, 233, 243, 245, 247, 249, 252, 253, 254, 255, 256, 257, 258, 259, 262, 275, 276, 279, 287, 293, 301, 306, 307, 309, 311, 312, 313, 314, 315], "excluded_lines": [], "functions": {"lifespan": {"executed_lines": [], "summary": {"covered_lines": 0, "num_statements": 10, "percent_covered": 0.0, "percent_covered_display": "0", "missing_lines": 10, "excluded_lines": 0, "percent_statements_covered": 0.0, "percent_statements_covered_display": "0"}, "missing_lines": [80, 83, 84, 85, 87, 88, 91, 92, 94, 96], "excluded_lines": [], "start_line": 78}, "root": {"executed_lines": [], "summary": {"covered_lines": 0, "num_statements": 2, "percent_covered": 0.0, "percent_covered_display": "0", "missing_lines": 2, "excluded_lines": 0, "percent_statements_covered": 0.0, "percent_statements_covered_display": "0"}, "missing_lines": [194, 196], "excluded_lines": [], "start_line": 192}, "_is_production_environment": {"executed_lines": [], "summary": {"covered_lines": 0, "num_statements": 1, "percent_covered": 0.0, "percent_covered_display": "0", "missing_lines": 1, "excluded_lines": 0, "percent_statements_covered": 0.0, "percent_statements_covered_display": "0"}, "missing_lines": [233], "excluded_lines": [], "start_line": 231}, "health": {"executed_lines": [], "summary": {"covered_lines": 0, "num_statements": 19, "percent_covered": 0.0, "percent_covered_display": "0", "missing_lines": 19, "excluded_lines": 0, "percent_statements_covered": 0.0, "percent_statements_covered_display": "0"}, "missing_lines": [243, 245, 247, 249, 252, 253, 254, 255, 256, 257, 258, 259, 262, 275, 276, 279, 287, 293, 301], "excluded_lines": [], "start_line": 237}, "_mask_database_url": {"executed_lines": [], "summary": {"covered_lines": 0, "num_statements": 8, "percent_covered": 0.0, "percent_covered_display": "0", "missing_lines": 8, "excluded_lines": 0, "percent_statements_covered": 0.0, "percent_statements_covered_display": "0"}, "missing_lines": [306, 307, 309, 311, 312, 313, 314, 315], "excluded_lines": [], "start_line": 304}, "": {"executed_lines": [1, 2, 3, 5, 6, 7, 9, 10, 21, 22, 55, 56, 69, 72, 73, 74, 77, 78, 99, 109, 112, 113, 114, 115, 116, 117, 118, 121, 131, 134, 137, 140, 143, 144, 145, 148, 149, 150, 153, 154, 155, 156, 157, 158, 159, 160, 161, 162, 163, 164, 165, 166, 167, 168, 169, 170, 171, 172, 173, 174, 175, 176, 177, 178, 179, 180, 181, 183, 184, 185, 187, 188, 191, 192, 231, 236, 237, 304], "summary": {"covered_lines": 78, "num_statements": 78, "percent_covered": 100.0, "percent_covered_display": "100", "missing_lines": 0, "excluded_lines": 0, "percent_statements_covered": 100.0, "percent_statements_covered_display": "100"}, "missing_lines": [], "excluded_lines": [], "start_line": 1}}, "classes": {"": {"executed_lines": [1, 2, 3, 5, 6, 7, 9, 10, 21, 22, 55, 56, 69, 72, 73, 74, 77, 78, 99, 109, 112, 113, 114, 115, 116, 117, 118, 121, 131, 134, 137, 140, 143, 144, 145, 148, 149, 150, 153, 154, 155, 156, 157, 158, 159, 160, 161, 162, 163, 164, 165, 166, 167, 168, 169, 170, 171, 172, 173, 174, 175, 176, 177, 178, 179, 180, 181, 183, 184, 185, 187, 188, 191, 192, 231, 236, 237, 304], "summary": {"covered_lines": 78, "num_statements": 118, "percent_covered": 66.10169491525424, "percent_covered_display": "66", "missing_lines": 40, "excluded_lines": 0, "percent_statements_covered": 66.10169491525424, "percent_statements_covered_display": "66"}, "missing_lines": [80, 83, 84, 85, 87, 88, 91, 92, 94, 96, 194, 196, 233, 243, 245, 247, 249, 252, 253, 254, 255, 256, 257, 258, 259, 262, 275, 276, 279, 287, 293, 301, 306, 307, 309, 311, 312, 313, 314, 315], "excluded_lines": [], "start_line": 1}}}, "app/middleware.py": {"executed_lines": [5, 6, 7, 8, 9, 10, 11, 12, 13, 15, 16, 17, 18, 20, 21, 22, 23, 24, 25, 39, 42, 43, 44, 45, 46, 49, 53, 56, 68, 78, 85, 88, 91, 92, 93, 94, 95, 96, 99, 102, 103, 105, 106, 107, 108, 109, 110, 111, 112, 113, 115, 116, 117, 118, 121, 122, 123, 124, 127, 128, 129, 130, 141, 144, 145, 146, 147, 156, 159, 160, 161, 162, 167, 178, 182, 186, 187, 189, 192, 197, 201, 204, 206, 207, 210, 213, 214, 215, 216, 219, 220, 231, 232, 233, 236, 237, 238, 239, 243, 244, 245, 246, 249, 250, 251, 253, 254, 257, 263, 268, 274, 292, 293, 313, 316, 328, 329, 330, 331, 332, 341, 343, 344, 345, 347, 368, 371, 372, 377, 380, 383, 386, 391, 395, 413, 414, 439, 441, 444, 448, 457, 459, 462, 465, 466, 467, 468, 469, 470, 471, 472, 473, 478, 479, 480, 481, 483, 492, 493, 494, 495, 496, 498, 512, 515, 518, 519, 525, 531, 533, 534, 535, 536, 539, 540, 542, 543, 544, 548, 557, 558, 559, 560, 561, 562, 564, 566, 569, 571, 574, 577, 579, 580, 582, 583, 586, 587, 588, 591, 592, 593, 594, 595, 597, 598, 600, 601, 618, 621, 624, 626, 627, 628, 629, 633, 635, 636, 638, 639, 640, 643, 644, 645, 646, 647, 648, 649, 653, 654, 655, 656, 657, 658, 659, 660, 661, 662, 663, 664, 668, 669, 670, 671, 672, 677, 678, 680, 688, 689, 707, 710, 713, 714, 715, 717, 718, 719, 720, 721, 737, 741, 743, 744, 745, 748, 750, 751, 754, 760, 765], "summary": {"covered_lines": 270, "num_statements": 362, "percent_covered": 74.58563535911603, "percent_covered_display": "75", "missing_lines": 92, "excluded_lines": 0, "percent_statements_covered": 74.58563535911603, "percent_statements_covered_display": "75"}, "missing_lines": [104, 114, 131, 132, 133, 134, 135, 136, 138, 139, 148, 149, 150, 151, 153, 154, 164, 179, 180, 188, 190, 198, 199, 208, 275, 276, 277, 278, 282, 283, 284, 285, 289, 294, 295, 296, 297, 298, 299, 303, 304, 305, 306, 310, 348, 349, 350, 352, 354, 355, 357, 358, 359, 360, 362, 363, 364, 365, 426, 460, 474, 475, 499, 500, 501, 504, 505, 507, 508, 509, 510, 511, 513, 545, 546, 565, 608, 609, 630, 631, 650, 651, 665, 666, 673, 674, 701, 702, 722, 730, 762, 767], "excluded_lines": [], "functions": {"JSONFormatter.add_fields": {"executed_lines": [43, 44, 45, 46], "summary": {"covered_lines": 4, "num_statements": 4, "percent_covered": 100.0, "percent_covered_display": "100", "missing_lines": 0, "excluded_lines": 0, "percent_statements_covered": 100.0, "percent_statements_covered_display": "100"}, "missing_lines": [], "excluded_lines": [], "start_line": 42}, "ColoredConsoleFormatter.format": {"executed_lines": [88, 91, 92, 93, 94, 95, 96, 99, 102, 103, 105, 106, 107, 108, 109, 110, 111, 112, 113, 115, 116, 117, 118, 121, 122, 123, 124, 127, 128, 129, 130, 141, 144, 145, 146, 147, 156, 159, 160, 161, 162, 167, 178, 182, 186, 187, 189, 192, 197, 201], "summary": {"covered_lines": 50, "num_statements": 73, "percent_covered": 68.4931506849315, "percent_covered_display": "68", "missing_lines": 23, "excluded_lines": 0, "percent_statements_covered": 68.4931506849315, "percent_statements_covered_display": "68"}, "missing_lines": [104, 114, 131, 132, 133, 134, 135, 136, 138, 139, 148, 149, 150, 151, 153, 154, 164, 179, 180, 188, 190, 198, 199], "excluded_lines": [], "start_line": 85}, "setup_logging": {"executed_lines": [206, 207, 210, 213, 214, 215, 216, 219, 220, 231, 232, 233, 236, 237, 238, 239, 243, 244, 245, 246, 249, 250, 251, 253, 254], "summary": {"covered_lines": 25, "num_statements": 26, "percent_covered": 96.15384615384616, "percent_covered_display": "96", "missing_lines": 1, "excluded_lines": 0, "percent_statements_covered": 96.15384615384616, "percent_statements_covered_display": "96"}, "missing_lines": [208], "excluded_lines": [], "start_line": 204}, "_prune_logs": {"executed_lines": [268, 274, 292, 293], "summary": {"covered_lines": 4, "num_statements": 24, "percent_covered": 16.666666666666668, "percent_covered_display": "17", "missing_lines": 20, "excluded_lines": 0, "percent_statements_covered": 16.666666666666668, "percent_statements_covered_display": "17"}, "missing_lines": [275, 276, 277, 278, 282, 283, 284, 285, 289, 294, 295, 296, 297, 298, 299, 303, 304, 305, 306, 310], "excluded_lines": [], "start_line": 263}, "DatePrefixedTimedRotatingFileHandler.__init__": {"executed_lines": [328, 329, 330, 331, 332, 341], "summary": {"covered_lines": 6, "num_statements": 6, "percent_covered": 100.0, "percent_covered_display": "100", "missing_lines": 0, "excluded_lines": 0, "percent_statements_covered": 100.0, "percent_statements_covered_display": "100"}, "missing_lines": [], "excluded_lines": [], "start_line": 316}, "DatePrefixedTimedRotatingFileHandler._build_filename": {"executed_lines": [344, 345], "summary": {"covered_lines": 2, "num_statements": 2, "percent_covered": 100.0, "percent_covered_display": "100", "missing_lines": 0, "excluded_lines": 0, "percent_statements_covered": 100.0, "percent_statements_covered_display": "100"}, "missing_lines": [], "excluded_lines": [], "start_line": 343}, "DatePrefixedTimedRotatingFileHandler.doRollover": {"executed_lines": [], "summary": {"covered_lines": 0, "num_statements": 14, "percent_covered": 0.0, "percent_covered_display": "0", "missing_lines": 14, "excluded_lines": 0, "percent_statements_covered": 0.0, "percent_statements_covered_display": "0"}, "missing_lines": [348, 349, 350, 352, 354, 355, 357, 358, 359, 360, 362, 363, 364, 365], "excluded_lines": [], "start_line": 347}, "SecurityHeadersMiddleware.dispatch": {"executed_lines": [372, 377, 380, 383, 386, 391, 395, 413, 414, 439, 441], "summary": {"covered_lines": 11, "num_statements": 12, "percent_covered": 91.66666666666667, "percent_covered_display": "92", "missing_lines": 1, "excluded_lines": 0, "percent_statements_covered": 91.66666666666667, "percent_statements_covered_display": "92"}, "missing_lines": [426], "excluded_lines": [], "start_line": 371}, "RequestLoggingMiddleware.dispatch": {"executed_lines": [459, 462, 465, 466, 467, 468, 469, 470, 471, 472, 473, 478, 479, 480, 481, 483, 492, 493, 494, 495, 496, 498, 512, 515, 518, 519, 525, 531, 533, 534, 535, 536, 539, 540, 542, 543, 544, 548, 557, 558, 559, 560, 561, 562, 564, 566, 569, 571], "summary": {"covered_lines": 48, "num_statements": 65, "percent_covered": 73.84615384615384, "percent_covered_display": "74", "missing_lines": 17, "excluded_lines": 0, "percent_statements_covered": 73.84615384615384, "percent_statements_covered_display": "74"}, "missing_lines": [460, 474, 475, 499, 500, 501, 504, 505, 507, 508, 509, 510, 511, 513, 545, 546, 565], "excluded_lines": [], "start_line": 457}, "ActivityLogMiddleware.dispatch": {"executed_lines": [580, 582, 583, 586, 587, 588, 591, 592, 593, 594, 595, 597, 598, 600, 601, 618], "summary": {"covered_lines": 16, "num_statements": 18, "percent_covered": 88.88888888888889, "percent_covered_display": "89", "missing_lines": 2, "excluded_lines": 0, "percent_statements_covered": 88.88888888888889, "percent_statements_covered_display": "89"}, "missing_lines": [608, 609], "excluded_lines": [], "start_line": 579}, "AuditLogMiddleware.dispatch": {"executed_lines": [627, 628, 629, 633, 635, 636, 638, 639, 640, 643, 644, 645, 646, 647, 648, 649, 653, 654, 655, 656, 657, 658, 659, 660, 661, 662, 663, 664, 668, 669, 670, 671, 672, 677, 678, 680, 688, 689, 707], "summary": {"covered_lines": 39, "num_statements": 49, "percent_covered": 79.59183673469387, "percent_covered_display": "80", "missing_lines": 10, "excluded_lines": 0, "percent_statements_covered": 79.59183673469387, "percent_statements_covered_display": "80"}, "missing_lines": [630, 631, 650, 651, 665, 666, 673, 674, 701, 702], "excluded_lines": [], "start_line": 626}, "RequestTimeoutMiddleware.__init__": {"executed_lines": [714, 715], "summary": {"covered_lines": 2, "num_statements": 2, "percent_covered": 100.0, "percent_covered_display": "100", "missing_lines": 0, "excluded_lines": 0, "percent_statements_covered": 100.0, "percent_statements_covered_display": "100"}, "missing_lines": [], "excluded_lines": [], "start_line": 713}, "RequestTimeoutMiddleware.dispatch": {"executed_lines": [718, 719, 720, 721], "summary": {"covered_lines": 4, "num_statements": 6, "percent_covered": 66.66666666666667, "percent_covered_display": "67", "missing_lines": 2, "excluded_lines": 0, "percent_statements_covered": 66.66666666666667, "percent_statements_covered_display": "67"}, "missing_lines": [722, 730], "excluded_lines": [], "start_line": 717}, "HostValidationMiddleware.dispatch": {"executed_lines": [744, 745, 748, 750, 751, 754], "summary": {"covered_lines": 6, "num_statements": 6, "percent_covered": 100.0, "percent_covered_display": "100", "missing_lines": 0, "excluded_lines": 0, "percent_statements_covered": 100.0, "percent_statements_covered_display": "100"}, "missing_lines": [], "excluded_lines": [], "start_line": 743}, "log_startup": {"executed_lines": [], "summary": {"covered_lines": 0, "num_statements": 1, "percent_covered": 0.0, "percent_covered_display": "0", "missing_lines": 1, "excluded_lines": 0, "percent_statements_covered": 0.0, "percent_statements_covered_display": "0"}, "missing_lines": [762], "excluded_lines": [], "start_line": 760}, "log_shutdown": {"executed_lines": [], "summary": {"covered_lines": 0, "num_statements": 1, "percent_covered": 0.0, "percent_covered_display": "0", "missing_lines": 1, "excluded_lines": 0, "percent_statements_covered": 0.0, "percent_statements_covered_display": "0"}, "missing_lines": [767], "excluded_lines": [], "start_line": 765}, "": {"executed_lines": [5, 6, 7, 8, 9, 10, 11, 12, 13, 15, 16, 17, 18, 20, 21, 22, 23, 24, 25, 39, 42, 49, 53, 56, 68, 78, 85, 204, 257, 263, 313, 316, 343, 347, 368, 371, 444, 448, 457, 574, 577, 579, 621, 624, 626, 710, 713, 717, 737, 741, 743, 760, 765], "summary": {"covered_lines": 53, "num_statements": 53, "percent_covered": 100.0, "percent_covered_display": "100", "missing_lines": 0, "excluded_lines": 0, "percent_statements_covered": 100.0, "percent_statements_covered_display": "100"}, "missing_lines": [], "excluded_lines": [], "start_line": 1}}, "classes": {"JSONFormatter": {"executed_lines": [43, 44, 45, 46], "summary": {"covered_lines": 4, "num_statements": 4, "percent_covered": 100.0, "percent_covered_display": "100", "missing_lines": 0, "excluded_lines": 0, "percent_statements_covered": 100.0, "percent_statements_covered_display": "100"}, "missing_lines": [], "excluded_lines": [], "start_line": 39}, "ColoredConsoleFormatter": {"executed_lines": [88, 91, 92, 93, 94, 95, 96, 99, 102, 103, 105, 106, 107, 108, 109, 110, 111, 112, 113, 115, 116, 117, 118, 121, 122, 123, 124, 127, 128, 129, 130, 141, 144, 145, 146, 147, 156, 159, 160, 161, 162, 167, 178, 182, 186, 187, 189, 192, 197, 201], "summary": {"covered_lines": 50, "num_statements": 73, "percent_covered": 68.4931506849315, "percent_covered_display": "68", "missing_lines": 23, "excluded_lines": 0, "percent_statements_covered": 68.4931506849315, "percent_statements_covered_display": "68"}, "missing_lines": [104, 114, 131, 132, 133, 134, 135, 136, 138, 139, 148, 149, 150, 151, 153, 154, 164, 179, 180, 188, 190, 198, 199], "excluded_lines": [], "start_line": 49}, "DatePrefixedTimedRotatingFileHandler": {"executed_lines": [328, 329, 330, 331, 332, 341, 344, 345], "summary": {"covered_lines": 8, "num_statements": 22, "percent_covered": 36.36363636363637, "percent_covered_display": "36", "missing_lines": 14, "excluded_lines": 0, "percent_statements_covered": 36.36363636363637, "percent_statements_covered_display": "36"}, "missing_lines": [348, 349, 350, 352, 354, 355, 357, 358, 359, 360, 362, 363, 364, 365], "excluded_lines": [], "start_line": 313}, "SecurityHeadersMiddleware": {"executed_lines": [372, 377, 380, 383, 386, 391, 395, 413, 414, 439, 441], "summary": {"covered_lines": 11, "num_statements": 12, "percent_covered": 91.66666666666667, "percent_covered_display": "92", "missing_lines": 1, "excluded_lines": 0, "percent_statements_covered": 91.66666666666667, "percent_statements_covered_display": "92"}, "missing_lines": [426], "excluded_lines": [], "start_line": 368}, "RequestLoggingMiddleware": {"executed_lines": [459, 462, 465, 466, 467, 468, 469, 470, 471, 472, 473, 478, 479, 480, 481, 483, 492, 493, 494, 495, 496, 498, 512, 515, 518, 519, 525, 531, 533, 534, 535, 536, 539, 540, 542, 543, 544, 548, 557, 558, 559, 560, 561, 562, 564, 566, 569, 571], "summary": {"covered_lines": 48, "num_statements": 65, "percent_covered": 73.84615384615384, "percent_covered_display": "74", "missing_lines": 17, "excluded_lines": 0, "percent_statements_covered": 73.84615384615384, "percent_statements_covered_display": "74"}, "missing_lines": [460, 474, 475, 499, 500, 501, 504, 505, 507, 508, 509, 510, 511, 513, 545, 546, 565], "excluded_lines": [], "start_line": 444}, "ActivityLogMiddleware": {"executed_lines": [580, 582, 583, 586, 587, 588, 591, 592, 593, 594, 595, 597, 598, 600, 601, 618], "summary": {"covered_lines": 16, "num_statements": 18, "percent_covered": 88.88888888888889, "percent_covered_display": "89", "missing_lines": 2, "excluded_lines": 0, "percent_statements_covered": 88.88888888888889, "percent_statements_covered_display": "89"}, "missing_lines": [608, 609], "excluded_lines": [], "start_line": 574}, "AuditLogMiddleware": {"executed_lines": [627, 628, 629, 633, 635, 636, 638, 639, 640, 643, 644, 645, 646, 647, 648, 649, 653, 654, 655, 656, 657, 658, 659, 660, 661, 662, 663, 664, 668, 669, 670, 671, 672, 677, 678, 680, 688, 689, 707], "summary": {"covered_lines": 39, "num_statements": 49, "percent_covered": 79.59183673469387, "percent_covered_display": "80", "missing_lines": 10, "excluded_lines": 0, "percent_statements_covered": 79.59183673469387, "percent_statements_covered_display": "80"}, "missing_lines": [630, 631, 650, 651, 665, 666, 673, 674, 701, 702], "excluded_lines": [], "start_line": 621}, "RequestTimeoutMiddleware": {"executed_lines": [714, 715, 718, 719, 720, 721], "summary": {"covered_lines": 6, "num_statements": 8, "percent_covered": 75.0, "percent_covered_display": "75", "missing_lines": 2, "excluded_lines": 0, "percent_statements_covered": 75.0, "percent_statements_covered_display": "75"}, "missing_lines": [722, 730], "excluded_lines": [], "start_line": 710}, "HostValidationMiddleware": {"executed_lines": [744, 745, 748, 750, 751, 754], "summary": {"covered_lines": 6, "num_statements": 6, "percent_covered": 100.0, "percent_covered_display": "100", "missing_lines": 0, "excluded_lines": 0, "percent_statements_covered": 100.0, "percent_statements_covered_display": "100"}, "missing_lines": [], "excluded_lines": [], "start_line": 737}, "": {"executed_lines": [5, 6, 7, 8, 9, 10, 11, 12, 13, 15, 16, 17, 18, 20, 21, 22, 23, 24, 25, 39, 42, 49, 53, 56, 68, 78, 85, 204, 206, 207, 210, 213, 214, 215, 216, 219, 220, 231, 232, 233, 236, 237, 238, 239, 243, 244, 245, 246, 249, 250, 251, 253, 254, 257, 263, 268, 274, 292, 293, 313, 316, 343, 347, 368, 371, 444, 448, 457, 574, 577, 579, 621, 624, 626, 710, 713, 717, 737, 741, 743, 760, 765], "summary": {"covered_lines": 82, "num_statements": 105, "percent_covered": 78.0952380952381, "percent_covered_display": "78", "missing_lines": 23, "excluded_lines": 0, "percent_statements_covered": 78.0952380952381, "percent_statements_covered_display": "78"}, "missing_lines": [208, 275, 276, 277, 278, 282, 283, 284, 285, 289, 294, 295, 296, 297, 298, 299, 303, 304, 305, 306, 310, 762, 767], "excluded_lines": [], "start_line": 1}}}, "app/rate_limiter.py": {"executed_lines": [6, 8, 9, 10, 11, 12, 14, 16, 19, 20, 26, 43, 48, 49, 61, 67, 72, 74, 77, 80, 83], "summary": {"covered_lines": 21, "num_statements": 42, "percent_covered": 50.0, "percent_covered_display": "50", "missing_lines": 21, "excluded_lines": 0, "percent_statements_covered": 50.0, "percent_statements_covered_display": "50"}, "missing_lines": [28, 29, 30, 32, 33, 35, 50, 53, 69, 75, 78, 81, 84, 88, 89, 91, 92, 94, 95, 97, 98], "excluded_lines": [], "functions": {"setup_rate_limiting": {"executed_lines": [48, 49, 61], "summary": {"covered_lines": 3, "num_statements": 3, "percent_covered": 100.0, "percent_covered_display": "100", "missing_lines": 0, "excluded_lines": 0, "percent_statements_covered": 100.0, "percent_statements_covered_display": "100"}, "missing_lines": [], "excluded_lines": [], "start_line": 43}, "setup_rate_limiting.rate_limit_exceeded_handler": {"executed_lines": [], "summary": {"covered_lines": 0, "num_statements": 2, "percent_covered": 0.0, "percent_covered_display": "0", "missing_lines": 2, "excluded_lines": 0, "percent_statements_covered": 0.0, "percent_statements_covered_display": "0"}, "missing_lines": [50, 53], "excluded_lines": [], "start_line": 49}, "_no_op_decorator": {"executed_lines": [], "summary": {"covered_lines": 0, "num_statements": 1, "percent_covered": 0.0, "percent_covered_display": "0", "missing_lines": 1, "excluded_lines": 0, "percent_statements_covered": 0.0, "percent_statements_covered_display": "0"}, "missing_lines": [69], "excluded_lines": [], "start_line": 67}, "rate_limit_strict": {"executed_lines": [], "summary": {"covered_lines": 0, "num_statements": 1, "percent_covered": 0.0, "percent_covered_display": "0", "missing_lines": 1, "excluded_lines": 0, "percent_statements_covered": 0.0, "percent_statements_covered_display": "0"}, "missing_lines": [75], "excluded_lines": [], "start_line": 74}, "rate_limit_moderate": {"executed_lines": [], "summary": {"covered_lines": 0, "num_statements": 1, "percent_covered": 0.0, "percent_covered_display": "0", "missing_lines": 1, "excluded_lines": 0, "percent_statements_covered": 0.0, "percent_statements_covered_display": "0"}, "missing_lines": [78], "excluded_lines": [], "start_line": 77}, "rate_limit_generous": {"executed_lines": [], "summary": {"covered_lines": 0, "num_statements": 1, "percent_covered": 0.0, "percent_covered_display": "0", "missing_lines": 1, "excluded_lines": 0, "percent_statements_covered": 0.0, "percent_statements_covered_display": "0"}, "missing_lines": [81], "excluded_lines": [], "start_line": 80}, "rate_limit_public": {"executed_lines": [], "summary": {"covered_lines": 0, "num_statements": 1, "percent_covered": 0.0, "percent_covered_display": "0", "missing_lines": 1, "excluded_lines": 0, "percent_statements_covered": 0.0, "percent_statements_covered_display": "0"}, "missing_lines": [84], "excluded_lines": [], "start_line": 83}, "": {"executed_lines": [6, 8, 9, 10, 11, 12, 14, 16, 19, 20, 26, 43, 67, 72, 74, 77, 80, 83], "summary": {"covered_lines": 18, "num_statements": 32, "percent_covered": 56.25, "percent_covered_display": "56", "missing_lines": 14, "excluded_lines": 0, "percent_statements_covered": 56.25, "percent_statements_covered_display": "56"}, "missing_lines": [28, 29, 30, 32, 33, 35, 88, 89, 91, 92, 94, 95, 97, 98], "excluded_lines": [], "start_line": 1}}, "classes": {"": {"executed_lines": [6, 8, 9, 10, 11, 12, 14, 16, 19, 20, 26, 43, 48, 49, 61, 67, 72, 74, 77, 80, 83], "summary": {"covered_lines": 21, "num_statements": 42, "percent_covered": 50.0, "percent_covered_display": "50", "missing_lines": 21, "excluded_lines": 0, "percent_statements_covered": 50.0, "percent_statements_covered_display": "50"}, "missing_lines": [28, 29, 30, 32, 33, 35, 50, 53, 69, 75, 78, 81, 84, 88, 89, 91, 92, 94, 95, 97, 98], "excluded_lines": [], "start_line": 1}}}, "app/routers/__init__.py": {"executed_lines": [], "summary": {"covered_lines": 0, "num_statements": 0, "percent_covered": 100.0, "percent_covered_display": "100", "missing_lines": 0, "excluded_lines": 0, "percent_statements_covered": 100.0, "percent_statements_covered_display": "100"}, "missing_lines": [], "excluded_lines": [], "functions": {"": {"executed_lines": [], "summary": {"covered_lines": 0, "num_statements": 0, "percent_covered": 100.0, "percent_covered_display": "100", "missing_lines": 0, "excluded_lines": 0, "percent_statements_covered": 100.0, "percent_statements_covered_display": "100"}, "missing_lines": [], "excluded_lines": [], "start_line": 1}}, "classes": {"": {"executed_lines": [], "summary": {"covered_lines": 0, "num_statements": 0, "percent_covered": 100.0, "percent_covered_display": "100", "missing_lines": 0, "excluded_lines": 0, "percent_statements_covered": 100.0, "percent_statements_covered_display": "100"}, "missing_lines": [], "excluded_lines": [], "start_line": 1}}}, "app/routers/ai.py": {"executed_lines": [8, 9, 11, 12, 13, 14, 16, 24, 25, 27, 29, 35, 38, 41, 44, 45, 46, 49, 58, 59, 201, 202], "summary": {"covered_lines": 22, "num_statements": 60, "percent_covered": 36.666666666666664, "percent_covered_display": "37", "missing_lines": 38, "excluded_lines": 0, "percent_statements_covered": 36.666666666666664, "percent_statements_covered_display": "37"}, "missing_lines": [51, 52, 53, 54, 55, 83, 84, 91, 94, 95, 96, 99, 107, 110, 120, 123, 131, 134, 135, 136, 137, 139, 144, 147, 148, 155, 156, 166, 167, 174, 175, 176, 179, 186, 192, 194, 212, 214], "excluded_lines": [], "functions": {"_get_restaurant_or_404": {"executed_lines": [], "summary": {"covered_lines": 0, "num_statements": 5, "percent_covered": 0.0, "percent_covered_display": "0", "missing_lines": 5, "excluded_lines": 0, "percent_statements_covered": 0.0, "percent_statements_covered_display": "0"}, "missing_lines": [51, 52, 53, 54, 55], "excluded_lines": [], "start_line": 49}, "suggest_table": {"executed_lines": [], "summary": {"covered_lines": 0, "num_statements": 28, "percent_covered": 0.0, "percent_covered_display": "0", "missing_lines": 28, "excluded_lines": 0, "percent_statements_covered": 0.0, "percent_statements_covered_display": "0"}, "missing_lines": [83, 84, 91, 94, 95, 96, 99, 107, 110, 120, 123, 131, 134, 135, 136, 137, 139, 144, 147, 155, 166, 174, 175, 176, 179, 186, 192, 194], "excluded_lines": [], "start_line": 59}, "suggest_table.table_to_dict": {"executed_lines": [], "summary": {"covered_lines": 0, "num_statements": 1, "percent_covered": 0.0, "percent_covered_display": "0", "missing_lines": 1, "excluded_lines": 0, "percent_statements_covered": 0.0, "percent_statements_covered_display": "0"}, "missing_lines": [148], "excluded_lines": [], "start_line": 147}, "suggest_table.reservation_to_dict": {"executed_lines": [], "summary": {"covered_lines": 0, "num_statements": 1, "percent_covered": 0.0, "percent_covered_display": "0", "missing_lines": 1, "excluded_lines": 0, "percent_statements_covered": 0.0, "percent_statements_covered_display": "0"}, "missing_lines": [156], "excluded_lines": [], "start_line": 155}, "suggest_table.order_to_dict": {"executed_lines": [], "summary": {"covered_lines": 0, "num_statements": 1, "percent_covered": 0.0, "percent_covered_display": "0", "missing_lines": 1, "excluded_lines": 0, "percent_statements_covered": 0.0, "percent_statements_covered_display": "0"}, "missing_lines": [167], "excluded_lines": [], "start_line": 166}, "get_ai_status": {"executed_lines": [], "summary": {"covered_lines": 0, "num_statements": 2, "percent_covered": 0.0, "percent_covered_display": "0", "missing_lines": 2, "excluded_lines": 0, "percent_statements_covered": 0.0, "percent_statements_covered_display": "0"}, "missing_lines": [212, 214], "excluded_lines": [], "start_line": 202}, "": {"executed_lines": [8, 9, 11, 12, 13, 14, 16, 24, 25, 27, 29, 35, 38, 41, 44, 45, 46, 49, 58, 59, 201, 202], "summary": {"covered_lines": 22, "num_statements": 22, "percent_covered": 100.0, "percent_covered_display": "100", "missing_lines": 0, "excluded_lines": 0, "percent_statements_covered": 100.0, "percent_statements_covered_display": "100"}, "missing_lines": [], "excluded_lines": [], "start_line": 1}}, "classes": {"SuggestTableRequest": {"executed_lines": [], "summary": {"covered_lines": 0, "num_statements": 0, "percent_covered": 100.0, "percent_covered_display": "100", "missing_lines": 0, "excluded_lines": 0, "percent_statements_covered": 100.0, "percent_statements_covered_display": "100"}, "missing_lines": [], "excluded_lines": [], "start_line": 35}, "SuggestTableResponse": {"executed_lines": [], "summary": {"covered_lines": 0, "num_statements": 0, "percent_covered": 100.0, "percent_covered_display": "100", "missing_lines": 0, "excluded_lines": 0, "percent_statements_covered": 100.0, "percent_statements_covered_display": "100"}, "missing_lines": [], "excluded_lines": [], "start_line": 41}, "": {"executed_lines": [8, 9, 11, 12, 13, 14, 16, 24, 25, 27, 29, 35, 38, 41, 44, 45, 46, 49, 58, 59, 201, 202], "summary": {"covered_lines": 22, "num_statements": 60, "percent_covered": 36.666666666666664, "percent_covered_display": "37", "missing_lines": 38, "excluded_lines": 0, "percent_statements_covered": 36.666666666666664, "percent_statements_covered_display": "37"}, "missing_lines": [51, 52, 53, 54, 55, 83, 84, 91, 94, 95, 96, 99, 107, 110, 120, 123, 131, 134, 135, 136, 137, 139, 144, 147, 148, 155, 156, 166, 167, 174, 175, 176, 179, 186, 192, 194, 212, 214], "excluded_lines": [], "start_line": 1}}}, "app/routers/areas.py": {"executed_lines": [1, 2, 3, 4, 6, 16, 17, 19, 22, 29, 36, 37, 55, 56, 66, 67, 87, 88], "summary": {"covered_lines": 18, "num_statements": 73, "percent_covered": 24.65753424657534, "percent_covered_display": "25", "missing_lines": 55, "excluded_lines": 0, "percent_statements_covered": 24.65753424657534, "percent_statements_covered_display": "25"}, "missing_lines": [23, 24, 25, 26, 30, 31, 32, 33, 43, 44, 45, 46, 47, 48, 49, 50, 51, 52, 61, 62, 63, 74, 75, 76, 77, 78, 79, 80, 81, 82, 83, 84, 94, 95, 96, 97, 103, 104, 105, 108, 109, 110, 115, 118, 121, 124, 125, 126, 127, 128, 129, 130, 131, 132, 133], "excluded_lines": [], "functions": {"_get_restaurant_or_404": {"executed_lines": [], "summary": {"covered_lines": 0, "num_statements": 4, "percent_covered": 0.0, "percent_covered_display": "0", "missing_lines": 4, "excluded_lines": 0, "percent_statements_covered": 0.0, "percent_statements_covered_display": "0"}, "missing_lines": [23, 24, 25, 26], "excluded_lines": [], "start_line": 22}, "_get_area_or_404": {"executed_lines": [], "summary": {"covered_lines": 0, "num_statements": 4, "percent_covered": 0.0, "percent_covered_display": "0", "missing_lines": 4, "excluded_lines": 0, "percent_statements_covered": 0.0, "percent_statements_covered_display": "0"}, "missing_lines": [30, 31, 32, 33], "excluded_lines": [], "start_line": 29}, "create_area": {"executed_lines": [], "summary": {"covered_lines": 0, "num_statements": 10, "percent_covered": 0.0, "percent_covered_display": "0", "missing_lines": 10, "excluded_lines": 0, "percent_statements_covered": 0.0, "percent_statements_covered_display": "0"}, "missing_lines": [43, 44, 45, 46, 47, 48, 49, 50, 51, 52], "excluded_lines": [], "start_line": 37}, "list_areas": {"executed_lines": [], "summary": {"covered_lines": 0, "num_statements": 3, "percent_covered": 0.0, "percent_covered_display": "0", "missing_lines": 3, "excluded_lines": 0, "percent_statements_covered": 0.0, "percent_statements_covered_display": "0"}, "missing_lines": [61, 62, 63], "excluded_lines": [], "start_line": 56}, "update_area": {"executed_lines": [], "summary": {"covered_lines": 0, "num_statements": 11, "percent_covered": 0.0, "percent_covered_display": "0", "missing_lines": 11, "excluded_lines": 0, "percent_statements_covered": 0.0, "percent_statements_covered_display": "0"}, "missing_lines": [74, 75, 76, 77, 78, 79, 80, 81, 82, 83, 84], "excluded_lines": [], "start_line": 67}, "delete_area": {"executed_lines": [], "summary": {"covered_lines": 0, "num_statements": 23, "percent_covered": 0.0, "percent_covered_display": "0", "missing_lines": 23, "excluded_lines": 0, "percent_statements_covered": 0.0, "percent_statements_covered_display": "0"}, "missing_lines": [94, 95, 96, 97, 103, 104, 105, 108, 109, 110, 115, 118, 121, 124, 125, 126, 127, 128, 129, 130, 131, 132, 133], "excluded_lines": [], "start_line": 88}, "": {"executed_lines": [1, 2, 3, 4, 6, 16, 17, 19, 22, 29, 36, 37, 55, 56, 66, 67, 87, 88], "summary": {"covered_lines": 18, "num_statements": 18, "percent_covered": 100.0, "percent_covered_display": "100", "missing_lines": 0, "excluded_lines": 0, "percent_statements_covered": 100.0, "percent_statements_covered_display": "100"}, "missing_lines": [], "excluded_lines": [], "start_line": 1}}, "classes": {"": {"executed_lines": [1, 2, 3, 4, 6, 16, 17, 19, 22, 29, 36, 37, 55, 56, 66, 67, 87, 88], "summary": {"covered_lines": 18, "num_statements": 73, "percent_covered": 24.65753424657534, "percent_covered_display": "25", "missing_lines": 55, "excluded_lines": 0, "percent_statements_covered": 24.65753424657534, "percent_statements_covered_display": "25"}, "missing_lines": [23, 24, 25, 26, 30, 31, 32, 33, 43, 44, 45, 46, 47, 48, 49, 50, 51, 52, 61, 62, 63, 74, 75, 76, 77, 78, 79, 80, 81, 82, 83, 84, 94, 95, 96, 97, 103, 104, 105, 108, 109, 110, 115, 118, 121, 124, 125, 126, 127, 128, 129, 130, 131, 132, 133], "excluded_lines": [], "start_line": 1}}}, "app/routers/audit_logs.py": {"executed_lines": [1, 2, 3, 5, 6, 7, 9, 12, 19, 20], "summary": {"covered_lines": 10, "num_statements": 27, "percent_covered": 37.03703703703704, "percent_covered_display": "37", "missing_lines": 17, "excluded_lines": 0, "percent_statements_covered": 37.03703703703704, "percent_statements_covered_display": "37"}, "missing_lines": [13, 14, 15, 16, 32, 34, 36, 37, 38, 39, 40, 41, 42, 43, 45, 46, 47], "excluded_lines": [], "functions": {"_get_restaurant_or_404": {"executed_lines": [], "summary": {"covered_lines": 0, "num_statements": 4, "percent_covered": 0.0, "percent_covered_display": "0", "missing_lines": 4, "excluded_lines": 0, "percent_statements_covered": 0.0, "percent_statements_covered_display": "0"}, "missing_lines": [13, 14, 15, 16], "excluded_lines": [], "start_line": 12}, "list_audit_logs": {"executed_lines": [], "summary": {"covered_lines": 0, "num_statements": 13, "percent_covered": 0.0, "percent_covered_display": "0", "missing_lines": 13, "excluded_lines": 0, "percent_statements_covered": 0.0, "percent_statements_covered_display": "0"}, "missing_lines": [32, 34, 36, 37, 38, 39, 40, 41, 42, 43, 45, 46, 47], "excluded_lines": [], "start_line": 20}, "": {"executed_lines": [1, 2, 3, 5, 6, 7, 9, 12, 19, 20], "summary": {"covered_lines": 10, "num_statements": 10, "percent_covered": 100.0, "percent_covered_display": "100", "missing_lines": 0, "excluded_lines": 0, "percent_statements_covered": 100.0, "percent_statements_covered_display": "100"}, "missing_lines": [], "excluded_lines": [], "start_line": 1}}, "classes": {"": {"executed_lines": [1, 2, 3, 5, 6, 7, 9, 12, 19, 20], "summary": {"covered_lines": 10, "num_statements": 27, "percent_covered": 37.03703703703704, "percent_covered_display": "37", "missing_lines": 17, "excluded_lines": 0, "percent_statements_covered": 37.03703703703704, "percent_statements_covered_display": "37"}, "missing_lines": [13, 14, 15, 16, 32, 34, 36, 37, 38, 39, 40, 41, 42, 43, 45, 46, 47], "excluded_lines": [], "start_line": 1}}}, "app/routers/auth.py": {"executed_lines": [1, 3, 4, 5, 7, 15, 16, 21, 30, 34, 36, 39, 42, 43, 51, 111, 112, 114, 161, 162, 164, 167, 168, 198, 199, 204, 205, 206, 212, 213, 220, 221, 222, 308, 309, 315, 325, 326, 334, 385, 386, 394, 395, 399, 406, 407, 429, 443, 454, 457, 458, 460, 466, 467, 474, 475, 479, 486, 492, 493], "summary": {"covered_lines": 60, "num_statements": 176, "percent_covered": 34.09090909090909, "percent_covered_display": "34", "missing_lines": 116, "excluded_lines": 0, "percent_statements_covered": 34.09090909090909, "percent_statements_covered_display": "34"}, "missing_lines": [54, 56, 57, 61, 62, 66, 67, 70, 72, 80, 83, 84, 85, 89, 90, 97, 100, 101, 103, 115, 117, 118, 120, 121, 124, 126, 134, 137, 138, 139, 143, 144, 151, 153, 182, 183, 184, 187, 188, 189, 190, 193, 195, 214, 225, 226, 227, 233, 234, 235, 240, 241, 247, 250, 252, 253, 254, 255, 259, 262, 265, 268, 270, 271, 272, 273, 277, 278, 280, 289, 298, 300, 316, 319, 320, 322, 337, 338, 339, 344, 345, 351, 352, 358, 359, 362, 363, 364, 368, 378, 379, 380, 382, 396, 400, 409, 411, 412, 417, 422, 423, 424, 430, 431, 436, 437, 444, 447, 448, 449, 455, 461, 463, 476, 480, 487], "excluded_lines": [], "functions": {"login": {"executed_lines": [51], "summary": {"covered_lines": 1, "num_statements": 20, "percent_covered": 5.0, "percent_covered_display": "5", "missing_lines": 19, "excluded_lines": 0, "percent_statements_covered": 5.0, "percent_statements_covered_display": "5"}, "missing_lines": [54, 56, 57, 61, 62, 66, 67, 70, 72, 80, 83, 84, 85, 89, 90, 97, 100, 101, 103], "excluded_lines": [], "start_line": 43}, "login_nfc": {"executed_lines": [114], "summary": {"covered_lines": 1, "num_statements": 16, "percent_covered": 6.25, "percent_covered_display": "6", "missing_lines": 15, "excluded_lines": 0, "percent_statements_covered": 6.25, "percent_statements_covered_display": "6"}, "missing_lines": [115, 117, 118, 120, 121, 124, 126, 134, 137, 138, 139, 143, 144, 151, 153], "excluded_lines": [], "start_line": 112}, "get_current_user_info": {"executed_lines": [164], "summary": {"covered_lines": 1, "num_statements": 1, "percent_covered": 100.0, "percent_covered_display": "100", "missing_lines": 0, "excluded_lines": 0, "percent_statements_covered": 100.0, "percent_statements_covered_display": "100"}, "missing_lines": [], "excluded_lines": [], "start_line": 162}, "logout": {"executed_lines": [], "summary": {"covered_lines": 0, "num_statements": 9, "percent_covered": 0.0, "percent_covered_display": "0", "missing_lines": 9, "excluded_lines": 0, "percent_statements_covered": 0.0, "percent_statements_covered_display": "0"}, "missing_lines": [182, 183, 184, 187, 188, 189, 190, 193, 195], "excluded_lines": [], "start_line": 168}, "refresh_tokens": {"executed_lines": [204, 205, 206, 212, 213, 220, 221, 222], "summary": {"covered_lines": 8, "num_statements": 37, "percent_covered": 21.62162162162162, "percent_covered_display": "22", "missing_lines": 29, "excluded_lines": 0, "percent_statements_covered": 21.62162162162162, "percent_statements_covered_display": "22"}, "missing_lines": [214, 225, 226, 227, 233, 234, 235, 240, 241, 247, 250, 252, 253, 254, 255, 259, 262, 265, 268, 270, 271, 272, 273, 277, 278, 280, 289, 298, 300], "excluded_lines": [], "start_line": 199}, "list_operators": {"executed_lines": [315], "summary": {"covered_lines": 1, "num_statements": 5, "percent_covered": 20.0, "percent_covered_display": "20", "missing_lines": 4, "excluded_lines": 0, "percent_statements_covered": 20.0, "percent_statements_covered_display": "20"}, "missing_lines": [316, 319, 320, 322], "excluded_lines": [], "start_line": 309}, "create_operator": {"executed_lines": [334], "summary": {"covered_lines": 1, "num_statements": 18, "percent_covered": 5.555555555555555, "percent_covered_display": "6", "missing_lines": 17, "excluded_lines": 0, "percent_statements_covered": 5.555555555555555, "percent_statements_covered_display": "6"}, "missing_lines": [337, 338, 339, 344, 345, 351, 352, 358, 359, 362, 363, 364, 368, 378, 379, 380, 382], "excluded_lines": [], "start_line": 326}, "update_operator": {"executed_lines": [394, 395, 399, 406, 407, 429, 443, 454, 457, 458, 460], "summary": {"covered_lines": 11, "num_statements": 31, "percent_covered": 35.483870967741936, "percent_covered_display": "35", "missing_lines": 20, "excluded_lines": 0, "percent_statements_covered": 35.483870967741936, "percent_statements_covered_display": "35"}, "missing_lines": [396, 400, 409, 411, 412, 417, 422, 423, 424, 430, 431, 436, 437, 444, 447, 448, 449, 455, 461, 463], "excluded_lines": [], "start_line": 386}, "delete_operator": {"executed_lines": [474, 475, 479, 486, 492, 493], "summary": {"covered_lines": 6, "num_statements": 9, "percent_covered": 66.66666666666667, "percent_covered_display": "67", "missing_lines": 3, "excluded_lines": 0, "percent_statements_covered": 66.66666666666667, "percent_statements_covered_display": "67"}, "missing_lines": [476, 480, 487], "excluded_lines": [], "start_line": 467}, "": {"executed_lines": [1, 3, 4, 5, 7, 15, 16, 21, 30, 34, 36, 39, 42, 43, 111, 112, 161, 162, 167, 168, 198, 199, 308, 309, 325, 326, 385, 386, 466, 467], "summary": {"covered_lines": 30, "num_statements": 30, "percent_covered": 100.0, "percent_covered_display": "100", "missing_lines": 0, "excluded_lines": 0, "percent_statements_covered": 100.0, "percent_statements_covered_display": "100"}, "missing_lines": [], "excluded_lines": [], "start_line": 1}}, "classes": {"": {"executed_lines": [1, 3, 4, 5, 7, 15, 16, 21, 30, 34, 36, 39, 42, 43, 51, 111, 112, 114, 161, 162, 164, 167, 168, 198, 199, 204, 205, 206, 212, 213, 220, 221, 222, 308, 309, 315, 325, 326, 334, 385, 386, 394, 395, 399, 406, 407, 429, 443, 454, 457, 458, 460, 466, 467, 474, 475, 479, 486, 492, 493], "summary": {"covered_lines": 60, "num_statements": 176, "percent_covered": 34.09090909090909, "percent_covered_display": "34", "missing_lines": 116, "excluded_lines": 0, "percent_statements_covered": 34.09090909090909, "percent_statements_covered_display": "34"}, "missing_lines": [54, 56, 57, 61, 62, 66, 67, 70, 72, 80, 83, 84, 85, 89, 90, 97, 100, 101, 103, 115, 117, 118, 120, 121, 124, 126, 134, 137, 138, 139, 143, 144, 151, 153, 182, 183, 184, 187, 188, 189, 190, 193, 195, 214, 225, 226, 227, 233, 234, 235, 240, 241, 247, 250, 252, 253, 254, 255, 259, 262, 265, 268, 270, 271, 272, 273, 277, 278, 280, 289, 298, 300, 316, 319, 320, 322, 337, 338, 339, 344, 345, 351, 352, 358, 359, 362, 363, 364, 368, 378, 379, 380, 382, 396, 400, 409, 411, 412, 417, 422, 423, 424, 430, 431, 436, 437, 444, 447, 448, 449, 455, 461, 463, 476, 480, 487], "excluded_lines": [], "start_line": 1}}}, "app/routers/block_assignments.py": {"executed_lines": [1, 2, 3, 4, 6, 7, 8, 10, 15, 22, 29, 30, 60, 61, 75, 76, 90, 91, 113, 114], "summary": {"covered_lines": 20, "num_statements": 72, "percent_covered": 27.77777777777778, "percent_covered_display": "28", "missing_lines": 52, "excluded_lines": 0, "percent_statements_covered": 27.77777777777778, "percent_statements_covered_display": "28"}, "missing_lines": [16, 17, 18, 19, 23, 24, 25, 26, 36, 37, 39, 40, 41, 43, 47, 49, 50, 51, 52, 53, 54, 55, 66, 67, 72, 82, 83, 84, 87, 97, 98, 99, 100, 102, 110, 120, 121, 122, 123, 127, 128, 129, 133, 134, 135, 136, 137, 138, 139, 140, 141, 142], "excluded_lines": [], "functions": {"_get_restaurant_or_404": {"executed_lines": [], "summary": {"covered_lines": 0, "num_statements": 4, "percent_covered": 0.0, "percent_covered_display": "0", "missing_lines": 4, "excluded_lines": 0, "percent_statements_covered": 0.0, "percent_statements_covered_display": "0"}, "missing_lines": [16, 17, 18, 19], "excluded_lines": [], "start_line": 15}, "_get_block_or_404": {"executed_lines": [], "summary": {"covered_lines": 0, "num_statements": 4, "percent_covered": 0.0, "percent_covered_display": "0", "missing_lines": 4, "excluded_lines": 0, "percent_statements_covered": 0.0, "percent_statements_covered_display": "0"}, "missing_lines": [23, 24, 25, 26], "excluded_lines": [], "start_line": 22}, "create_block_assignment": {"executed_lines": [], "summary": {"covered_lines": 0, "num_statements": 14, "percent_covered": 0.0, "percent_covered_display": "0", "missing_lines": 14, "excluded_lines": 0, "percent_statements_covered": 0.0, "percent_statements_covered_display": "0"}, "missing_lines": [36, 37, 39, 40, 41, 43, 47, 49, 50, 51, 52, 53, 54, 55], "excluded_lines": [], "start_line": 30}, "list_block_assignments": {"executed_lines": [], "summary": {"covered_lines": 0, "num_statements": 3, "percent_covered": 0.0, "percent_covered_display": "0", "missing_lines": 3, "excluded_lines": 0, "percent_statements_covered": 0.0, "percent_statements_covered_display": "0"}, "missing_lines": [66, 67, 72], "excluded_lines": [], "start_line": 61}, "list_block_assignments_by_block": {"executed_lines": [], "summary": {"covered_lines": 0, "num_statements": 4, "percent_covered": 0.0, "percent_covered_display": "0", "missing_lines": 4, "excluded_lines": 0, "percent_statements_covered": 0.0, "percent_statements_covered_display": "0"}, "missing_lines": [82, 83, 84, 87], "excluded_lines": [], "start_line": 76}, "list_block_assignments_by_table": {"executed_lines": [], "summary": {"covered_lines": 0, "num_statements": 6, "percent_covered": 0.0, "percent_covered_display": "0", "missing_lines": 6, "excluded_lines": 0, "percent_statements_covered": 0.0, "percent_statements_covered_display": "0"}, "missing_lines": [97, 98, 99, 100, 102, 110], "excluded_lines": [], "start_line": 91}, "delete_block_assignment": {"executed_lines": [], "summary": {"covered_lines": 0, "num_statements": 17, "percent_covered": 0.0, "percent_covered_display": "0", "missing_lines": 17, "excluded_lines": 0, "percent_statements_covered": 0.0, "percent_statements_covered_display": "0"}, "missing_lines": [120, 121, 122, 123, 127, 128, 129, 133, 134, 135, 136, 137, 138, 139, 140, 141, 142], "excluded_lines": [], "start_line": 114}, "": {"executed_lines": [1, 2, 3, 4, 6, 7, 8, 10, 15, 22, 29, 30, 60, 61, 75, 76, 90, 91, 113, 114], "summary": {"covered_lines": 20, "num_statements": 20, "percent_covered": 100.0, "percent_covered_display": "100", "missing_lines": 0, "excluded_lines": 0, "percent_statements_covered": 100.0, "percent_statements_covered_display": "100"}, "missing_lines": [], "excluded_lines": [], "start_line": 1}}, "classes": {"": {"executed_lines": [1, 2, 3, 4, 6, 7, 8, 10, 15, 22, 29, 30, 60, 61, 75, 76, 90, 91, 113, 114], "summary": {"covered_lines": 20, "num_statements": 72, "percent_covered": 27.77777777777778, "percent_covered_display": "28", "missing_lines": 52, "excluded_lines": 0, "percent_statements_covered": 27.77777777777778, "percent_statements_covered_display": "28"}, "missing_lines": [16, 17, 18, 19, 23, 24, 25, 26, 36, 37, 39, 40, 41, 43, 47, 49, 50, 51, 52, 53, 54, 55, 66, 67, 72, 82, 83, 84, 87, 97, 98, 99, 100, 102, 110, 120, 121, 122, 123, 127, 128, 129, 133, 134, 135, 136, 137, 138, 139, 140, 141, 142], "excluded_lines": [], "start_line": 1}}}, "app/routers/blocks.py": {"executed_lines": [1, 2, 3, 4, 6, 7, 13, 15, 18, 25, 32, 33, 66, 67, 78, 79, 111, 112], "summary": {"covered_lines": 18, "num_statements": 73, "percent_covered": 24.65753424657534, "percent_covered_display": "25", "missing_lines": 55, "excluded_lines": 0, "percent_statements_covered": 24.65753424657534, "percent_statements_covered_display": "25"}, "missing_lines": [19, 20, 21, 22, 26, 27, 28, 29, 40, 42, 43, 44, 45, 49, 56, 57, 58, 59, 60, 61, 62, 63, 73, 74, 75, 87, 88, 90, 91, 92, 93, 94, 95, 96, 100, 101, 102, 103, 104, 105, 106, 107, 108, 119, 120, 121, 122, 123, 124, 125, 126, 127, 128, 129, 130], "excluded_lines": [], "functions": {"_get_restaurant_or_404": {"executed_lines": [], "summary": {"covered_lines": 0, "num_statements": 4, "percent_covered": 0.0, "percent_covered_display": "0", "missing_lines": 4, "excluded_lines": 0, "percent_statements_covered": 0.0, "percent_statements_covered_display": "0"}, "missing_lines": [19, 20, 21, 22], "excluded_lines": [], "start_line": 18}, "_get_block_or_404": {"executed_lines": [], "summary": {"covered_lines": 0, "num_statements": 4, "percent_covered": 0.0, "percent_covered_display": "0", "missing_lines": 4, "excluded_lines": 0, "percent_statements_covered": 0.0, "percent_statements_covered_display": "0"}, "missing_lines": [26, 27, 28, 29], "excluded_lines": [], "start_line": 25}, "create_block": {"executed_lines": [], "summary": {"covered_lines": 0, "num_statements": 14, "percent_covered": 0.0, "percent_covered_display": "0", "missing_lines": 14, "excluded_lines": 0, "percent_statements_covered": 0.0, "percent_statements_covered_display": "0"}, "missing_lines": [40, 42, 43, 44, 45, 49, 56, 57, 58, 59, 60, 61, 62, 63], "excluded_lines": [], "start_line": 33}, "list_blocks": {"executed_lines": [], "summary": {"covered_lines": 0, "num_statements": 3, "percent_covered": 0.0, "percent_covered_display": "0", "missing_lines": 3, "excluded_lines": 0, "percent_statements_covered": 0.0, "percent_statements_covered_display": "0"}, "missing_lines": [73, 74, 75], "excluded_lines": [], "start_line": 67}, "update_block": {"executed_lines": [], "summary": {"covered_lines": 0, "num_statements": 18, "percent_covered": 0.0, "percent_covered_display": "0", "missing_lines": 18, "excluded_lines": 0, "percent_statements_covered": 0.0, "percent_statements_covered_display": "0"}, "missing_lines": [87, 88, 90, 91, 92, 93, 94, 95, 96, 100, 101, 102, 103, 104, 105, 106, 107, 108], "excluded_lines": [], "star
[...]
start_line": 915}, "WhatsAppBotService._handle_alternatives": {"executed_lines": [], "summary": {"covered_lines": 0, "num_statements": 11, "percent_covered": 0.0, "percent_covered_display": "0", "missing_lines": 11, "excluded_lines": 0, "percent_statements_covered": 0.0, "percent_statements_covered_display": "0"}, "missing_lines": [968, 970, 971, 972, 973, 978, 981, 982, 983, 990, 991], "excluded_lines": [], "start_line": 960}, "WhatsAppBotService._handle_collect_size": {"executed_lines": [], "summary": {"covered_lines": 0, "num_statements": 8, "percent_covered": 0.0, "percent_covered_display": "0", "missing_lines": 8, "excluded_lines": 0, "percent_statements_covered": 0.0, "percent_statements_covered_display": "0"}, "missing_lines": [1001, 1002, 1003, 1009, 1011, 1012, 1014, 1017], "excluded_lines": [], "start_line": 993}, "WhatsAppBotService._handle_collect_name": {"executed_lines": [], "summary": {"covered_lines": 0, "num_statements": 8, "percent_covered": 0.0, "percent_covered_display": "0", "missing_lines": 8, "excluded_lines": 0, "percent_statements_covered": 0.0, "percent_statements_covered_display": "0"}, "missing_lines": [1031, 1034, 1035, 1036, 1038, 1039, 1040, 1043], "excluded_lines": [], "start_line": 1022}, "WhatsAppBotService._handle_collect_special": {"executed_lines": [], "summary": {"covered_lines": 0, "num_statements": 11, "percent_covered": 0.0, "percent_covered_display": "0", "missing_lines": 11, "excluded_lines": 0, "percent_statements_covered": 0.0, "percent_statements_covered_display": "0"}, "missing_lines": [1056, 1059, 1060, 1061, 1062, 1065, 1066, 1067, 1068, 1070, 1071], "excluded_lines": [], "start_line": 1048}, "WhatsAppBotService._handle_confirm": {"executed_lines": [], "summary": {"covered_lines": 0, "num_statements": 13, "percent_covered": 0.0, "percent_covered_display": "0", "missing_lines": 13, "excluded_lines": 0, "percent_statements_covered": 0.0, "percent_statements_covered_display": "0"}, "missing_lines": [1081, 1083, 1097, 1098, 1099, 1101, 1105, 1106, 1107, 1108, 1109, 1111, 1117], "excluded_lines": [], "start_line": 1073}, "WhatsAppBotService._handle_cancel": {"executed_lines": [], "summary": {"covered_lines": 0, "num_statements": 6, "percent_covered": 0.0, "percent_covered_display": "0", "missing_lines": 6, "excluded_lines": 0, "percent_statements_covered": 0.0, "percent_statements_covered_display": "0"}, "missing_lines": [1131, 1134, 1136, 1137, 1138, 1141], "excluded_lines": [], "start_line": 1124}, "WhatsAppBotService._handle_modify_code": {"executed_lines": [], "summary": {"covered_lines": 0, "num_statements": 7, "percent_covered": 0.0, "percent_covered_display": "0", "missing_lines": 7, "excluded_lines": 0, "percent_statements_covered": 0.0, "percent_statements_covered_display": "0"}, "missing_lines": [1154, 1155, 1157, 1158, 1159, 1160, 1170], "excluded_lines": [], "start_line": 1147}, "WhatsAppBotService._handle_modify_select": {"executed_lines": [], "summary": {"covered_lines": 0, "num_statements": 18, "percent_covered": 0.0, "percent_covered_display": "0", "missing_lines": 18, "excluded_lines": 0, "percent_statements_covered": 0.0, "percent_statements_covered_display": "0"}, "missing_lines": [1182, 1184, 1185, 1186, 1187, 1189, 1190, 1191, 1192, 1197, 1198, 1199, 1200, 1205, 1211, 1212, 1213, 1219], "excluded_lines": [], "start_line": 1175}, "WhatsAppBotService._handle_modify_value": {"executed_lines": [], "summary": {"covered_lines": 0, "num_statements": 21, "percent_covered": 0.0, "percent_covered_display": "0", "missing_lines": 21, "excluded_lines": 0, "percent_statements_covered": 0.0, "percent_statements_covered_display": "0"}, "missing_lines": [1235, 1236, 1237, 1238, 1240, 1241, 1242, 1244, 1246, 1247, 1248, 1249, 1250, 1252, 1254, 1255, 1256, 1257, 1258, 1260, 1262], "excluded_lines": [], "start_line": 1227}, "WhatsAppBotService._handle_confirm_modify": {"executed_lines": [], "summary": {"covered_lines": 0, "num_statements": 5, "percent_covered": 0.0, "percent_covered_display": "0", "missing_lines": 5, "excluded_lines": 0, "percent_statements_covered": 0.0, "percent_statements_covered_display": "0"}, "missing_lines": [1271, 1272, 1273, 1275, 1276], "excluded_lines": [], "start_line": 1264}, "WhatsAppBotService._determine_next_question": {"executed_lines": [], "summary": {"covered_lines": 0, "num_statements": 18, "percent_covered": 0.0, "percent_covered_display": "0", "missing_lines": 18, "excluded_lines": 0, "percent_statements_covered": 0.0, "percent_statements_covered_display": "0"}, "missing_lines": [1292, 1293, 1294, 1299, 1300, 1301, 1302, 1307, 1308, 1309, 1314, 1315, 1316, 1322, 1323, 1324, 1332, 1333], "excluded_lines": [], "start_line": 1285}, "WhatsAppBotService._get_welcome_message": {"executed_lines": [], "summary": {"covered_lines": 0, "num_statements": 1, "percent_covered": 0.0, "percent_covered_display": "0", "missing_lines": 1, "excluded_lines": 0, "percent_statements_covered": 0.0, "percent_statements_covered_display": "0"}, "missing_lines": [1337], "excluded_lines": [], "start_line": 1335}, "WhatsAppBotService._get_confirmation_summary": {"executed_lines": [], "summary": {"covered_lines": 0, "num_statements": 5, "percent_covered": 0.0, "percent_covered_display": "0", "missing_lines": 5, "excluded_lines": 0, "percent_statements_covered": 0.0, "percent_statements_covered_display": "0"}, "missing_lines": [1348, 1352, 1353, 1354, 1356], "excluded_lines": [], "start_line": 1346}, "WhatsAppBotService._get_fallback_message": {"executed_lines": [], "summary": {"covered_lines": 0, "num_statements": 1, "percent_covered": 0.0, "percent_covered_display": "0", "missing_lines": 1, "excluded_lines": 0, "percent_statements_covered": 0.0, "percent_statements_covered_display": "0"}, "missing_lines": [1369], "excluded_lines": [], "start_line": 1367}, "": {"executed_lines": [16, 17, 18, 19, 21, 23, 26, 36, 47, 50, 51, 56, 57, 58, 59, 60, 61, 62, 63, 65, 66, 68, 70, 73, 76, 77, 78, 79, 80, 81, 82, 83, 84, 86, 87, 90, 171, 187, 189, 193, 209, 265, 271, 277, 340, 455, 637, 679, 747, 797, 867, 915, 960, 993, 1022, 1048, 1073, 1124, 1147, 1175, 1227, 1264, 1285, 1335, 1346, 1367, 1380], "summary": {"covered_lines": 67, "num_statements": 67, "percent_covered": 100.0, "percent_covered_display": "100", "missing_lines": 0, "excluded_lines": 0, "percent_statements_covered": 100.0, "percent_statements_covered_display": "100"}, "missing_lines": [], "excluded_lines": [], "start_line": 1}}, "classes": {"ConversationState": {"executed_lines": [], "summary": {"covered_lines": 0, "num_statements": 0, "percent_covered": 100.0, "percent_covered_display": "100", "missing_lines": 0, "excluded_lines": 0, "percent_statements_covered": 100.0, "percent_statements_covered_display": "100"}, "missing_lines": [], "excluded_lines": [], "start_line": 47}, "NLPResult": {"executed_lines": [], "summary": {"covered_lines": 0, "num_statements": 0, "percent_covered": 100.0, "percent_covered_display": "100", "missing_lines": 0, "excluded_lines": 0, "percent_statements_covered": 100.0, "percent_statements_covered_display": "100"}, "missing_lines": [], "excluded_lines": [], "start_line": 73}, "NLPResult.Config": {"executed_lines": [], "summary": {"covered_lines": 0, "num_statements": 0, "percent_covered": 100.0, "percent_covered_display": "100", "missing_lines": 0, "excluded_lines": 0, "percent_statements_covered": 100.0, "percent_statements_covered_display": "100"}, "missing_lines": [], "excluded_lines": [], "start_line": 86}, "WhatsAppBotService": {"executed_lines": [190, 191], "summary": {"covered_lines": 2, "num_statements": 438, "percent_covered": 0.45662100456621, "percent_covered_display": "1", "missing_lines": 436, "excluded_lines": 0, "percent_statements_covered": 0.45662100456621, "percent_statements_covered_display": "1"}, "missing_lines": [195, 196, 198, 199, 200, 202, 203, 204, 205, 207, 215, 217, 218, 223, 225, 228, 229, 230, 232, 233, 241, 250, 252, 253, 256, 261, 263, 267, 268, 269, 273, 274, 275, 283, 286, 327, 328, 331, 332, 335, 336, 338, 352, 353, 354, 356, 358, 359, 361, 362, 363, 364, 368, 369, 370, 373, 374, 375, 376, 377, 379, 415, 429, 430, 432, 433, 434, 435, 436, 437, 439, 451, 452, 453, 457, 460, 461, 462, 463, 464, 465, 468, 469, 472, 473, 488, 489, 493, 494, 508, 509, 510, 511, 512, 515, 516, 518, 519, 520, 521, 522, 523, 524, 525, 526, 527, 528, 529, 530, 531, 532, 533, 534, 535, 536, 537, 538, 540, 541, 542, 543, 544, 545, 546, 547, 548, 549, 550, 553, 554, 559, 560, 561, 562, 563, 569, 570, 571, 572, 573, 576, 577, 586, 587, 588, 589, 590, 591, 592, 595, 596, 600, 601, 602, 603, 604, 607, 608, 609, 610, 611, 612, 613, 614, 615, 618, 619, 620, 621, 623, 624, 626, 658, 661, 664, 666, 669, 672, 675, 677, 689, 690, 693, 694, 697, 698, 701, 702, 705, 706, 709, 710, 713, 714, 717, 718, 721, 722, 725, 726, 729, 730, 733, 734, 737, 738, 741, 742, 745, 756, 759, 761, 763, 767, 768, 769, 770, 771, 772, 773, 774, 778, 779, 780, 781, 782, 783, 784, 785, 786, 788, 790, 805, 806, 807, 809, 811, 812, 813, 814, 815, 816, 817, 818, 819, 820, 822, 824, 825, 826, 832, 833, 834, 840, 841, 852, 853, 854, 855, 856, 857, 858, 859, 860, 862, 864, 865, 876, 878, 879, 885, 886, 889, 890, 892, 895, 896, 897, 898, 899, 900, 902, 905, 906, 924, 926, 927, 930, 932, 934, 937, 938, 939, 940, 942, 946, 947, 948, 949, 950, 951, 952, 954, 968, 970, 971, 972, 973, 978, 981, 982, 983, 990, 991, 1001, 1002, 1003, 1009, 1011, 1012, 1014, 1017, 1031, 1034, 1035, 1036, 1038, 1039, 1040, 1043, 1056, 1059, 1060, 1061, 1062, 1065, 1066, 1067, 1068, 1070, 1071, 1081, 1083, 1097, 1098, 1099, 1101, 1105, 1106, 1107, 1108, 1109, 1111, 1117, 1131, 1134, 1136, 1137, 1138, 1141, 1154, 1155, 1157, 1158, 1159, 1160, 1170, 1182, 1184, 1185, 1186, 1187, 1189, 1190, 1191, 1192, 1197, 1198, 1199, 1200, 1205, 1211, 1212, 1213, 1219, 1235, 1236, 1237, 1238, 1240, 1241, 1242, 1244, 1246, 1247, 1248, 1249, 1250, 1252, 1254, 1255, 1256, 1257, 1258, 1260, 1262, 1271, 1272, 1273, 1275, 1276, 1292, 1293, 1294, 1299, 1300, 1301, 1302, 1307, 1308, 1309, 1314, 1315, 1316, 1322, 1323, 1324, 1332, 1333, 1337, 1348, 1352, 1353, 1354, 1356, 1369], "excluded_lines": [], "start_line": 171}, "": {"executed_lines": [16, 17, 18, 19, 21, 23, 26, 36, 47, 50, 51, 56, 57, 58, 59, 60, 61, 62, 63, 65, 66, 68, 70, 73, 76, 77, 78, 79, 80, 81, 82, 83, 84, 86, 87, 90, 171, 187, 189, 193, 209, 265, 271, 277, 340, 455, 637, 679, 747, 797, 867, 915, 960, 993, 1022, 1048, 1073, 1124, 1147, 1175, 1227, 1264, 1285, 1335, 1346, 1367, 1380], "summary": {"covered_lines": 67, "num_statements": 113, "percent_covered": 59.29203539823009, "percent_covered_display": "59", "missing_lines": 46, "excluded_lines": 0, "percent_statements_covered": 59.29203539823009, "percent_statements_covered_display": "59"}, "missing_lines": [101, 103, 105, 106, 107, 109, 111, 114, 115, 116, 117, 118, 120, 121, 122, 123, 125, 126, 128, 130, 132, 133, 136, 137, 138, 139, 141, 142, 143, 146, 147, 149, 150, 151, 154, 155, 156, 157, 158, 159, 160, 161, 162, 164, 166, 168], "excluded_lines": [], "start_line": 1}}}, "app/settings.py": {"executed_lines": [1, 2, 3, 5, 8, 11, 12, 13, 19, 20, 21, 23, 27, 28, 29, 38, 39, 40, 63, 64, 65, 66, 67, 75, 76, 77, 78, 80, 81, 83, 86, 87, 90, 91, 93, 96, 102, 105, 108, 109, 110, 111, 112, 113, 114, 117, 122, 123, 126, 127, 128, 138, 139, 142, 143, 146, 149, 154, 155, 156, 159, 164, 165, 166, 167, 168, 171, 172, 173, 174, 177, 178, 179, 180, 181, 185, 186, 187, 192, 193, 194, 195, 198], "summary": {"covered_lines": 83, "num_statements": 97, "percent_covered": 85.56701030927834, "percent_covered_display": "86", "missing_lines": 14, "excluded_lines": 0, "percent_statements_covered": 85.56701030927834, "percent_statements_covered_display": "86"}, "missing_lines": [16, 22, 30, 35, 41, 42, 43, 44, 47, 48, 49, 55, 56, 73], "excluded_lines": [], "functions": {"_getenv_str": {"executed_lines": [20, 21, 23], "summary": {"covered_lines": 3, "num_statements": 4, "percent_covered": 75.0, "percent_covered_display": "75", "missing_lines": 1, "excluded_lines": 0, "percent_statements_covered": 75.0, "percent_statements_covered_display": "75"}, "missing_lines": [22], "excluded_lines": [], "start_line": 19}, "": {"executed_lines": [1, 2, 3, 5, 8, 11, 12, 13, 19, 27, 28, 29, 38, 39, 40, 63, 64, 65, 66, 67, 75, 76, 77, 78, 80, 81, 83, 86, 87, 90, 91, 93, 96, 102, 105, 108, 109, 110, 111, 112, 113, 114, 117, 122, 123, 126, 127, 128, 138, 139, 142, 143, 146, 149, 154, 155, 156, 159, 164, 165, 166, 167, 168, 171, 172, 173, 174, 177, 178, 179, 180, 181, 185, 186, 187, 192, 193, 194, 195, 198], "summary": {"covered_lines": 80, "num_statements": 93, "percent_covered": 86.02150537634408, "percent_covered_display": "86", "missing_lines": 13, "excluded_lines": 0, "percent_statements_covered": 86.02150537634408, "percent_statements_covered_display": "86"}, "missing_lines": [16, 30, 35, 41, 42, 43, 44, 47, 48, 49, 55, 56, 73], "excluded_lines": [], "start_line": 1}}, "classes": {"": {"executed_lines": [1, 2, 3, 5, 8, 11, 12, 13, 19, 20, 21, 23, 27, 28, 29, 38, 39, 40, 63, 64, 65, 66, 67, 75, 76, 77, 78, 80, 81, 83, 86, 87, 90, 91, 93, 96, 102, 105, 108, 109, 110, 111, 112, 113, 114, 117, 122, 123, 126, 127, 128, 138, 139, 142, 143, 146, 149, 154, 155, 156, 159, 164, 165, 166, 167, 168, 171, 172, 173, 174, 177, 178, 179, 180, 181, 185, 186, 187, 192, 193, 194, 195, 198], "summary": {"covered_lines": 83, "num_statements": 97, "percent_covered": 85.56701030927834, "percent_covered_display": "86", "missing_lines": 14, "excluded_lines": 0, "percent_statements_covered": 85.56701030927834, "percent_statements_covered_display": "86"}, "missing_lines": [16, 22, 30, 35, 41, 42, 43, 44, 47, 48, 49, 55, 56, 73], "excluded_lines": [], "start_line": 1}}}, "app/utils/__init__.py": {"executed_lines": [1, 3], "summary": {"covered_lines": 2, "num_statements": 2, "percent_covered": 100.0, "percent_covered_display": "100", "missing_lines": 0, "excluded_lines": 0, "percent_statements_covered": 100.0, "percent_statements_covered_display": "100"}, "missing_lines": [], "excluded_lines": [], "functions": {"": {"executed_lines": [1, 3], "summary": {"covered_lines": 2, "num_statements": 2, "percent_covered": 100.0, "percent_covered_display": "100", "missing_lines": 0, "excluded_lines": 0, "percent_statements_covered": 100.0, "percent_statements_covered_display": "100"}, "missing_lines": [], "excluded_lines": [], "start_line": 1}}, "classes": {"": {"executed_lines": [1, 3], "summary": {"covered_lines": 2, "num_statements": 2, "percent_covered": 100.0, "percent_covered_display": "100", "missing_lines": 0, "excluded_lines": 0, "percent_statements_covered": 100.0, "percent_statements_covered_display": "100"}, "missing_lines": [], "excluded_lines": [], "start_line": 1}}}, "app/utils/cookies.py": {"executed_lines": [5, 7, 17, 31, 44, 58, 71, 95, 110, 112, 115, 117, 119, 121], "summary": {"covered_lines": 14, "num_statements": 19, "percent_covered": 73.6842105263158, "percent_covered_display": "74", "missing_lines": 5, "excluded_lines": 0, "percent_statements_covered": 73.6842105263158, "percent_statements_covered_display": "74"}, "missing_lines": [78, 83, 88, 113, 118], "excluded_lines": [], "functions": {"set_auth_cookies": {"executed_lines": [31, 44, 58], "summary": {"covered_lines": 3, "num_statements": 3, "percent_covered": 100.0, "percent_covered_display": "100", "missing_lines": 0, "excluded_lines": 0, "percent_statements_covered": 100.0, "percent_statements_covered_display": "100"}, "missing_lines": [], "excluded_lines": [], "start_line": 17}, "clear_auth_cookies": {"executed_lines": [], "summary": {"covered_lines": 0, "num_statements": 3, "percent_covered": 0.0, "percent_covered_display": "0", "missing_lines": 3, "excluded_lines": 0, "percent_statements_covered": 0.0, "percent_statements_covered_display": "0"}, "missing_lines": [78, 83, 88], "excluded_lines": [], "start_line": 71}, "get_token_from_cookie_or_header": {"executed_lines": [110, 112, 115, 117, 119, 121], "summary": {"covered_lines": 6, "num_statements": 8, "percent_covered": 75.0, "percent_covered_display": "75", "missing_lines": 2, "excluded_lines": 0, "percent_statements_covered": 75.0, "percent_statements_covered_display": "75"}, "missing_lines": [113, 118], "excluded_lines": [], "start_line": 95}, "": {"executed_lines": [5, 7, 17, 71, 95], "summary": {"covered_lines": 5, "num_statements": 5, "percent_covered": 100.0, "percent_covered_display": "100", "missing_lines": 0, "excluded_lines": 0, "percent_statements_covered": 100.0, "percent_statements_covered_display": "100"}, "missing_lines": [], "excluded_lines": [], "start_line": 1}}, "classes": {"": {"executed_lines": [5, 7, 17, 31, 44, 58, 71, 95, 110, 112, 115, 117, 119, 121], "summary": {"covered_lines": 14, "num_statements": 19, "percent_covered": 73.6842105263158, "percent_covered_display": "74", "missing_lines": 5, "excluded_lines": 0, "percent_statements_covered": 73.6842105263158, "percent_statements_covered_display": "74"}, "missing_lines": [78, 83, 88, 113, 118], "excluded_lines": [], "start_line": 1}}}, "app/utils/ics_generator.py": {"executed_lines": [5, 8], "summary": {"covered_lines": 2, "num_statements": 46, "percent_covered": 4.3478260869565215, "percent_covered_display": "4", "missing_lines": 44, "excluded_lines": 0, "percent_statements_covered": 4.3478260869565215, "percent_statements_covered_display": "4"}, "missing_lines": [39, 40, 43, 44, 47, 50, 51, 52, 54, 55, 57, 58, 59, 60, 62, 76, 77, 79, 80, 83, 84, 85, 86, 87, 88, 89, 91, 94, 97, 98, 99, 100, 101, 102, 103, 104, 106, 109, 111, 112, 115, 118, 120, 127], "excluded_lines": [], "functions": {"generate_ics_file": {"executed_lines": [], "summary": {"covered_lines": 0, "num_statements": 35, "percent_covered": 0.0, "percent_covered_display": "0", "missing_lines": 35, "excluded_lines": 0, "percent_statements_covered": 0.0, "percent_statements_covered_display": "0"}, "missing_lines": [39, 40, 43, 47, 50, 62, 76, 77, 79, 80, 83, 84, 85, 86, 87, 88, 89, 91, 94, 97, 98, 99, 100, 101, 102, 103, 104, 106, 109, 111, 112, 115, 118, 120, 127], "excluded_lines": [], "start_line": 8}, "generate_ics_file.format_datetime": {"executed_lines": [], "summary": {"covered_lines": 0, "num_statements": 1, "percent_covered": 0.0, "percent_covered_display": "0", "missing_lines": 1, "excluded_lines": 0, "percent_statements_covered": 0.0, "percent_statements_covered_display": "0"}, "missing_lines": [44], "excluded_lines": [], "start_line": 43}, "generate_ics_file.escape_ics_text": {"executed_lines": [], "summary": {"covered_lines": 0, "num_statements": 8, "percent_covered": 0.0, "percent_covered_display": "0", "missing_lines": 8, "excluded_lines": 0, "percent_statements_covered": 0.0, "percent_statements_covered_display": "0"}, "missing_lines": [51, 52, 54, 55, 57, 58, 59, 60], "excluded_lines": [], "start_line": 50}, "": {"executed_lines": [5, 8], "summary": {"covered_lines": 2, "num_statements": 2, "percent_covered": 100.0, "percent_covered_display": "100", "missing_lines": 0, "excluded_lines": 0, "percent_statements_covered": 100.0, "percent_statements_covered_display": "100"}, "missing_lines": [], "excluded_lines": [], "start_line": 1}}, "classes": {"": {"executed_lines": [5, 8], "summary": {"covered_lines": 2, "num_statements": 46, "percent_covered": 4.3478260869565215, "percent_covered_display": "4", "missing_lines": 44, "excluded_lines": 0, "percent_statements_covered": 4.3478260869565215, "percent_statements_covered_display": "4"}, "missing_lines": [39, 40, 43, 44, 47, 50, 51, 52, 54, 55, 57, 58, 59, 60, 62, 76, 77, 79, 80, 83, 84, 85, 86, 87, 88, 89, 91, 94, 97, 98, 99, 100, 101, 102, 103, 104, 106, 109, 111, 112, 115, 118, 120, 127], "excluded_lines": [], "start_line": 1}}}}, "totals": {"covered_lines": 2956, "num_statements": 7607, "percent_covered": 38.85894570790062, "percent_covered_display": "39", "missing_lines": 4651, "excluded_lines": 1, "percent_statements_covered": 38.85894570790062, "percent_statements_covered_display": "39"}}
