{"meta": {"format": 3, "version": "7.13.5", "timestamp": "2026-04-05T20:43:09.650095", "branch_coverage": false, "show_contexts": false}, "files": {"app/__init__.py": {"executed_lines": [], "summary": {"covered_lines": 0, "num_statements": 0, "percent_covered": 100.0, "percent_covered_display": "100", "missing_lines": 0, "excluded_lines": 0, "percent_statements_covered": 100.0, "percent_statements_covered_display": "100"}, "missing_lines": [], "excluded_lines": [], "functions": {"": {"executed_lines": [], "summary": {"covered_lines": 0, "num_statements": 0, "percent_covered": 100.0, "percent_covered_display": "100", "missing_lines": 0, "excluded_lines": 0, "percent_statements_covered": 100.0, "percent_statements_covered_display": "100"}, "missing_lines": [], "excluded_lines": [], "start_line": 1}}, "classes": {"": {"executed_lines": [], "summary": {"covered_lines": 0, "num_statements": 0, "percent_covered": 100.0, "percent_covered_display": "100", "missing_lines": 0, "excluded_lines": 0, "percent_statements_covered": 100.0, "percent_statements_covered_display": "100"}, "missing_lines": [], "excluded_lines": [], "start_line": 1}}}, "app/auth.py": {"executed_lines": [], "summary": {"covered_lines": 0, "num_statements": 51, "percent_covered": 0.0, "percent_covered_display": "0", "missing_lines": 51, "excluded_lines": 0, "percent_statements_covered": 0.0, "percent_statements_covered_display": "0"}, "missing_lines": [1, 2, 3, 5, 6, 8, 20, 23, 28, 29, 30, 31, 34, 39, 40, 41, 44, 48, 49, 50, 52, 56, 57, 60, 64, 66, 67, 69, 79, 80, 83, 87, 88, 97, 98, 99, 101, 102, 103, 104, 105, 106, 107, 108, 109, 110, 111, 112, 113, 116, 120], "excluded_lines": [], "functions": {"verify_password": {"executed_lines": [], "summary": {"covered_lines": 0, "num_statements": 4, "percent_covered": 0.0, "percent_covered_display": "0", "missing_lines": 4, "excluded_lines": 0, "percent_statements_covered": 0.0, "percent_statements_covered_display": "0"}, "missing_lines": [28, 29, 30, 31], "excluded_lines": [], "start_line": 23}, "hash_password": {"executed_lines": [], "summary": {"covered_lines": 0, "num_statements": 3, "percent_covered": 0.0, "percent_covered_display": "0", "missing_lines": 3, "excluded_lines": 0, "percent_statements_covered": 0.0, "percent_statements_covered_display": "0"}, "missing_lines": [39, 40, 41], "excluded_lines": [], "start_line": 34}, "create_access_token": {"executed_lines": [], "summary": {"covered_lines": 0, "num_statements": 6, "percent_covered": 0.0, "percent_covered_display": "0", "missing_lines": 6, "excluded_lines": 0, "percent_statements_covered": 0.0, "percent_statements_covered_display": "0"}, "missing_lines": [48, 49, 50, 52, 56, 57], "excluded_lines": [], "start_line": 44}, "create_refresh_token": {"executed_lines": [], "summary": {"covered_lines": 0, "num_statements": 6, "percent_covered": 0.0, "percent_covered_display": "0", "missing_lines": 6, "excluded_lines": 0, "percent_statements_covered": 0.0, "percent_statements_covered_display": "0"}, "missing_lines": [64, 66, 67, 69, 79, 80], "excluded_lines": [], "start_line": 60}, "verify_token": {"executed_lines": [], "summary": {"covered_lines": 0, "num_statements": 18, "percent_covered": 0.0, "percent_covered_display": "0", "missing_lines": 18, "excluded_lines": 0, "percent_statements_covered": 0.0, "percent_statements_covered_display": "0"}, "missing_lines": [87, 88, 97, 98, 99, 101, 102, 103, 104, 105, 106, 107, 108, 109, 110, 111, 112, 113], "excluded_lines": [], "start_line": 83}, "hash_refresh_token": {"executed_lines": [], "summary": {"covered_lines": 0, "num_statements": 1, "percent_covered": 0.0, "percent_covered_display": "0", "missing_lines": 1, "excluded_lines": 0, "percent_statements_covered": 0.0, "percent_statements_covered_display": "0"}, "missing_lines": [120], "excluded_lines": [], "start_line": 116}, "": {"executed_lines": [], "summary": {"covered_lines": 0, "num_statements": 13, "percent_covered": 0.0, "percent_covered_display": "0", "missing_lines": 13, "excluded_lines": 0, "percent_statements_covered": 0.0, "percent_statements_covered_display": "0"}, "missing_lines": [1, 2, 3, 5, 6, 8, 20, 23, 34, 44, 60, 83, 116], "excluded_lines": [], "start_line": 1}}, "classes": {"": {"executed_lines": [], "summary": {"covered_lines": 0, "num_statements": 51, "percent_covered": 0.0, "percent_covered_display": "0", "missing_lines": 51, "excluded_lines": 0, "percent_statements_covered": 0.0, "percent_statements_covered_display": "0"}, "missing_lines": [1, 2, 3, 5, 6, 8, 20, 23, 28, 29, 30, 31, 34, 39, 40, 41, 44, 48, 49, 50, 52, 56, 57, 60, 64, 66, 67, 69, 79, 80, 83, 87, 88, 97, 98, 99, 101, 102, 103, 104, 105, 106, 107, 108, 109, 110, 111, 112, 113, 116, 120], "excluded_lines": [], "start_line": 1}}}, "app/database/__init__.py": {"executed_lines": [], "summary": {"covered_lines": 0, "num_statements": 70, "percent_covered": 0.0, "percent_covered_display": "0", "missing_lines": 70, "excluded_lines": 0, "percent_statements_covered": 0.0, "percent_statements_covered_display": "0"}, "missing_lines": [1, 2, 3, 4, 6, 7, 10, 13, 15, 18, 19, 20, 22, 23, 24, 25, 26, 27, 28, 30, 31, 34, 36, 37, 38, 40, 41, 42, 43, 44, 46, 47, 50, 51, 52, 57, 60, 61, 64, 65, 66, 70, 73, 74, 78, 80, 81, 82, 83, 84, 86, 87, 90, 92, 93, 94, 96, 97, 98, 101, 102, 103, 104, 105, 109, 114, 115, 116, 117, 124], "excluded_lines": [], "functions": {"AsyncDatabaseHandler.__new__": {"executed_lines": [], "summary": {"covered_lines": 0, "num_statements": 6, "percent_covered": 0.0, "percent_covered_display": "0", "missing_lines": 6, "excluded_lines": 0, "percent_statements_covered": 0.0, "percent_statements_covered_display": "0"}, "missing_lines": [23, 24, 25, 26, 27, 28], "excluded_lines": [], "start_line": 22}, "AsyncDatabaseHandler._initialize": {"executed_lines": [], "summary": {"covered_lines": 0, "num_statements": 50, "percent_covered": 0.0, "percent_covered_display": "0", "missing_lines": 50, "excluded_lines": 0, "percent_statements_covered": 0.0, "percent_statements_covered_display": "0"}, "missing_lines": [31, 34, 36, 37, 38, 40, 41, 42, 43, 44, 46, 47, 50, 51, 52, 57, 60, 61, 64, 65, 66, 70, 73, 74, 78, 80, 81, 82, 83, 84, 86, 87, 90, 92, 93, 94, 96, 97, 98, 101, 102, 103, 104, 105, 109, 114, 115, 116, 117, 124], "excluded_lines": [], "start_line": 30}, "": {"executed_lines": [], "summary": {"covered_lines": 0, "num_statements": 14, "percent_covered": 0.0, "percent_covered_display": "0", "missing_lines": 14, "excluded_lines": 0, "percent_statements_covered": 0.0, "percent_statements_covered_display": "0"}, "missing_lines": [1, 2, 3, 4, 6, 7, 10, 13, 15, 18, 19, 20, 22, 30], "excluded_lines": [], "start_line": 1}}, "classes": {"AsyncDatabaseHandler": {"executed_lines": [], "summary": {"covered_lines": 0, "num_statements": 56, "percent_covered": 0.0, "percent_covered_display": "0", "missing_lines": 56, "excluded_lines": 0, "percent_statements_covered": 0.0, "percent_statements_covered_display": "0"}, "missing_lines": [23, 24, 25, 26, 27, 28, 31, 34, 36, 37, 38, 40, 41, 42, 43, 44, 46, 47, 50, 51, 52, 57, 60, 61, 64, 65, 66, 70, 73, 74, 78, 80, 81, 82, 83, 84, 86, 87, 90, 92, 93, 94, 96, 97, 98, 101, 102, 103, 104, 105, 109, 114, 115, 116, 117, 124], "excluded_lines": [], "start_line": 18}, "": {"executed_lines": [], "summary": {"covered_lines": 0, "num_statements": 14, "percent_covered": 0.0, "percent_covered_display": "0", "missing_lines": 14, "excluded_lines": 0, "percent_statements_covered": 0.0, "percent_statements_covered_display": "0"}, "missing_lines": [1, 2, 3, 4, 6, 7, 10, 13, 15, 18, 19, 20, 22, 30], "excluded_lines": [], "start_line": 1}}}, "app/database/instance.py": {"executed_lines": [], "summary": {"covered_lines": 0, "num_statements": 8, "percent_covered": 0.0, "percent_covered_display": "0", "missing_lines": 8, "excluded_lines": 0, "percent_statements_covered": 0.0, "percent_statements_covered_display": "0"}, "missing_lines": [3, 4, 6, 9, 10, 13, 15, 16], "excluded_lines": [], "functions": {"init_db": {"executed_lines": [], "summary": {"covered_lines": 0, "num_statements": 2, "percent_covered": 0.0, "percent_covered_display": "0", "missing_lines": 2, "excluded_lines": 0, "percent_statements_covered": 0.0, "percent_statements_covered_display": "0"}, "missing_lines": [15, 16], "excluded_lines": [], "start_line": 13}, "": {"executed_lines": [], "summary": {"covered_lines": 0, "num_statements": 6, "percent_covered": 0.0, "percent_covered_display": "0", "missing_lines": 6, "excluded_lines": 0, "percent_statements_covered": 0.0, "percent_statements_covered_display": "0"}, "missing_lines": [3, 4, 6, 9, 10, 13], "excluded_lines": [], "start_line": 1}}, "classes": {"": {"executed_lines": [], "summary": {"covered_lines": 0, "num_statements": 8, "percent_covered": 0.0, "percent_covered_display": "0", "missing_lines": 8, "excluded_lines": 0, "percent_statements_covered": 0.0, "percent_statements_covered_display": "0"}, "missing_lines": [3, 4, 6, 9, 10, 13, 15, 16], "excluded_lines": [], "start_line": 1}}}, "app/database/models.py": {"executed_lines": [], "summary": {"covered_lines": 0, "num_statements": 323, "percent_covered": 0.0, "percent_covered_display": "0", "missing_lines": 323, "excluded_lines": 0, "percent_statements_covered": 0.0, "percent_statements_covered_display": "0"}, "missing_lines": [1, 16, 19, 20, 22, 23, 26, 27, 28, 31, 32, 34, 35, 38, 39, 40, 41, 42, 45, 46, 48, 49, 52, 55, 58, 61, 62, 63, 64, 67, 68, 69, 72, 75, 76, 78, 79, 82, 83, 84, 89, 90, 92, 93, 96, 99, 100, 101, 102, 103, 104, 105, 110, 111, 113, 114, 115, 118, 119, 120, 121, 124, 125, 128, 129, 132, 137, 138, 139, 140, 144, 145, 150, 151, 153, 154, 157, 160, 161, 162, 163, 164, 165, 166, 167, 168, 170, 171, 172, 173, 174, 175, 180, 183, 185, 186, 189, 192, 195, 198, 201, 202, 203, 204, 205, 206, 207, 208, 209, 210, 211, 212, 213, 215, 216, 220, 225, 226, 228, 229, 232, 233, 234, 235, 236, 237, 238, 239, 240, 241, 242, 247, 248, 250, 251, 254, 257, 261, 262, 263, 265, 266, 268, 269, 270, 271, 273, 274, 276, 277, 278, 279, 280, 281, 282, 284, 285, 290, 291, 292, 295, 296, 297, 300, 303, 304, 307, 310, 311, 314, 315, 316, 317, 320, 321, 322, 323, 326, 327, 328, 329, 332, 335, 337, 340, 341, 342, 343, 346, 349, 350, 351, 352, 353, 354, 355, 356, 357, 360, 361, 362, 363, 366, 369, 372, 373, 374, 375, 376, 377, 380, 381, 382, 383, 386, 387, 390, 391, 392, 393, 396, 399, 400, 401, 402, 403, 404, 405, 406, 407, 408, 411, 412, 414, 415, 418, 421, 424, 428, 429, 432, 434, 435, 436, 437, 438, 439, 440, 441, 443, 444, 445, 449, 450, 451, 453, 456, 457, 459, 463, 464, 469, 470, 472, 473, 476, 480, 481, 482, 484, 485, 486, 487, 491, 494, 495, 496, 498, 500, 501, 506, 507, 509, 510, 514, 515, 516, 517, 519, 520, 525, 526, 528, 529, 532, 536, 537, 538, 539, 540, 541, 542, 543, 547, 548, 553, 556, 558, 559, 562, 567, 568, 569, 572, 575, 578, 579, 580, 585, 588, 589, 590, 591], "excluded_lines": [], "functions": {"": {"executed_lines": [], "summary": {"covered_lines": 0, "num_statements": 323, "percent_covered": 0.0, "percent_covered_display": "0", "missing_lines": 323, "excluded_lines": 0, "percent_statements_covered": 0.0, "percent_statements_covered_display": "0"}, "missing_lines": [1, 16, 19, 20, 22, 23, 26, 27, 28, 31, 32, 34, 35, 38, 39, 40, 41, 42, 45, 46, 48, 49, 52, 55, 58, 61, 62, 63, 64, 67, 68, 69, 72, 75, 76, 78, 79, 82, 83, 84, 89, 90, 92, 93, 96, 99, 100, 101, 102, 103, 104, 105, 110, 111, 113, 114, 115, 118, 119, 120, 121, 124, 125, 128, 129, 132, 137, 138, 139, 140, 144, 145, 150, 151, 153, 154, 157, 160, 161, 162, 163, 164, 165, 166, 167, 168, 170, 171, 172, 173, 174, 175, 180, 183, 185, 186, 189, 192, 195, 198, 201, 202, 203, 204, 205, 206, 207, 208, 209, 210, 211, 212, 213, 215, 216, 220, 225, 226, 228, 229, 232, 233, 234, 235, 236, 237, 238, 239, 240, 241, 242, 247, 248, 250, 251, 254, 257, 261, 262, 263, 265, 266, 268, 269, 270, 271, 273, 274, 276, 277, 278, 279, 280, 281, 282, 284, 285, 290, 291, 292, 295, 296, 297, 300, 303, 304, 307, 310, 311, 314, 315, 316, 317, 320, 321, 322, 323, 326, 327, 328, 329, 332, 335, 337, 340, 341, 342, 343, 346, 349, 350, 351, 352, 353, 354, 355, 356, 357, 360, 361, 362, 363, 366, 369, 372, 373, 374, 375, 376, 377, 380, 381, 382, 383, 386, 387, 390, 391, 392, 393, 396, 399, 400, 401, 402, 403, 404, 405, 406, 407, 408, 411, 412, 414, 415, 418, 421, 424, 428, 429, 432, 434, 435, 436, 437, 438, 439, 440, 441, 443, 444, 445, 449, 450, 451, 453, 456, 457, 459, 463, 464, 469, 470, 472, 473, 476, 480, 481, 482, 484, 485, 486, 487, 491, 494, 495, 496, 498, 500, 501, 506, 507, 509, 510, 514, 515, 516, 517, 519, 520, 525, 526, 528, 529, 532, 536, 537, 538, 539, 540, 541, 542, 543, 547, 548, 553, 556, 558, 559, 562, 567, 568, 569, 572, 575, 578, 579, 580, 585, 588, 589, 590, 591], "excluded_lines": [], "start_line": 1}}, "classes": {"Activity_Logs": {"executed_lines": [], "summary": {"covered_lines": 0, "num_statements": 0, "percent_covered": 100.0, "percent_covered_display": "100", "missing_lines": 0, "excluded_lines": 0, "percent_statements_covered": 100.0, "percent_statements_covered_display": "100"}, "missing_lines": [], "excluded_lines": [], "start_line": 19}, "RefreshToken": {"executed_lines": [], "summary": {"covered_lines": 0, "num_statements": 0, "percent_covered": 100.0, "percent_covered_display": "100", "missing_lines": 0, "excluded_lines": 0, "percent_statements_covered": 100.0, "percent_statements_covered_display": "100"}, "missing_lines": [], "excluded_lines": [], "start_line": 31}, "User": {"executed_lines": [], "summary": {"covered_lines": 0, "num_statements": 0, "percent_covered": 100.0, "percent_covered_display": "100", "missing_lines": 0, "excluded_lines": 0, "percent_statements_covered": 100.0, "percent_statements_covered_display": "100"}, "missing_lines": [], "excluded_lines": [], "start_line": 45}, "UserSettings": {"executed_lines": [], "summary": {"covered_lines": 0, "num_statements": 0, "percent_covered": 100.0, "percent_covered_display": "100", "missing_lines": 0, "excluded_lines": 0, "percent_statements_covered": 100.0, "percent_statements_covered_display": "100"}, "missing_lines": [], "excluded_lines": [], "start_line": 75}, "AuditLog": {"executed_lines": [], "summary": {"covered_lines": 0, "num_statements": 0, "percent_covered": 100.0, "percent_covered_display": "100", "missing_lines": 0, "excluded_lines": 0, "percent_statements_covered": 100.0, "percent_statements_covered_display": "100"}, "missing_lines": [], "excluded_lines": [], "start_line": 89}, "Restaurant": {"executed_lines": [], "summary": {"covered_lines": 0, "num_statements": 0, "percent_covered": 100.0, "percent_covered_display": "100", "missing_lines": 0, "excluded_lines": 0, "percent_statements_covered": 100.0, "percent_statements_covered_display": "100"}, "missing_lines": [], "excluded_lines": [], "start_line": 110}, "Table": {"executed_lines": [], "summary": {"covered_lines": 0, "num_statements": 0, "percent_covered": 100.0, "percent_covered_display": "100", "missing_lines": 0, "excluded_lines": 0, "percent_statements_covered": 100.0, "percent_statements_covered_display": "100"}, "missing_lines": [], "excluded_lines": [], "start_line": 150}, "TableDayConfig": {"executed_lines": [], "summary": {"covered_lines": 0, "num_statements": 0, "percent_covered": 100.0, "percent_covered_display": "100", "missing_lines": 0, "excluded_lines": 0, "percent_statements_covered": 100.0, "percent_statements_covered_display": "100"}, "missing_lines": [], "excluded_lines": [], "start_line": 180}, "Guest": {"executed_lines": [], "summary": {"covered_lines": 0, "num_statements": 0, "percent_covered": 100.0, "percent_covered_display": "100", "missing_lines": 0, "excluded_lines": 0, "percent_statements_covered": 100.0, "percent_statements_covered_display": "100"}, "missing_lines": [], "excluded_lines": [], "start_line": 225}, "Reservation": {"executed_lines": [], "summary": {"covered_lines": 0, "num_statements": 0, "percent_covered": 100.0, "percent_covered_display": "100", "missing_lines": 0, "excluded_lines": 0, "percent_statements_covered": 100.0, "percent_statements_covered_display": "100"}, "missing_lines": [], "excluded_lines": [], "start_line": 247}, "ReservationTable": {"executed_lines": [], "summary": {"covered_lines": 0, "num_statements": 0, "percent_covered": 100.0, "percent_covered_display": "100", "missing_lines": 0, "excluded_lines": 0, "percent_statements_covered": 100.0, "percent_statements_covered_display": "100"}, "missing_lines": [], "excluded_lines": [], "start_line": 290}, "ReservationTableDayConfig": {"executed_lines": [], "summary": {"covered_lines": 0, "num_statements": 0, "percent_covered": 100.0, "percent_covered_display": "100", "missing_lines": 0, "excluded_lines": 0, "percent_statements_covered": 100.0, "percent_statements_covered_display": "100"}, "missing_lines": [], "excluded_lines": [], "start_line": 300}, "Block": {"executed_lines": [], "summary": {"covered_lines": 0, "num_statements": 0, "percent_covered": 100.0, "percent_covered_display": "100", "missing_lines": 0, "excluded_lines": 0, "percent_statements_covered": 100.0, "percent_statements_covered_display": "100"}, "missing_lines": [], "excluded_lines": [], "start_line": 314}, "BlockAssignment": {"executed_lines": [], "summary": {"covered_lines": 0, "num_statements": 0, "percent_covered": 100.0, "percent_covered_display": "100", "missing_lines": 0, "excluded_lines": 0, "percent_statements_covered": 100.0, "percent_statements_covered_display": "100"}, "missing_lines": [], "excluded_lines": [], "start_line": 326}, "Waitlist": {"executed_lines": [], "summary": {"covered_lines": 0, "num_statements": 0, "percent_covered": 100.0, "percent_covered_display": "100", "missing_lines": 0, "excluded_lines": 0, "percent_statements_covered": 100.0, "percent_statements_covered_display": "100"}, "missing_lines": [], "excluded_lines": [], "start_line": 340}, "Message": {"executed_lines": [], "summary": {"covered_lines": 0, "num_statements": 0, "percent_covered": 100.0, "percent_covered_display": "100", "missing_lines": 0, "excluded_lines": 0, "percent_statements_covered": 100.0, "percent_statements_covered_display": "100"}, "missing_lines": [], "excluded_lines": [], "start_line": 360}, "Area": {"executed_lines": [], "summary": {"covered_lines": 0, "num_statements": 0, "percent_covered": 100.0, "percent_covered_display": "100", "missing_lines": 0, "excluded_lines": 0, "percent_statements_covered": 100.0, "percent_statements_covered_display": "100"}, "missing_lines": [], "excluded_lines": [], "start_line": 380}, "Obstacle": {"executed_lines": [], "summary": {"covered_lines": 0, "num_statements": 0, "percent_covered": 100.0, "percent_covered_display": "100", "missing_lines": 0, "excluded_lines": 0, "percent_statements_covered": 100.0, "percent_statements_covered_display": "100"}, "missing_lines": [], "excluded_lines": [], "start_line": 390}, "Order": {"executed_lines": [], "summary": {"covered_lines": 0, "num_statements": 0, "percent_covered": 100.0, "percent_covered_display": "100", "missing_lines": 0, "excluded_lines": 0, "percent_statements_covered": 100.0, "percent_statements_covered_display": "100"}, "missing_lines": [], "excluded_lines": [], "start_line": 411}, "OrderItem": {"executed_lines": [], "summary": {"covered_lines": 0, "num_statements": 0, "percent_covered": 100.0, "percent_covered_display": "100", "missing_lines": 0, "excluded_lines": 0, "percent_statements_covered": 100.0, "percent_statements_covered_display": "100"}, "missing_lines": [], "excluded_lines": [], "start_line": 469}, "MenuCategory": {"executed_lines": [], "summary": {"covered_lines": 0, "num_statements": 0, "percent_covered": 100.0, "percent_covered_display": "100", "missing_lines": 0, "excluded_lines": 0, "percent_statements_covered": 100.0, "percent_statements_covered_display": "100"}, "missing_lines": [], "excluded_lines": [], "start_line": 506}, "MenuItem": {"executed_lines": [], "summary": {"covered_lines": 0, "num_statements": 0, "percent_covered": 100.0, "percent_covered_display": "100", "missing_lines": 0, "excluded_lines": 0, "percent_statements_covered": 100.0, "percent_statements_covered_display": "100"}, "missing_lines": [], "excluded_lines": [], "start_line": 525}, "SumUpPayment": {"executed_lines": [], "summary": {"covered_lines": 0, "num_statements": 0, "percent_covered": 100.0, "percent_covered_display": "100", "missing_lines": 0, "excluded_lines": 0, "percent_statements_covered": 100.0, "percent_statements_covered_display": "100"}, "missing_lines": [], "excluded_lines": [], "start_line": 553}, "": {"executed_lines": [], "summary": {"covered_lines": 0, "num_statements": 323, "percent_covered": 0.0, "percent_covered_display": "0", "missing_lines": 323, "excluded_lines": 0, "percent_statements_covered": 0.0, "percent_statements_covered_display": "0"}, "missing_lines": [1, 16, 19, 20, 22, 23, 26, 27, 28, 31, 32, 34, 35, 38, 39, 40, 41, 42, 45, 46, 48, 49, 52, 55, 58, 61, 62, 63, 64, 67, 68, 69, 72, 75, 76, 78, 79, 82, 83, 84, 89, 90, 92, 93, 96, 99, 100, 101, 102, 103, 104, 105, 110, 111, 113, 114, 115, 118, 119, 120, 121, 124, 125, 128, 129, 132, 137, 138, 139, 140, 144, 145, 150, 151, 153, 154, 157, 160, 161, 162, 163, 164, 165, 166, 167, 168, 170, 171, 172, 173, 174, 175, 180, 183, 185, 186, 189, 192, 195, 198, 201, 202, 203, 204, 205, 206, 207, 208, 209, 210, 211, 212, 213, 215, 216, 220, 225, 226, 228, 229, 232, 233, 234, 235, 236, 237, 238, 239, 240, 241, 242, 247, 248, 250, 251, 254, 257, 261, 262, 263, 265, 266, 268, 269, 270, 271, 273, 274, 276, 277, 278, 279, 280, 281, 282, 284, 285, 290, 291, 292, 295, 296, 297, 300, 303, 304, 307, 310, 311, 314, 315, 316, 317, 320, 321, 322, 323, 326, 327, 328, 329, 332, 335, 337, 340, 341, 342, 343, 346, 349, 350, 351, 352, 353, 354, 355, 356, 357, 360, 361, 362, 363, 366, 369, 372, 373, 374, 375, 376, 377, 380, 381, 382, 383, 386, 387, 390, 391, 392, 393, 396, 399, 400, 401, 402, 403, 404, 405, 406, 407, 408, 411, 412, 414, 415, 418, 421, 424, 428, 429, 432, 434, 435, 436, 437, 438, 439, 440, 441, 443, 444, 445, 449, 450, 451, 453, 456, 457, 459, 463, 464, 469, 470, 472, 473, 476, 480, 481, 482, 484, 485, 486, 487, 491, 494, 495, 496, 498, 500, 501, 506, 507, 509, 510, 514, 515, 516, 517, 519, 520, 525, 526, 528, 529, 532, 536, 537, 538, 539, 540, 541, 542, 543, 547, 548, 553, 556, 558, 559, 562, 567, 568, 569, 572, 575, 578, 579, 580, 585, 588, 589, 590, 591], "excluded_lines": [], "start_line": 1}}}, "app/database/seed.py": {"executed_lines": [], "summary": {"covered_lines": 0, "num_statements": 50, "percent_covered": 0.0, "percent_covered_display": "0", "missing_lines": 50, "excluded_lines": 0, "percent_statements_covered": 0.0, "percent_statements_covered_display": "0"}, "missing_lines": [8, 9, 11, 12, 14, 15, 16, 18, 21, 34, 35, 36, 38, 41, 42, 44, 45, 46, 49, 51, 62, 63, 65, 66, 67, 68, 69, 72, 81, 83, 84, 86, 87, 88, 91, 94, 95, 97, 98, 99, 101, 103, 114, 115, 117, 120, 127, 129, 130, 131], "excluded_lines": [], "functions": {"seed_default_users": {"executed_lines": [], "summary": {"covered_lines": 0, "num_statements": 18, "percent_covered": 0.0, "percent_covered_display": "0", "missing_lines": 18, "excluded_lines": 0, "percent_statements_covered": 0.0, "percent_statements_covered_display": "0"}, "missing_lines": [34, 35, 36, 38, 41, 42, 44, 45, 46, 49, 51, 62, 63, 65, 66, 67, 68, 69], "excluded_lines": [], "start_line": 21}, "seed_platform_admin": {"executed_lines": [], "summary": {"covered_lines": 0, "num_statements": 17, "percent_covered": 0.0, "percent_covered_display": "0", "missing_lines": 17, "excluded_lines": 0, "percent_statements_covered": 0.0, "percent_statements_covered_display": "0"}, "missing_lines": [81, 83, 84, 86, 87, 88, 91, 94, 95, 97, 98, 99, 101, 103, 114, 115, 117], "excluded_lines": [], "start_line": 72}, "seed_database": {"executed_lines": [], "summary": {"covered_lines": 0, "num_statements": 4, "percent_covered": 0.0, "percent_covered_display": "0", "missing_lines": 4, "excluded_lines": 0, "percent_statements_covered": 0.0, "percent_statements_covered_display": "0"}, "missing_lines": [127, 129, 130, 131], "excluded_lines": [], "start_line": 120}, "": {"executed_lines": [], "summary": {"covered_lines": 0, "num_statements": 11, "percent_covered": 0.0, "percent_covered_display": "0", "missing_lines": 11, "excluded_lines": 0, "percent_statements_covered": 0.0, "percent_statements_covered_display": "0"}, "missing_lines": [8, 9, 11, 12, 14, 15, 16, 18, 21, 72, 120], "excluded_lines": [], "start_line": 1}}, "classes": {"": {"executed_lines": [], "summary": {"covered_lines": 0, "num_statements": 50, "percent_covered": 0.0, "percent_covered_display": "0", "missing_lines": 50, "excluded_lines": 0, "percent_statements_covered": 0.0, "percent_statements_covered_display": "0"}, "missing_lines": [8, 9, 11, 12, 14, 15, 16, 18, 21, 34, 35, 36, 38, 41, 42, 44, 45, 46, 49, 51, 62, 63, 65, 66, 67, 68, 69, 72, 81, 83, 84, 86, 87, 88, 91, 94, 95, 97, 98, 99, 101, 103, 114, 115, 117, 120, 127, 129, 130, 131], "excluded_lines": [], "start_line": 1}}}, "app/dependencies.py": {"executed_lines": [], "summary": {"covered_lines": 0, "num_statements": 81, "percent_covered": 0.0, "percent_covered_display": "0", "missing_lines": 81, "excluded_lines": 0, "percent_statements_covered": 0.0, "percent_statements_covered_display": "0"}, "missing_lines": [1, 3, 4, 5, 6, 8, 9, 10, 11, 12, 14, 17, 24, 25, 26, 27, 28, 29, 30, 31, 32, 35, 50, 51, 53, 54, 60, 62, 63, 69, 70, 71, 77, 78, 80, 81, 87, 88, 92, 95, 99, 100, 104, 107, 111, 112, 116, 119, 123, 129, 133, 136, 140, 147, 151, 154, 158, 159, 160, 163, 166, 170, 171, 172, 175, 179, 183, 186, 190, 193, 195, 197, 199, 205, 210, 211, 212, 218, 223, 224, 225], "excluded_lines": [], "functions": {"get_session": {"executed_lines": [], "summary": {"covered_lines": 0, "num_statements": 9, "percent_covered": 0.0, "percent_covered_display": "0", "missing_lines": 9, "excluded_lines": 0, "percent_statements_covered": 0.0, "percent_statements_covered_display": "0"}, "missing_lines": [24, 25, 26, 27, 28, 29, 30, 31, 32], "excluded_lines": [], "start_line": 17}, "get_current_user": {"executed_lines": [], "summary": {"covered_lines": 0, "num_statements": 17, "percent_covered": 0.0, "percent_covered_display": "0", "missing_lines": 17, "excluded_lines": 0, "percent_statements_covered": 0.0, "percent_statements_covered_display": "0"}, "missing_lines": [50, 51, 53, 54, 60, 62, 63, 69, 70, 71, 77, 78, 80, 81, 87, 88, 92], "excluded_lines": [], "start_line": 35}, "require_servecta_role": {"executed_lines": [], "summary": {"covered_lines": 0, "num_statements": 3, "percent_covered": 0.0, "percent_covered_display": "0", "missing_lines": 3, "excluded_lines": 0, "percent_statements_covered": 0.0, "percent_statements_covered_display": "0"}, "missing_lines": [99, 100, 104], "excluded_lines": [], "start_line": 95}, "require_restaurantinhaber_role": {"executed_lines": [], "summary": {"covered_lines": 0, "num_statements": 3, "percent_covered": 0.0, "percent_covered_display": "0", "missing_lines": 3, "excluded_lines": 0, "percent_statements_covered": 0.0, "percent_statements_covered_display": "0"}, "missing_lines": [111, 112, 116], "excluded_lines": [], "start_line": 107}, "require_schichtleiter_role": {"executed_lines": [], "summary": {"covered_lines": 0, "num_statements": 3, "percent_covered": 0.0, "percent_covered_display": "0", "missing_lines": 3, "excluded_lines": 0, "percent_statements_covered": 0.0, "percent_statements_covered_display": "0"}, "missing_lines": [123, 129, 133], "excluded_lines": [], "start_line": 119}, "require_mitarbeiter_role": {"executed_lines": [], "summary": {"covered_lines": 0, "num_statements": 3, "percent_covered": 0.0, "percent_covered_display": "0", "missing_lines": 3, "excluded_lines": 0, "percent_statements_covered": 0.0, "percent_statements_covered_display": "0"}, "missing_lines": [140, 147, 151], "excluded_lines": [], "start_line": 136}, "require_reservations_module": {"executed_lines": [], "summary": {"covered_lines": 0, "num_statements": 3, "percent_covered": 0.0, "percent_covered_display": "0", "missing_lines": 3, "excluded_lines": 0, "percent_statements_covered": 0.0, "percent_statements_covered_display": "0"}, "missing_lines": [210, 211, 212], "excluded_lines": [], "start_line": 205}, "require_orders_module": {"executed_lines": [], "summary": {"covered_lines": 0, "num_statements": 3, "percent_covered": 0.0, "percent_covered_display": "0", "missing_lines": 3, "excluded_lines": 0, "percent_statements_covered": 0.0, "percent_statements_covered_display": "0"}, "missing_lines": [223, 224, 225], "excluded_lines": [], "start_line": 218}, "require_reservations_module_with_role": {"executed_lines": [], "summary": {"covered_lines": 0, "num_statements": 1, "percent_covered": 0.0, "percent_covered_display": "0", "missing_lines": 1, "excluded_lines": 0, "percent_statements_covered": 0.0, "percent_statements_covered_display": "0"}, "missing_lines": [183], "excluded_lines": [], "start_line": 179}, "require_orders_module_with_role": {"executed_lines": [], "summary": {"covered_lines": 0, "num_statements": 1, "percent_covered": 0.0, "percent_covered_display": "0", "missing_lines": 1, "excluded_lines": 0, "percent_statements_covered": 0.0, "percent_statements_covered_display": "0"}, "missing_lines": [190], "excluded_lines": [], "start_line": 186}, "normalize_datetime_to_utc": {"executed_lines": [], "summary": {"covered_lines": 0, "num_statements": 3, "percent_covered": 0.0, "percent_covered_display": "0", "missing_lines": 3, "excluded_lines": 0, "percent_statements_covered": 0.0, "percent_statements_covered_display": "0"}, "missing_lines": [195, 197, 199], "excluded_lines": [], "start_line": 193}, "": {"executed_lines": [], "summary": {"covered_lines": 0, "num_statements": 24, "percent_covered": 0.0, "percent_covered_display": "0", "missing_lines": 24, "excluded_lines": 0, "percent_statements_covered": 0.0, "percent_statements_covered_display": "0"}, "missing_lines": [1, 3, 4, 5, 6, 8, 9, 10, 11, 12, 14, 17, 35, 95, 107, 119, 136, 154, 166, 179, 186, 193, 205, 218], "excluded_lines": [], "start_line": 1}}, "classes": {"": {"executed_lines": [], "summary": {"covered_lines": 0, "num_statements": 81, "percent_covered": 0.0, "percent_covered_display": "0", "missing_lines": 81, "excluded_lines": 0, "percent_statements_covered": 0.0, "percent_statements_covered_display": "0"}, "missing_lines": [1, 3, 4, 5, 6, 8, 9, 10, 11, 12, 14, 17, 24, 25, 26, 27, 28, 29, 30, 31, 32, 35, 50, 51, 53, 54, 60, 62, 63, 69, 70, 71, 77, 78, 80, 81, 87, 88, 92, 95, 99, 100, 104, 107, 111, 112, 116, 119, 123, 129, 133, 136, 140, 147, 151, 154, 158, 159, 160, 163, 166, 170, 171, 172, 175, 179, 183, 186, 190, 193, 195, 197, 199, 205, 210, 211, 212, 218, 223, 224, 225], "excluded_lines": [], "start_line": 1}}}, "app/main.py": {"executed_lines": [], "summary": {"covered_lines": 0, "num_statements": 122, "percent_covered": 0.0, "percent_covered_display": "0", "missing_lines": 122, "excluded_lines": 0, "percent_statements_covered": 0.0, "percent_statements_covered_display": "0"}, "missing_lines": [1, 2, 3, 5, 6, 7, 8, 10, 11, 22, 23, 53, 54, 67, 69, 72, 73, 74, 77, 78, 80, 81, 84, 85, 86, 88, 89, 92, 95, 96, 98, 100, 103, 113, 118, 121, 122, 123, 124, 125, 126, 127, 128, 133, 144, 147, 150, 153, 156, 157, 158, 161, 162, 163, 166, 167, 168, 169, 170, 171, 172, 173, 174, 175, 176, 177, 178, 179, 180, 181, 182, 183, 184, 185, 186, 187, 188, 189, 190, 191, 193, 194, 195, 197, 198, 201, 202, 204, 206, 241, 243, 246, 247, 248, 254, 256, 258, 260, 263, 264, 265, 266, 267, 268, 269, 270, 273, 286, 287, 290, 298, 304, 312, 315, 317, 318, 320, 322, 323, 324, 325, 326], "excluded_lines": [], "functions": {"lifespan": {"executed_lines": [], "summary": {"covered_lines": 0, "num_statements": 12, "percent_covered": 0.0, "percent_covered_display": "0", "missing_lines": 12, "excluded_lines": 0, "percent_statements_covered": 0.0, "percent_statements_covered_display": "0"}, "missing_lines": [80, 81, 84, 85, 86, 88, 89, 92, 95, 96, 98, 100], "excluded_lines": [], "start_line": 78}, "root": {"executed_lines": [], "summary": {"covered_lines": 0, "num_statements": 2, "percent_covered": 0.0, "percent_covered_display": "0", "missing_lines": 2, "excluded_lines": 0, "percent_statements_covered": 0.0, "percent_statements_covered_display": "0"}, "missing_lines": [204, 206], "excluded_lines": [], "start_line": 202}, "_is_production_environment": {"executed_lines": [], "summary": {"covered_lines": 0, "num_statements": 1, "percent_covered": 0.0, "percent_covered_display": "0", "missing_lines": 1, "excluded_lines": 0, "percent_statements_covered": 0.0, "percent_statements_covered_display": "0"}, "missing_lines": [243], "excluded_lines": [], "start_line": 241}, "health": {"executed_lines": [], "summary": {"covered_lines": 0, "num_statements": 19, "percent_covered": 0.0, "percent_covered_display": "0", "missing_lines": 19, "excluded_lines": 0, "percent_statements_covered": 0.0, "percent_statements_covered_display": "0"}, "missing_lines": [254, 256, 258, 260, 263, 264, 265, 266, 267, 268, 269, 270, 273, 286, 287, 290, 298, 304, 312], "excluded_lines": [], "start_line": 248}, "_mask_database_url": {"executed_lines": [], "summary": {"covered_lines": 0, "num_statements": 8, "percent_covered": 0.0, "percent_covered_display": "0", "missing_lines": 8, "excluded_lines": 0, "percent_statements_covered": 0.0, "percent_statements_covered_display": "0"}, "missing_lines": [317, 318, 320, 322, 323, 324, 325, 326], "excluded_lines": [], "start_line": 315}, "": {"executed_lines": [], "summary": {"covered_lines": 0, "num_statements": 80, "percent_covered": 0.0, "percent_covered_display": "0", "missing_lines": 80, "excluded_lines": 0, "percent_statements_covered": 0.0, "percent_statements_covered_display": "0"}, "missing_lines": [1, 2, 3, 5, 6, 7, 8, 10, 11, 22, 23, 53, 54, 67, 69, 72, 73, 74, 77, 78, 103, 113, 118, 121, 122, 123, 124, 125, 126, 127, 128, 133, 144, 147, 150, 153, 156, 157, 158, 161, 162, 163, 166, 167, 168, 169, 170, 171, 172, 173, 174, 175, 176, 177, 178, 179, 180, 181, 182, 183, 184, 185, 186, 187, 188, 189, 190, 191, 193, 194, 195, 197, 198, 201, 202, 241, 246, 247, 248, 315], "excluded_lines": [], "start_line": 1}}, "classes": {"": {"executed_lines": [], "summary": {"covered_lines": 0, "num_statements": 122, "percent_covered": 0.0, "percent_covered_display": "0", "missing_lines": 122, "excluded_lines": 0, "percent_statements_covered": 0.0, "percent_statements_covered_display": "0"}, "missing_lines": [1, 2, 3, 5, 6, 7, 8, 10, 11, 22, 23, 53, 54, 67, 69, 72, 73, 74, 77, 78, 80, 81, 84, 85, 86, 88, 89, 92, 95, 96, 98, 100, 103, 113, 118, 121, 122, 123, 124, 125, 126, 127, 128, 133, 144, 147, 150, 153, 156, 157, 158, 161, 162, 163, 166, 167, 168, 169, 170, 171, 172, 173, 174, 175, 176, 177, 178, 179, 180, 181, 182, 183, 184, 185, 186, 187, 188, 189, 190, 191, 193, 194, 195, 197, 198, 201, 202, 204, 206, 241, 243, 246, 247, 248, 254, 256, 258, 260, 263, 264, 265, 266, 267, 268, 269, 270, 273, 286, 287, 290, 298, 304, 312, 315, 317, 318, 320, 322, 323, 324, 325, 326], "excluded_lines": [], "start_line": 1}}}, "app/middleware.py": {"executed_lines": [], "summary": {"covered_lines": 0, "num_statements": 362, "percent_covered": 0.0, "percent_covered_display": "0", "missing_lines": 362, "excluded_lines": 0, "percent_statements_covered": 0.0, "percent_statements_covered_display": "0"}, "missing_lines": [5, 6, 7, 8, 9, 10, 11, 12, 13, 15, 16, 17, 18, 20, 21, 22, 23, 24, 25, 39, 42, 43, 44, 45, 46, 49, 53, 56, 68, 78, 85, 88, 91, 92, 93, 94, 95, 96, 99, 102, 103, 104, 105, 106, 107, 108, 109, 110, 111, 112, 113, 114, 115, 116, 117, 118, 121, 122, 123, 124, 127, 128, 129, 130, 131, 132, 133, 134, 135, 136, 138, 139, 141, 144, 145, 146, 147, 148, 149, 150, 151, 153, 154, 156, 159, 160, 161, 162, 164, 167, 178, 179, 180, 182, 186, 187, 188, 189, 190, 192, 197, 198, 199, 201, 204, 206, 207, 208, 210, 213, 214, 215, 216, 219, 220, 231, 232, 233, 236, 237, 238, 239, 243, 244, 245, 246, 249, 250, 251, 253, 254, 257, 263, 268, 274, 275, 276, 277, 278, 282, 283, 284, 285, 289, 292, 293, 294, 295, 296, 297, 298, 299, 303, 304, 305, 306, 310, 313, 316, 328, 329, 330, 331, 332, 341, 343, 344, 345, 347, 348, 349, 350, 352, 354, 355, 357, 358, 359, 360, 362, 363, 364, 365, 368, 371, 372, 377, 380, 383, 386, 391, 395, 413, 414, 426, 439, 441, 444, 448, 457, 459, 460, 462, 465, 466, 467, 468, 469, 470, 471, 472, 473, 474, 475, 478, 479, 480, 481, 483, 492, 493, 494, 495, 496, 498, 499, 500, 501, 504, 505, 507, 508, 509, 510, 511, 512, 513, 515, 518, 519, 525, 531, 533, 534, 535, 536, 539, 540, 542, 543, 544, 545, 546, 548, 557, 558, 559, 560, 561, 562, 564, 565, 566, 569, 571, 574, 577, 579, 580, 582, 583, 586, 587, 588, 591, 592, 593, 594, 595, 597, 598, 600, 601, 608, 609, 618, 621, 624, 626, 627, 628, 629, 630, 631, 633, 635, 636, 638, 639, 640, 643, 644, 645, 646, 647, 648, 649, 650, 651, 653, 654, 655, 656, 657, 658, 659, 660, 661, 662, 663, 664, 665, 666, 668, 669, 670, 671, 672, 673, 674, 677, 678, 680, 688, 689, 701, 702, 707, 710, 713, 714, 715, 717, 718, 719, 720, 721, 722, 730, 737, 741, 743, 744, 745, 748, 750, 751, 754, 760, 762, 765, 767], "excluded_lines": [], "functions": {"JSONFormatter.add_fields": {"executed_lines": [], "summary": {"covered_lines": 0, "num_statements": 4, "percent_covered": 0.0, "percent_covered_display": "0", "missing_lines": 4, "excluded_lines": 0, "percent_statements_covered": 0.0, "percent_statements_covered_display": "0"}, "missing_lines": [43, 44, 45, 46], "excluded_lines": [], "start_line": 42}, "ColoredConsoleFormatter.format": {"executed_lines": [], "summary": {"covered_lines": 0, "num_statements": 73, "percent_covered": 0.0, "percent_covered_display": "0", "missing_lines": 73, "excluded_lines": 0, "percent_statements_covered": 0.0, "percent_statements_covered_display": "0"}, "missing_lines": [88, 91, 92, 93, 94, 95, 96, 99, 102, 103, 104, 105, 106, 107, 108, 109, 110, 111, 112, 113, 114, 115, 116, 117, 118, 121, 122, 123, 124, 127, 128, 129, 130, 131, 132, 133, 134, 135, 136, 138, 139, 141, 144, 145, 146, 147, 148, 149, 150, 151, 153, 154, 156, 159, 160, 161, 162, 164, 167, 178, 179, 180, 182, 186, 187, 188, 189, 190, 192, 197, 198, 199, 201], "excluded_lines": [], "start_line": 85}, "setup_logging": {"executed_lines": [], "summary": {"covered_lines": 0, "num_statements": 26, "percent_covered": 0.0, "percent_covered_display": "0", "missing_lines": 26, "excluded_lines": 0, "percent_statements_covered": 0.0, "percent_statements_covered_display": "0"}, "missing_lines": [206, 207, 208, 210, 213, 214, 215, 216, 219, 220, 231, 232, 233, 236, 237, 238, 239, 243, 244, 245, 246, 249, 250, 251, 253, 254], "excluded_lines": [], "start_line": 204}, "_prune_logs": {"executed_lines": [], "summary": {"covered_lines": 0, "num_statements": 24, "percent_covered": 0.0, "percent_covered_display": "0", "missing_lines": 24, "excluded_lines": 0, "percent_statements_covered": 0.0, "percent_statements_covered_display": "0"}, "missing_lines": [268, 274, 275, 276, 277, 278, 282, 283, 284, 285, 289, 292, 293, 294, 295, 296, 297, 298, 299, 303, 304, 305, 306, 310], "excluded_lines": [], "start_line": 263}, "DatePrefixedTimedRotatingFileHandler.__init__": {"executed_lines": [], "summary": {"covered_lines": 0, "num_statements": 6, "percent_covered": 0.0, "percent_covered_display": "0", "missing_lines": 6, "excluded_lines": 0, "percent_statements_covered": 0.0, "percent_statements_covered_display": "0"}, "missing_lines": [328, 329, 330, 331, 332, 341], "excluded_lines": [], "start_line": 316}, "DatePrefixedTimedRotatingFileHandler._build_filename": {"executed_lines": [], "summary": {"covered_lines": 0, "num_statements": 2, "percent_covered": 0.0, "percent_covered_display": "0", "missing_lines": 2, "excluded_lines": 0, "percent_statements_covered": 0.0, "percent_statements_covered_display": "0"}, "missing_lines": [344, 345], "excluded_lines": [], "start_line": 343}, "DatePrefixedTimedRotatingFileHandler.doRollover": {"executed_lines": [], "summary": {"covered_lines": 0, "num_statements": 14, "percent_covered": 0.0, "percent_covered_display": "0", "missing_lines": 14, "excluded_lines": 0, "percent_statements_covered": 0.0, "percent_statements_covered_display": "0"}, "missing_lines": [348, 349, 350, 352, 354, 355, 357, 358, 359, 360, 362, 363, 364, 365], "excluded_lines": [], "start_line": 347}, "SecurityHeadersMiddleware.dispatch": {"executed_lines": [], "summary": {"covered_lines": 0, "num_statements": 12, "percent_covered": 0.0, "percent_covered_display": "0", "missing_lines": 12, "excluded_lines": 0, "percent_statements_covered": 0.0, "percent_statements_covered_display": "0"}, "missing_lines": [372, 377, 380, 383, 386, 391, 395, 413, 414, 426, 439, 441], "excluded_lines": [], "start_line": 371}, "RequestLoggingMiddleware.dispatch": {"executed_lines": [], "summary": {"covered_lines": 0, "num_statements": 65, "percent_covered": 0.0, "percent_covered_display": "0", "missing_lines": 65, "excluded_lines": 0, "percent_statements_covered": 0.0, "percent_statements_covered_display": "0"}, "missing_lines": [459, 460, 462, 465, 466, 467, 468, 469, 470, 471, 472, 473, 474, 475, 478, 479, 480, 481, 483, 492, 493, 494, 495, 496, 498, 499, 500, 501, 504, 505, 507, 508, 509, 510, 511, 512, 513, 515, 518, 519, 525, 531, 533, 534, 535, 536, 539, 540, 542, 543, 544, 545, 546, 548, 557, 558, 559, 560, 561, 562, 564, 565, 566, 569, 571], "excluded_lines": [], "start_line": 457}, "ActivityLogMiddleware.dispatch": {"executed_lines": [], "summary": {"covered_lines": 0, "num_statements": 18, "percent_covered": 0.0, "percent_covered_display": "0", "missing_lines": 18, "excluded_lines": 0, "percent_statements_covered": 0.0, "percent_statements_covered_display": "0"}, "missing_lines": [580, 582, 583, 586, 587, 588, 591, 592, 593, 594, 595, 597, 598, 600, 601, 608, 609, 618], "excluded_lines": [], "start_line": 579}, "AuditLogMiddleware.dispatch": {"executed_lines": [], "summary": {"covered_lines": 0, "num_statements": 49, "percent_covered": 0.0, "percent_covered_display": "0", "missing_lines": 49, "excluded_lines": 0, "percent_statements_covered": 0.0, "percent_statements_covered_display": "0"}, "missing_lines": [627, 628, 629, 630, 631, 633, 635, 636, 638, 639, 640, 643, 644, 645, 646, 647, 648, 649, 650, 651, 653, 654, 655, 656, 657, 658, 659, 660, 661, 662, 663, 664, 665, 666, 668, 669, 670, 671, 672, 673, 674, 677, 678, 680, 688, 689, 701, 702, 707], "excluded_lines": [], "start_line": 626}, "RequestTimeoutMiddleware.__init__": {"executed_lines": [], "summary": {"covered_lines": 0, "num_statements": 2, "percent_covered": 0.0, "percent_covered_display": "0", "missing_lines": 2, "excluded_lines": 0, "percent_statements_covered": 0.0, "percent_statements_covered_display": "0"}, "missing_lines": [714, 715], "excluded_lines": [], "start_line": 713}, "RequestTimeoutMiddleware.dispatch": {"executed_lines": [], "summary": {"covered_lines": 0, "num_statements": 6, "percent_covered": 0.0, "percent_covered_display": "0", "missing_lines": 6, "excluded_lines": 0, "percent_statements_covered": 0.0, "percent_statements_covered_display": "0"}, "missing_lines": [718, 719, 720, 721, 722, 730], "excluded_lines": [], "start_line": 717}, "HostValidationMiddleware.dispatch": {"executed_lines": [], "summary": {"covered_lines": 0, "num_statements": 6, "percent_covered": 0.0, "percent_covered_display": "0", "missing_lines": 6, "excluded_lines": 0, "percent_statements_covered": 0.0, "percent_statements_covered_display": "0"}, "missing_lines": [744, 745, 748, 750, 751, 754], "excluded_lines": [], "start_line": 743}, "log_startup": {"executed_lines": [], "summary": {"covered_lines": 0, "num_statements": 1, "percent_covered": 0.0, "percent_covered_display": "0", "missing_lines": 1, "excluded_lines": 0, "percent_statements_covered": 0.0, "percent_statements_covered_display": "0"}, "missing_lines": [762], "excluded_lines": [], "start_line": 760}, "log_shutdown": {"executed_lines": [], "summary": {"covered_lines": 0, "num_statements": 1, "percent_covered": 0.0, "percent_covered_display": "0", "missing_lines": 1, "excluded_lines": 0, "percent_statements_covered": 0.0, "percent_statements_covered_display": "0"}, "missing_lines": [767], "excluded_lines": [], "start_line": 765}, "": {"executed_lines": [], "summary": {"covered_lines": 0, "num_statements": 53, "percent_covered": 0.0, "percent_covered_display": "0", "missing_lines": 53, "excluded_lines": 0, "percent_statements_covered": 0.0, "percent_statements_covered_display": "0"}, "missing_lines": [5, 6, 7, 8, 9, 10, 11, 12, 13, 15, 16, 17, 18, 20, 21, 22, 23, 24, 25, 39, 42, 49, 53, 56, 68, 78, 85, 204, 257, 263, 313, 316, 343, 347, 368, 371, 444, 448, 457, 574, 577, 579, 621, 624, 626, 710, 713, 717, 737, 741, 743, 760, 765], "excluded_lines": [], "start_line": 1}}, "classes": {"JSONFormatter": {"executed_lines": [], "summary": {"covered_lines": 0, "num_statements": 4, "percent_covered": 0.0, "percent_covered_display": "0", "missing_lines": 4, "excluded_lines": 0, "percent_statements_covered": 0.0, "percent_statements_covered_display": "0"}, "missing_lines": [43, 44, 45, 46], "excluded_lines": [], "start_line": 39}, "ColoredConsoleFormatter": {"executed_lines": [], "summary": {"covered_lines": 0, "num_statements": 73, "percent_covered": 0.0, "percent_covered_display": "0", "missing_lines": 73, "excluded_lines": 0, "percent_statements_covered": 0.0, "percent_statements_covered_display": "0"}, "missing_lines": [88, 91, 92, 93, 94, 95, 96, 99, 102, 103, 104, 105, 106, 107, 108, 109, 110, 111, 112, 113, 114, 115, 116, 117, 118, 121, 122, 123, 124, 127, 128, 129, 130, 131, 132, 133, 134, 135, 136, 138, 139, 141, 144, 145, 146, 147, 148, 149, 150, 151, 153, 154, 156, 159, 160, 161, 162, 164, 167, 178, 179, 180, 182, 186, 187, 188, 189, 190, 192, 197, 198, 199, 201], "excluded_lines": [], "start_line": 49}, "DatePrefixedTimedRotatingFileHandler": {"executed_lines": [], "summary": {"covered_lines": 0, "num_statements": 22, "percent_covered": 0.0, "percent_covered_display": "0", "missing_lines": 22, "excluded_lines": 0, "percent_statements_covered": 0.0, "percent_statements_covered_display": "0"}, "missing_lines": [328, 329, 330, 331, 332, 341, 344, 345, 348, 349, 350, 352, 354, 355, 357, 358, 359, 360, 362, 363, 364, 365], "excluded_lines": [], "start_line": 313}, "SecurityHeadersMiddleware": {"executed_lines": [], "summary": {"covered_lines": 0, "num_statements": 12, "percent_covered": 0.0, "percent_covered_display": "0", "missing_lines": 12, "excluded_lines": 0, "percent_statements_covered": 0.0, "percent_statements_covered_display": "0"}, "missing_lines": [372, 377, 380, 383, 386, 391, 395, 413, 414, 426, 439, 441], "excluded_lines": [], "start_line": 368}, "RequestLoggingMiddleware": {"executed_lines": [], "summary": {"covered_lines": 0, "num_statements": 65, "percent_covered": 0.0, "percent_covered_display": "0", "missing_lines": 65, "excluded_lines": 0, "percent_statements_covered": 0.0, "percent_statements_covered_display": "0"}, "missing_lines": [459, 460, 462, 465, 466, 467, 468, 469, 470, 471, 472, 473, 474, 475, 478, 479, 480, 481, 483, 492, 493, 494, 495, 496, 498, 499, 500, 501, 504, 505, 507, 508, 509, 510, 511, 512, 513, 515, 518, 519, 525, 531, 533, 534, 535, 536, 539, 540, 542, 543, 544, 545, 546, 548, 557, 558, 559, 560, 561, 562, 564, 565, 566, 569, 571], "excluded_lines": [], "start_line": 444}, "ActivityLogMiddleware": {"executed_lines": [], "summary": {"covered_lines": 0, "num_statements": 18, "percent_covered": 0.0, "percent_covered_display": "0", "missing_lines": 18, "excluded_lines": 0, "percent_statements_covered": 0.0, "percent_statements_covered_display": "0"}, "missing_lines": [580, 582, 583, 586, 587, 588, 591, 592, 593, 594, 595, 597, 598, 600, 601, 608, 609, 618], "excluded_lines": [], "start_line": 574}, "AuditLogMiddleware": {"executed_lines": [], "summary": {"covered_lines": 0, "num_statements": 49, "percent_covered": 0.0, "percent_covered_display": "0", "missing_lines": 49, "excluded_lines": 0, "percent_statements_covered": 0.0, "percent_statements_covered_display": "0"}, "missing_lines": [627, 628, 629, 630, 631, 633, 635, 636, 638, 639, 640, 643, 644, 645, 646, 647, 648, 649, 650, 651, 653, 654, 655, 656, 657, 658, 659, 660, 661, 662, 663, 664, 665, 666, 668, 669, 670, 671, 672, 673, 674, 677, 678, 680, 688, 689, 701, 702, 707], "excluded_lines": [], "start_line": 621}, "RequestTimeoutMiddleware": {"executed_lines": [], "summary": {"covered_lines": 0, "num_statements": 8, "percent_covered": 0.0, "percent_covered_display": "0", "missing_lines": 8, "excluded_lines": 0, "percent_statements_covered": 0.0, "percent_statements_covered_display": "0"}, "missing_lines": [714, 715, 718, 719, 720, 721, 722, 730], "excluded_lines": [], "start_line": 710}, "HostValidationMiddleware": {"executed_lines": [], "summary": {"covered_lines": 0, "num_statements": 6, "percent_covered": 0.0, "percent_covered_display": "0", "missing_lines": 6, "excluded_lines": 0, "percent_statements_covered": 0.0, "percent_statements_covered_display": "0"}, "missing_lines": [744, 745, 748, 750, 751, 754], "excluded_lines": [], "start_line": 737}, "": {"executed_lines": [], "summary": {"covered_lines": 0, "num_statements": 105, "percent_covered": 0.0, "percent_covered_display": "0", "missing_lines": 105, "excluded_lines": 0, "percent_statements_covered": 0.0, "percent_statements_covered_display": "0"}, "missing_lines": [5, 6, 7, 8, 9, 10, 11, 12, 13, 15, 16, 17, 18, 20, 21, 22, 23, 24, 25, 39, 42, 49, 53, 56, 68, 78, 85, 204, 206, 207, 208, 210, 213, 214, 215, 216, 219, 220, 231, 232, 233, 236, 237, 238, 239, 243, 244, 245, 246, 249, 250, 251, 253, 254, 257, 263, 268, 274, 275, 276, 277, 278, 282, 283, 284, 285, 289, 292, 293, 294, 295, 296, 297, 298, 299, 303, 304, 305, 306, 310, 313, 316, 343, 347, 368, 371, 444, 448, 457, 574, 577, 579, 621, 624, 626, 710, 713, 717, 737, 741, 743, 760, 762, 765, 767], "excluded_lines": [], "start_line": 1}}}, "app/rate_limiter.py": {"executed_lines": [], "summary": {"covered_lines": 0, "num_statements": 42, "percent_covered": 0.0, "percent_covered_display": "0", "missing_lines": 42, "excluded_lines": 0, "percent_statements_covered": 0.0, "percent_statements_covered_display": "0"}, "missing_lines": [6, 8, 9, 10, 11, 12, 14, 16, 19, 20, 26, 28, 29, 30, 32, 33, 35, 43, 48, 49, 50, 53, 61, 67, 69, 72, 74, 75, 77, 78, 80, 81, 83, 84, 88, 89, 91, 92, 94, 95, 97, 98], "excluded_lines": [], "functions": {"setup_rate_limiting": {"executed_lines": [], "summary": {"covered_lines": 0, "num_statements": 3, "percent_covered": 0.0, "percent_covered_display": "0", "missing_lines": 3, "excluded_lines": 0, "percent_statements_covered": 0.0, "percent_statements_covered_display": "0"}, "missing_lines": [48, 49, 61], "excluded_lines": [], "start_line": 43}, "setup_rate_limiting.rate_limit_exceeded_handler": {"executed_lines": [], "summary": {"covered_lines": 0, "num_statements": 2, "percent_covered": 0.0, "percent_covered_display": "0", "missing_lines": 2, "excluded_lines": 0, "percent_statements_covered": 0.0, "percent_statements_covered_display": "0"}, "missing_lines": [50, 53], "excluded_lines": [], "start_line": 49}, "_no_op_decorator": {"executed_lines": [], "summary": {"covered_lines": 0, "num_statements": 1, "percent_covered": 0.0, "percent_covered_display": "0", "missing_lines": 1, "excluded_lines": 0, "percent_statements_covered": 0.0, "percent_statements_covered_display": "0"}, "missing_lines": [69], "excluded_lines": [], "start_line": 67}, "rate_limit_strict": {"executed_lines": [], "summary": {"covered_lines": 0, "num_statements": 1, "percent_covered": 0.0, "percent_covered_display": "0", "missing_lines": 1, "excluded_lines": 0, "percent_statements_covered": 0.0, "percent_statements_covered_display": "0"}, "missing_lines": [75], "excluded_lines": [], "start_line": 74}, "rate_limit_moderate": {"executed_lines": [], "summary": {"covered_lines": 0, "num_statements": 1, "percent_covered": 0.0, "percent_covered_display": "0", "missing_lines": 1, "excluded_lines": 0, "percent_statements_covered": 0.0, "percent_statements_covered_display": "0"}, "missing_lines": [78], "excluded_lines": [], "start_line": 77}, "rate_limit_generous": {"executed_lines": [], "summary": {"covered_lines": 0, "num_statements": 1, "percent_covered": 0.0, "percent_covered_display": "0", "missing_lines": 1, "excluded_lines": 0, "percent_statements_covered": 0.0, "percent_statements_covered_display": "0"}, "missing_lines": [81], "excluded_lines": [], "start_line": 80}, "rate_limit_public": {"executed_lines": [], "summary": {"covered_lines": 0, "num_statements": 1, "percent_covered": 0.0, "percent_covered_display": "0", "missing_lines": 1, "excluded_lines": 0, "percent_statements_covered": 0.0, "percent_statements_covered_display": "0"}, "missing_lines": [84], "excluded_lines": [], "start_line": 83}, "": {"executed_lines": [], "summary": {"covered_lines": 0, "num_statements": 32, "percent_covered": 0.0, "percent_covered_display": "0", "missing_lines": 32, "excluded_lines": 0, "percent_statements_covered": 0.0, "percent_statements_covered_display": "0"}, "missing_lines": [6, 8, 9, 10, 11, 12, 14, 16, 19, 20, 26, 28, 29, 30, 32, 33, 35, 43, 67, 72, 74, 77, 80, 83, 88, 89, 91, 92, 94, 95, 97, 98], "excluded_lines": [], "start_line": 1}}, "classes": {"": {"executed_lines": [], "summary": {"covered_lines": 0, "num_statements": 42, "percent_covered": 0.0, "percent_covered_display": "0", "missing_lines": 42, "excluded_lines": 0, "percent_statements_covered": 0.0, "percent_statements_covered_display": "0"}, "missing_lines": [6, 8, 9, 10, 11, 12, 14, 16, 19, 20, 26, 28, 29, 30, 32, 33, 35, 43, 48, 49, 50, 53, 61, 67, 69, 72, 74, 75, 77, 78, 80, 81, 83, 84, 88, 89, 91, 92, 94, 95, 97, 98], "excluded_lines": [], "start_line": 1}}}, "app/routers/__init__.py": {"executed_lines": [], "summary": {"covered_lines": 0, "num_statements": 0, "percent_covered": 100.0, "percent_covered_display": "100", "missing_lines": 0, "excluded_lines": 0, "percent_statements_covered": 100.0, "percent_statements_covered_display": "100"}, "missing_lines": [], "excluded_lines": [], "functions": {"": {"executed_lines": [], "summary": {"covered_lines": 0, "num_statements": 0, "percent_covered": 100.0, "percent_covered_display": "100", "missing_lines": 0, "excluded_lines": 0, "percent_statements_covered": 100.0, "percent_statements_covered_display": "100"}, "missing_lines": [], "excluded_lines": [], "start_line": 1}}, "classes": {"": {"executed_lines": [], "summary": {"covered_lines": 0, "num_statements": 0, "percent_covered": 100.0, "percent_covered_display": "100", "missing_lines": 0, "excluded_lines": 0, "percent_statements_covered": 100.0, "percent_statements_covered_display": "100"}, "missing_lines": [], "excluded_lines": [], "start_line": 1}}}, "app/routers/ai.py": {"executed_lines": [], "summary": {"covered_lines": 0, "num_statements": 60, "percent_covered": 0.0, "percent_covered_display": "0", "missing_lines": 60, "excluded_lines": 0, "percent_statements_covered": 0.0, "percent_statements_covered_display": "0"}, "missing_lines": [8, 9, 11, 12, 13, 14, 16, 24, 25, 27, 29, 35, 38, 41, 44, 45, 46, 49, 51, 52, 53, 54, 55, 58, 59, 83, 84, 91, 94, 95, 96, 99, 107, 110, 120, 123, 131, 134, 135, 136, 137, 139, 144, 147, 148, 155, 156, 166, 167, 174, 175, 176, 179, 186, 192, 194, 201, 202, 212, 214], "excluded_lines": [], "functions": {"_get_restaurant_or_404": {"executed_lines": [], "summary": {"covered_lines": 0, "num_statements": 5, "percent_covered": 0.0, "percent_covered_display": "0", "missing_lines": 5, "excluded_lines": 0, "percent_statements_covered": 0.0, "percent_statements_covered_display": "0"}, "missing_lines": [51, 52, 53, 54, 55], "excluded_lines": [], "start_line": 49}, "suggest_table": {"executed_lines": [], "summary": {"covered_lines": 0, "num_statements": 28, "percent_covered": 0.0, "percent_covered_display": "0", "missing_lines": 28, "excluded_lines": 0, "percent_statements_covered": 0.0, "percent_statements_covered_display": "0"}, "missing_lines": [83, 84, 91, 94, 95, 96, 99, 107, 110, 120, 123, 131, 134, 135, 136, 137, 139, 144, 147, 155, 166, 174, 175, 176, 179, 186, 192, 194], "excluded_lines": [], "start_line": 59}, "suggest_table.table_to_dict": {"executed_lines": [], "summary": {"covered_lines": 0, "num_statements": 1, "percent_covered": 0.0, "percent_covered_display": "0", "missing_lines": 1, "excluded_lines": 0, "percent_statements_covered": 0.0, "percent_statements_covered_display": "0"}, "missing_lines": [148], "excluded_lines": [], "start_line": 147}, "suggest_table.reservation_to_dict": {"executed_lines": [], "summary": {"covered_lines": 0, "num_statements": 1, "percent_covered": 0.0, "percent_covered_display": "0", "missing_lines": 1, "excluded_lines": 0, "percent_statements_covered": 0.0, "percent_statements_covered_display": "0"}, "missing_lines": [156], "excluded_lines": [], "start_line": 155}, "suggest_table.order_to_dict": {"executed_lines": [], "summary": {"covered_lines": 0, "num_statements": 1, "percent_covered": 0.0, "percent_covered_display": "0", "missing_lines": 1, "excluded_lines": 0, "percent_statements_covered": 0.0, "percent_statements_covered_display": "0"}, "missing_lines": [167], "excluded_lines": [], "start_line": 166}, "get_ai_status": {"executed_lines": [], "summary": {"covered_lines": 0, "num_statements": 2, "percent_covered": 0.0, "percent_covered_display": "0", "missing_lines": 2, "excluded_lines": 0, "percent_statements_covered": 0.0, "percent_statements_covered_display": "0"}, "missing_lines": [212, 214], "excluded_lines": [], "start_line": 202}, "": {"executed_lines": [], "summary": {"covered_lines": 0, "num_statements": 22, "percent_covered": 0.0, "percent_covered_display": "0", "missing_lines": 22, "excluded_lines": 0, "percent_statements_covered": 0.0, "percent_statements_covered_display": "0"}, "missing_lines": [8, 9, 11, 12, 13, 14, 16, 24, 25, 27, 29, 35, 38, 41, 44, 45, 46, 49, 58, 59, 201, 202], "excluded_lines": [], "start_line": 1}}, "classes": {"SuggestTableRequest": {"executed_lines": [], "summary": {"covered_lines": 0, "num_statements": 0, "percent_covered": 100.0, "percent_covered_display": "100", "missing_lines": 0, "excluded_lines": 0, "percent_statements_covered": 100.0, "percent_statements_covered_display": "100"}, "missing_lines": [], "excluded_lines": [], "start_line": 35}, "SuggestTableResponse": {"executed_lines": [], "summary": {"covered_lines": 0, "num_statements": 0, "percent_covered": 100.0, "percent_covered_display": "100", "missing_lines": 0, "excluded_lines": 0, "percent_statements_covered": 100.0, "percent_statements_covered_display": "100"}, "missing_lines": [], "excluded_lines": [], "start_line": 41}, "": {"executed_lines": [], "summary": {"covered_lines": 0, "num_statements": 60, "percent_covered": 0.0, "percent_covered_display": "0", "missing_lines": 60, "excluded_lines": 0, "percent_statements_covered": 0.0, "percent_statements_covered_display": "0"}, "missing_lines": [8, 9, 11, 12, 13, 14, 16, 24, 25, 27, 29, 35, 38, 41, 44, 45, 46, 49, 51, 52, 53, 54, 55, 58, 59, 83, 84, 91, 94, 95, 96, 99, 107, 110, 120, 123, 131, 134, 135, 136, 137, 139, 144, 147, 148, 155, 156, 166, 167, 174, 175, 176, 179, 186, 192, 194, 201, 202, 212, 214], "excluded_lines": [], "start_line": 1}}}, "app/routers/areas.py": {"executed_lines": [], "summary": {"covered_lines": 0, "num_statements": 73, "percent_covered": 0.0, "percent_covered_display": "0", "missing_lines": 73, "excluded_lines": 0, "percent_statements_covered": 0.0, "percent_statements_covered_display": "0"}, "missing_lines": [1, 2, 3, 4, 6, 16, 17, 19, 22, 23, 24, 25, 26, 29, 30, 31, 32, 33, 36, 37, 43, 44, 45, 46, 47, 48, 49, 50, 51, 52, 55, 56, 61, 62, 63, 66, 67, 74, 75, 76, 77, 78, 79, 80, 81, 82, 83, 84, 87, 88, 94, 95, 96, 97, 103, 104, 105, 108, 109, 110, 115, 118, 121, 124, 125, 126, 127, 128, 129, 130, 131, 132, 133], "excluded_lines": [], "functions": {"_get_restaurant_or_404": {"executed_lines": [], "summary": {"covered_lines": 0, "num_statements": 4, "percent_covered": 0.0, "percent_covered_display": "0", "missing_lines": 4, "excluded_lines": 0, "percent_statements_covered": 0.0, "percent_statements_covered_display": "0"}, "missing_lines": [23, 24, 25, 26], "excluded_lines": [], "start_line": 22}, "_get_area_or_404": {"executed_lines": [], "summary": {"covered_lines": 0, "num_statements": 4, "percent_covered": 0.0, "percent_covered_display": "0", "missing_lines": 4, "excluded_lines": 0, "percent_statements_covered": 0.0, "percent_statements_covered_display": "0"}, "missing_lines": [30, 31, 32, 33], "excluded_lines": [], "start_line": 29}, "create_area": {"executed_lines": [], "summary": {"covered_lines": 0, "num_statements": 10, "percent_covered": 0.0, "percent_covered_display": "0", "missing_lines": 10, "excluded_lines": 0, "percent_statements_covered": 0.0, "percent_statements_covered_display": "0"}, "missing_lines": [43, 44, 45, 46, 47, 48, 49, 50, 51, 52], "excluded_lines": [], "start_line": 37}, "list_areas": {"executed_lines": [], "summary": {"covered_lines": 0, "num_statements": 3, "percent_covered": 0.0, "percent_covered_display": "0", "missing_lines": 3, "excluded_lines": 0, "percent_statements_covered": 0.0, "percent_statements_covered_display": "0"}, "missing_lines": [61, 62, 63], "excluded_lines": [], "start_line": 56}, "update_area": {"executed_lines": [], "summary": {"covered_lines": 0, "num_statements": 11, "percent_covered": 0.0, "percent_covered_display": "0", "missing_lines": 11, "excluded_lines": 0, "percent_statements_covered": 0.0, "percent_statements_covered_display": "0"}, "missing_lines": [74, 75, 76, 77, 78, 79, 80, 81, 82, 83, 84], "excluded_lines": [], "start_line": 67}, "delete_area": {"executed_lines": [], "summary": {"covered_lines": 0, "num_statements": 23, "percent_covered": 0.0, "percent_covered_display": "0", "missing_lines": 23, "excluded_lines": 0, "percent_statements_covered": 0.0, "percent_statements_covered_display": "0"}, "missing_lines": [94, 95, 96, 97, 103, 104, 105, 108, 109, 110, 115, 118, 121, 124, 125, 126, 127, 128, 129, 130, 131, 132, 133], "excluded_lines": [], "start_line": 88}, "": {"executed_lines": [], "summary": {"covered_lines": 0, "num_statements": 18, "percent_covered": 0.0, "percent_covered_display": "0", "missing_lines": 18, "excluded_lines": 0, "percent_statements_covered": 0.0, "percent_statements_covered_display": "0"}, "missing_lines": [1, 2, 3, 4, 6, 16, 17, 19, 22, 29, 36, 37, 55, 56, 66, 67, 87, 88], "excluded_lines": [], "start_line": 1}}, "classes": {"": {"executed_lines": [], "summary": {"covered_lines": 0, "num_statements": 73, "percent_covered": 0.0, "percent_covered_display": "0", "missing_lines": 73, "excluded_lines": 0, "percent_statements_covered": 0.0, "percent_statements_covered_display": "0"}, "missing_lines": [1, 2, 3, 4, 6, 16, 17, 19, 22, 23, 24, 25, 26, 29, 30, 31, 32, 33, 36, 37, 43, 44, 45, 46, 47, 48, 49, 50, 51, 52, 55, 56, 61, 62, 63, 66, 67, 74, 75, 76, 77, 78, 79, 80, 81, 82, 83, 84, 87, 88, 94, 95, 96, 97, 103, 104, 105, 108, 109, 110, 115, 118, 121, 124, 125, 126, 127, 128, 129, 130, 131, 132, 133], "excluded_lines": [], "start_line": 1}}}, "app/routers/audit_logs.py": {"executed_lines": [], "summary": {"covered_lines": 0, "num_statements": 27, "percent_covered": 0.0, "percent_covered_display": "0", "missing_lines": 27, "excluded_lines": 0, "percent_statements_covered": 0.0, "percent_statements_covered_display": "0"}, "missing_lines": [1, 2, 3, 5, 6, 7, 9, 12, 13, 14, 15, 16, 19, 20, 32, 34, 36, 37, 38, 39, 40, 41, 42, 43, 45, 46, 47], "excluded_lines": [], "functions": {"_get_restaurant_or_404": {"executed_lines": [], "summary": {"covered_lines": 0, "num_statements": 4, "percent_covered": 0.0, "percent_covered_display": "0", "missing_lines": 4, "excluded_lines": 0, "percent_statements_covered": 0.0, "percent_statements_covered_display": "0"}, "missing_lines": [13, 14, 15, 16], "excluded_lines": [], "start_line": 12}, "list_audit_logs": {"executed_lines": [], "summary": {"covered_lines": 0, "num_statements": 13, "percent_covered": 0.0, "percent_covered_display": "0", "missing_lines": 13, "excluded_lines": 0, "percent_statements_covered": 0.0, "percent_statements_covered_display": "0"}, "missing_lines": [32, 34, 36, 37, 38, 39, 40, 41, 42, 43, 45, 46, 47], "excluded_lines": [], "start_line": 20}, "": {"executed_lines": [], "summary": {"covered_lines": 0, "num_statements": 10, "percent_covered": 0.0, "percent_covered_display": "0", "missing_lines": 10, "excluded_lines": 0, "percent_statements_covered": 0.0, "percent_statements_covered_display": "0"}, "missing_lines": [1, 2, 3, 5, 6, 7, 9, 12, 19, 20], "excluded_lines": [], "start_line": 1}}, "classes": {"": {"executed_lines": [], "summary": {"covered_lines": 0, "num_statements": 27, "percent_covered": 0.0, "percent_covered_display": "0", "missing_lines": 27, "excluded_lines": 0, "percent_statements_covered": 0.0, "percent_statements_covered_display": "0"}, "missing_lines": [1, 2, 3, 5, 6, 7, 9, 12, 13, 14, 15, 16, 19, 20, 32, 34, 36, 37, 38, 39, 40, 41, 42, 43, 45, 46, 47], "excluded_lines": [], "start_line": 1}}}, "app/routers/auth.py": {"executed_lines": [], "summary": {"covered_lines": 0, "num_statements": 200, "percent_covered": 0.0, "percent_covered_display": "0", "missing_lines": 200, "excluded_lines": 0, "percent_statements_covered": 0.0, "percent_statements_covered_display": "0"}, "missing_lines": [1, 3, 4, 5, 7, 15, 16, 21, 30, 34, 36, 39, 42, 43, 55, 58, 59, 60, 61, 66, 69, 70, 73, 74, 75, 77, 78, 80, 81, 85, 87, 96, 99, 100, 101, 105, 106, 113, 116, 117, 119, 135, 136, 138, 139, 141, 142, 144, 145, 148, 150, 158, 161, 162, 163, 167, 168, 175, 177, 185, 186, 188, 191, 192, 206, 207, 208, 211, 212, 213, 214, 217, 219, 222, 223, 228, 229, 230, 236, 237, 238, 244, 245, 246, 249, 252, 253, 254, 256, 261, 267, 268, 269, 274, 275, 281, 284, 286, 287, 288, 289, 293, 296, 299, 302, 304, 305, 306, 307, 311, 312, 314, 323, 332, 334, 342, 343, 349, 350, 353, 354, 356, 359, 360, 372, 373, 374, 375, 381, 382, 385, 386, 390, 391, 397, 398, 399, 400, 405, 406, 412, 413, 416, 417, 421, 433, 434, 435, 437, 440, 441, 449, 450, 451, 454, 455, 461, 462, 464, 466, 467, 472, 477, 478, 479, 484, 485, 486, 491, 492, 498, 499, 502, 503, 504, 509, 510, 511, 514, 515, 520, 521, 524, 525, 527, 528, 530, 531, 533, 536, 537, 544, 545, 546, 549, 550, 556, 557, 562, 563], "excluded_lines": [], "functions": {"login": {"executed_lines": [], "summary": {"covered_lines": 0, "num_statements": 27, "percent_covered": 0.0, "percent_covered_display": "0", "missing_lines": 27, "excluded_lines": 0, "percent_statements_covered": 0.0, "percent_statements_covered_display": "0"}, "missing_lines": [55, 58, 59, 60, 61, 66, 69, 70, 73, 74, 75, 77, 78, 80, 81, 85, 87, 96, 99, 100, 101, 105, 106, 113, 116, 117, 119], "excluded_lines": [], "start_line": 43}, "login_nfc": {"executed_lines": [], "summary": {"covered_lines": 0, "num_statements": 16, "percent_covered": 0.0, "percent_covered_display": "0", "missing_lines": 16, "excluded_lines": 0, "percent_statements_covered": 0.0, "percent_statements_covered_display": "0"}, "missing_lines": [138, 139, 141, 142, 144, 145, 148, 150, 158, 161, 162, 163, 167, 168, 175, 177], "excluded_lines": [], "start_line": 136}, "get_current_user_info": {"executed_lines": [], "summary": {"covered_lines": 0, "num_statements": 1, "percent_covered": 0.0, "percent_covered_display": "0", "missing_lines": 1, "excluded_lines": 0, "percent_statements_covered": 0.0, "percent_statements_covered_display": "0"}, "missing_lines": [188], "excluded_lines": [], "start_line": 186}, "logout": {"executed_lines": [], "summary": {"covered_lines": 0, "num_statements": 9, "percent_covered": 0.0, "percent_covered_display": "0", "missing_lines": 9, "excluded_lines": 0, "percent_statements_covered": 0.0, "percent_statements_covered_display": "0"}, "missing_lines": [206, 207, 208, 211, 212, 213, 214, 217, 219], "excluded_lines": [], "start_line": 192}, "refresh_tokens": {"executed_lines": [], "summary": {"covered_lines": 0, "num_statements": 40, "percent_covered": 0.0, "percent_covered_display": "0", "missing_lines": 40, "excluded_lines": 0, "percent_statements_covered": 0.0, "percent_statements_covered_display": "0"}, "missing_lines": [228, 229, 230, 236, 237, 238, 244, 245, 246, 249, 252, 253, 254, 256, 261, 267, 268, 269, 274, 275, 281, 284, 286, 287, 288, 289, 293, 296, 299, 302, 304, 305, 306, 307, 311, 312, 314, 323, 332, 334], "excluded_lines": [], "start_line": 223}, "list_operators": {"executed_lines": [], "summary": {"covered_lines": 0, "num_statements": 5, "percent_covered": 0.0, "percent_covered_display": "0", "missing_lines": 5, "excluded_lines": 0, "percent_statements_covered": 0.0, "percent_statements_covered_display": "0"}, "missing_lines": [349, 350, 353, 354, 356], "excluded_lines": [], "start_line": 343}, "create_operator": {"executed_lines": [], "summary": {"covered_lines": 0, "num_statements": 25, "percent_covered": 0.0, "percent_covered_display": "0", "missing_lines": 25, "excluded_lines": 0, "percent_statements_covered": 0.0, "percent_statements_covered_display": "0"}, "missing_lines": [372, 373, 374, 375, 381, 382, 385, 386, 390, 391, 397, 398, 399, 400, 405, 406, 412, 413, 416, 417, 421, 433, 434, 435, 437], "excluded_lines": [], "start_line": 360}, "update_operator": {"executed_lines": [], "summary": {"covered_lines": 0, "num_statements": 38, "percent_covered": 0.0, "percent_covered_display": "0", "missing_lines": 38, "excluded_lines": 0, "percent_statements_covered": 0.0, "percent_statements_covered_display": "0"}, "missing_lines": [449, 450, 451, 454, 455, 461, 462, 464, 466, 467, 472, 477, 478, 479, 484, 485, 486, 491, 492, 498, 499, 502, 503, 504, 509, 510, 511, 514, 515, 520, 521, 524, 525, 527, 528, 530, 531, 533], "excluded_lines": [], "start_line": 441}, "delete_operator": {"executed_lines": [], "summary": {"covered_lines": 0, "num_statements": 9, "percent_covered": 0.0, "percent_covered_display": "0", "missing_lines": 9, "excluded_lines": 0, "percent_statements_covered": 0.0, "percent_statements_covered_display": "0"}, "missing_lines": [544, 545, 546, 549, 550, 556, 557, 562, 563], "excluded_lines": [], "start_line": 537}, "": {"executed_lines": [], "summary": {"covered_lines": 0, "num_statements": 30, "percent_covered": 0.0, "percent_covered_display": "0", "missing_lines": 30, "excluded_lines": 0, "percent_statements_covered": 0.0, "percent_statements_covered_display": "0"}, "missing_lines": [1, 3, 4, 5, 7, 15, 16, 21, 30, 34, 36, 39, 42, 43, 135, 136, 185, 186, 191, 192, 222, 223, 342, 343, 359, 360, 440, 441, 536, 537], "excluded_lines": [], "start_line": 1}}, "classes": {"": {"executed_lines": [], "summary": {"covered_lines": 0, "num_statements": 200, "percent_covered": 0.0, "percent_covered_display": "0", "missing_lines": 200, "excluded_lines": 0, "percent_statements_covered": 0.0, "percent_statements_covered_display": "0"}, "missing_lines": [1, 3, 4, 5, 7, 15, 16, 21, 30, 34, 36, 39, 42, 43, 55, 58, 59, 60, 61, 66, 69, 70, 73, 74, 75, 77, 78, 80, 81, 85, 87, 96, 99, 100, 101, 105, 106, 113, 116, 117, 119, 135, 136, 138, 139, 141, 142, 144, 145, 148, 150, 158, 161, 162, 163, 167, 168, 175, 177, 185, 186, 188, 191, 192, 206, 207, 208, 211, 212, 213, 214, 217, 219, 222, 223, 228, 229, 230, 236, 237, 238, 244, 245, 246, 249, 252, 253, 254, 256, 261, 267, 268, 269, 274, 275, 281, 284, 286, 287, 288, 289, 293, 296, 299, 302, 304, 305, 306, 307, 311, 312, 314, 323, 332, 334, 342, 343, 349, 350, 353, 354, 356, 359, 360, 372, 373, 374, 375, 381, 382, 385, 386, 390, 391, 397, 398, 399, 400, 405, 406, 412, 413, 416, 417, 421, 433, 434, 435, 437, 440, 441, 449, 450, 451, 454, 455, 461, 462, 464, 466, 467, 472, 477, 478, 479, 484, 485, 486, 491, 492, 498, 499, 502, 503, 504, 509, 510, 511, 514, 515, 520, 521, 524, 525, 527, 528, 530, 531, 533, 536, 537, 544, 545, 546, 549, 550, 556, 557, 562, 563], "excluded_lines": [], "start_line": 1}}}, "app/routers/block_assignments.py": {"executed_lines": [], "summary": {"covered_lines": 0, "num_statements": 72, "percent_covered": 0.0, "percent_covered_display": "0", "missing_lines": 72, "excluded_lines": 0, "percent_statements_covered": 0.0, "percent_statements_covered_display": "0"}, "missing_lines": [1, 2, 3, 4, 6, 7, 8, 10, 15, 16, 17, 18, 19, 22, 23, 24, 25, 26, 29, 30, 36, 37, 39, 40, 41, 43, 47, 49, 50, 51, 52, 53, 54, 55, 60, 61, 66, 67, 72, 75, 76, 82, 83, 84, 87, 90, 91, 97, 98, 99, 100, 102, 110, 113, 114, 120, 121, 122, 123, 127, 128, 129, 133, 134, 135, 136, 137, 138, 139, 140, 141, 142], "excluded_lines": [], "functions": {"_get_restaurant_or_404": {"executed_lines": [], "summary": {"covered_lines": 0, "num_statements": 4, "percent_covered": 0.0, "percent_covered_display": "0", "missing_lines": 4, "excluded_lines": 0, "percent_statements_covered": 0.0, "percent_statements_covered_display": "0"}, "missing_lines": [16, 17, 18, 19], "excluded_lines": [], "start_line": 15}, "_get_block_or_404": {"executed_lines": [], "summary": {"covered_lines": 0, "num_statements": 4, "percent_covered": 0.0, "percent_covered_display": "0", "missing_lines": 4, "excluded_lines": 0, "percent_statements_covered": 0.0, "percent_statements_covered_display": "0"}, "missing_lines": [23, 24, 25, 26], "excluded_lines": [], "start_line": 22}, "create_block_assignment": {"executed_lines": [], "summary": {"covered_lines": 0, "num_statements": 14, "percent_covered": 0.0, "percent_covered_display": "0", "missing_lines": 14, "excluded_lines": 0, "percent_statements_covered": 0.0, "percent_statements_covered_display": "0"}, "missing_lines": [36, 37, 39, 40, 41, 43, 47, 49, 50, 51, 52, 53, 54, 55], "excluded_lines": [], "start_line": 30}, "list_block_assignments": {"executed_lines": [], "summary": {"covered_lines": 0, "num_statements": 3, "percent_covered": 0.0, "percent_covered_display": "0", "missing_lines": 3, "excluded_lines": 0, "percent_statements_covered": 0.0, "percent_statements_covered_display": "0"}, "missing_lines": [66, 67, 72], "excluded_lines": [], "start_line": 61}, "list_block_assignments_by_block": {"executed_lines": [], "summary": {"covered_lines": 0, "num_statements": 4, "percent_covered": 0.0, "percent_covered_display": "0", "missing_lines": 4, "excluded_lines": 0, "percent_statements_covered": 0.0, "percent_statements_covered_display": "0"}, "missing_lines": [82, 83, 84, 87], "excluded_lines": [], "start_line": 76}, "list_block_assignments_by_table": {"executed_lines": [], "summary": {"covered_lines": 0, "num_statements": 6, "percent_covered": 0.0, "percent_covered_display": "0", "missing_lines": 6, "excluded_lines": 0, "percent_statements_covered": 0.0, "percent_statements_covered_display": "0"}, "missing_lines": [97, 98, 99, 100, 102, 110], "excluded_lines": [], "start_line": 91}, "delete_block_assignment": {"executed_lines": [], "summary": {"covered_lines": 0, "num_statements": 17, "percent_covered": 0.0, "percent_covered_display": "0", "missing_lines": 17, "excluded_lines": 0, "percent_statements_covered": 0.0, "percent_statements_covered_display": "0"}, "missing_lines": [120, 121, 122, 123, 127, 128, 129, 133, 134, 135, 136, 137, 138, 139, 140, 141, 142], "excluded_lines": [], "start_line": 114}, "": {"executed_lines": [], "summary": {"covered_lines": 0, "num_statements": 20, "percent_covered": 0.0, "percent_covered_display": "0", "missing_lines": 20, "excluded_lines": 0, "percent_statements_covered": 0.0, "percent_statements_covered_display": "0"}, "missing_lines": [1, 2, 3, 4, 6, 7, 8, 10, 15, 22, 29, 30, 60, 61, 75, 76, 90, 91, 113, 114], "excluded_lines": [], "start_line": 1}}, "classes": {"": {"executed_lines": [], "summary": {"covered_lines": 0, "num_statements": 72, "percent_covered": 0.0, "percent_covered_display": "0", "missing_lines": 72, "excluded_lines": 0, "percent_statements_covered": 0.0, "percent_statements_covered_display": "0"}, "missing_lines": [1, 2, 3, 4, 6, 7, 8, 10, 15, 16, 17, 18, 19, 22, 23, 24, 25, 26, 29, 30, 36, 37, 39, 40, 41, 43, 47, 49, 50, 51, 52, 53, 54, 55, 60, 61, 66, 67, 72, 75, 76, 82, 83, 84, 87, 90, 91, 97, 98, 99, 100, 102, 110, 113, 114, 120, 121, 122, 123, 127, 128, 129, 133, 134, 135, 136, 137, 138, 139, 140, 141, 142], "excluded_lines": [], "start_line": 1}}}, "app/routers/blocks.py": {"executed_lines": [], "summary": {"covered_lines": 0, "num_statements": 73, "percent_covered": 0.0, "percent_covered_display": "0", "missing_lines": 73, "excluded_lines": 0, "percent_statements_covered": 0.0, "percent_statements_covered_display": "0"}, "missing_lines": [1, 2, 3, 4, 6, 7, 13, 15, 18, 19, 20, 21, 22, 25, 26, 27, 28, 29, 32, 33, 40, 42, 43, 44, 45, 49, 56, 57, 58, 59, 60, 61, 62, 63, 66, 67, 73, 74, 75, 78, 79, 87, 88, 90, 91, 92, 93, 94, 95, 96, 100, 101, 102, 103, 104, 105, 106, 107, 108, 111, 112, 119, 120, 121, 122, 123, 124, 125, 126, 127, 128, 129, 130], "excluded_lines": [], "functions": {"_get_restaurant_or_404": {"executed_lines": [], "summary": {"covered_lines": 0, "num_statements": 4, "percent_covered": 0.0, "percent_covered_display": "0", "missing_lines": 4, "excluded_lines": 0, "percent_statements_covered": 0.0, "percent_statements_covered_display": "0"}, "missing_lines": [19, 20, 21, 22], "excluded_lines": [], "start_line": 18}, "_get_block_or_404": {"executed_lines": [], "summary": {"covered_lines": 0, "num_statements": 4, "percent_covered": 0.0, "percent_covered_display": "0", "missing_lines": 4, "excluded_lines": 0, "percent_statements_covered": 0.0, "percent_statements_covered_display": "0"}, "missing_lines": [26, 27, 28, 29], "excluded_lines": [], "start_line": 25}, "create_block": {"executed_lines": [], "summary": {"covered_lines": 0, "num_statements": 14, "percent_covered": 0.0, "percent_covered_display": "0", "missing_lines": 14, "excluded_lines": 0, "percent_statements_covered": 0.0, "percent_statements_covered_display": "0"}, "missing_lines": [40, 42, 43, 44, 45, 49, 56, 57, 58, 59, 60, 61, 62, 63], "excluded_lines": [], "start_line": 33}, "list_blocks": {"executed_lines": [], "summary": {"covered_lines": 0, "num_statements": 3, "percent_covered": 0.0, "percent_covered_display": "0", "missing_lines": 3, "excluded_lines": 0, "percent_statements_covered": 0.0, "percent_statements_covered_display": "0"}, "missing_lines": [73, 74, 75], "excluded_lines": [], "start_line": 67}, "update_block": {"executed_lines": [], "summary": {"covered_lines": 0, "num_statements": 18, "percent_covered": 0.0, "percent_covered_display": "0", "missing_lines": 18, "excluded_lines": 0, "percent_statements_covered": 0.0, "percent_statements_covered_display": "0"}, "missing_lines": [87, 88, 90, 91, 92, 93, 94, 95, 96, 100, 101, 102, 103, 104, 105, 106, 107, 108], "excluded_lines": [], "start_line": 79}, "delete_block": {"executed_lines": [], "summary": {"covered_lines": 0, "num_statements": 12, "percent_covered": 0.0, "percent_covered_display": "0", "missing_lines": 12, "excluded_lines": 0, "percent_statements_covered": 0.0, "percent_statements_covered_display": "0"}, "missing_lines": [119, 120, 121, 122, 123, 124, 125, 126, 127, 128, 129, 130], "excluded_lines": [], "start_line": 112}, "": {"executed_lines": [], "summary": {"covered_lines": 0, "num_statements": 18, "percent_covered": 0.0, "percent_covered_display": "0", "missing_lines": 18, "excluded_lines": 0, "percent_statements_covered": 0.0, "percent_statements_covered_display": "0"}, "missing_lines": [1, 2, 3, 4, 6, 7, 13, 15, 18, 25, 32, 33, 66, 67, 78, 79, 111, 112], "excluded_lines": [], "start_line": 1}}, "classes": {"": {"executed_lines": [], "summary": {"covered_lines": 0, "num_statements": 73, "percent_covered": 0.0, "percent_covered_display": "0", "missing_lines": 73, "excluded_lines": 0, "percent_statements_covered": 0.0, "percent_statements_covered_display": "0"}, "missing_lines": [1, 2, 3, 4, 6, 7, 13, 15, 18, 19, 20,
[...]
": [], "start_line": 745}, "MenuCategoryUpdate": {"executed_lines": [], "summary": {"covered_lines": 0, "num_statements": 0, "percent_covered": 100.0, "percent_covered_display": "100", "missing_lines": 0, "excluded_lines": 0, "percent_statements_covered": 100.0, "percent_statements_covered_display": "100"}, "missing_lines": [], "excluded_lines": [], "start_line": 752}, "MenuCategoryRead": {"executed_lines": [], "summary": {"covered_lines": 0, "num_statements": 0, "percent_covered": 100.0, "percent_covered_display": "100", "missing_lines": 0, "excluded_lines": 0, "percent_statements_covered": 100.0, "percent_statements_covered_display": "100"}, "missing_lines": [], "excluded_lines": [], "start_line": 759}, "MenuCategoryRead.Config": {"executed_lines": [], "summary": {"covered_lines": 0, "num_statements": 0, "percent_covered": 100.0, "percent_covered_display": "100", "missing_lines": 0, "excluded_lines": 0, "percent_statements_covered": 100.0, "percent_statements_covered_display": "100"}, "missing_lines": [], "excluded_lines": [], "start_line": 767}, "MenuItemCreate": {"executed_lines": [], "summary": {"covered_lines": 0, "num_statements": 0, "percent_covered": 100.0, "percent_covered_display": "100", "missing_lines": 0, "excluded_lines": 0, "percent_statements_covered": 100.0, "percent_statements_covered_display": "100"}, "missing_lines": [], "excluded_lines": [], "start_line": 771}, "MenuItemUpdate": {"executed_lines": [], "summary": {"covered_lines": 0, "num_statements": 0, "percent_covered": 100.0, "percent_covered_display": "100", "missing_lines": 0, "excluded_lines": 0, "percent_statements_covered": 100.0, "percent_statements_covered_display": "100"}, "missing_lines": [], "excluded_lines": [], "start_line": 783}, "MenuItemRead": {"executed_lines": [], "summary": {"covered_lines": 0, "num_statements": 0, "percent_covered": 100.0, "percent_covered_display": "100", "missing_lines": 0, "excluded_lines": 0, "percent_statements_covered": 100.0, "percent_statements_covered_display": "100"}, "missing_lines": [], "excluded_lines": [], "start_line": 795}, "MenuItemRead.Config": {"executed_lines": [], "summary": {"covered_lines": 0, "num_statements": 0, "percent_covered": 100.0, "percent_covered_display": "100", "missing_lines": 0, "excluded_lines": 0, "percent_statements_covered": 100.0, "percent_statements_covered_display": "100"}, "missing_lines": [], "excluded_lines": [], "start_line": 808}, "": {"executed_lines": [], "summary": {"covered_lines": 0, "num_statements": 634, "percent_covered": 0.0, "percent_covered_display": "0", "missing_lines": 634, "excluded_lines": 0, "percent_statements_covered": 0.0, "percent_statements_covered_display": "0"}, "missing_lines": [1, 2, 4, 7, 8, 9, 13, 15, 16, 18, 19, 22, 23, 26, 27, 28, 29, 30, 31, 34, 35, 38, 39, 40, 41, 42, 43, 44, 45, 46, 47, 49, 50, 53, 54, 55, 56, 57, 58, 59, 60, 61, 67, 68, 69, 70, 71, 72, 73, 74, 75, 78, 81, 82, 83, 84, 86, 87, 90, 91, 95, 96, 97, 98, 99, 100, 101, 102, 103, 104, 105, 106, 109, 110, 111, 112, 113, 114, 115, 116, 117, 118, 119, 120, 123, 124, 127, 128, 129, 130, 131, 132, 133, 134, 135, 136, 137, 138, 139, 141, 142, 143, 145, 146, 150, 151, 152, 153, 154, 155, 156, 157, 158, 159, 160, 162, 163, 164, 165, 168, 169, 170, 171, 172, 173, 174, 175, 176, 177, 178, 180, 181, 182, 183, 186, 187, 188, 189, 190, 191, 192, 193, 194, 195, 196, 197, 198, 199, 200, 201, 202, 204, 205, 209, 210, 211, 212, 213, 215, 216, 217, 218, 220, 221, 222, 223, 224, 225, 226, 227, 228, 231, 232, 233, 234, 235, 236, 237, 238, 239, 240, 241, 242, 243, 244, 245, 248, 249, 250, 251, 252, 253, 254, 255, 256, 257, 258, 259, 260, 261, 262, 263, 264, 265, 266, 267, 269, 270, 274, 275, 276, 277, 278, 279, 280, 281, 282, 283, 286, 287, 288, 289, 290, 291, 292, 293, 294, 295, 298, 299, 300, 301, 302, 303, 304, 305, 306, 307, 308, 309, 311, 312, 316, 317, 318, 319, 320, 321, 322, 323, 324, 325, 326, 327, 328, 329, 330, 333, 334, 335, 336, 337, 338, 339, 340, 341, 342, 343, 344, 345, 346, 347, 348, 351, 352, 353, 354, 355, 356, 357, 358, 359, 360, 361, 362, 363, 364, 365, 366, 367, 368, 369, 370, 371, 372, 373, 375, 376, 380, 381, 384, 385, 388, 389, 390, 391, 393, 394, 398, 399, 400, 401, 402, 403, 404, 405, 406, 407, 408, 409, 412, 413, 414, 415, 416, 417, 418, 419, 420, 421, 422, 423, 426, 427, 428, 429, 430, 431, 432, 433, 434, 435, 436, 437, 438, 439, 441, 442, 446, 447, 448, 449, 450, 453, 454, 455, 456, 457, 459, 460, 463, 464, 465, 466, 467, 470, 471, 472, 473, 474, 476, 477, 481, 482, 483, 486, 487, 488, 489, 490, 492, 493, 497, 498, 499, 500, 503, 504, 505, 506, 509, 510, 511, 512, 513, 514, 515, 517, 518, 522, 523, 524, 525, 526, 527, 528, 529, 532, 533, 534, 535, 536, 537, 538, 539, 540, 541, 544, 545, 546, 547, 548, 549, 550, 551, 552, 553, 554, 555, 556, 558, 559, 563, 564, 565, 566, 567, 568, 569, 570, 573, 574, 575, 576, 577, 580, 581, 582, 583, 584, 585, 586, 587, 588, 589, 590, 592, 593, 597, 598, 599, 600, 601, 602, 605, 606, 607, 608, 609, 610, 611, 612, 613, 614, 615, 617, 618, 622, 623, 624, 625, 626, 627, 628, 629, 630, 633, 634, 635, 636, 637, 638, 639, 640, 641, 642, 645, 646, 647, 648, 649, 650, 651, 652, 653, 654, 655, 656, 657, 658, 659, 660, 662, 663, 666, 667, 668, 669, 670, 671, 674, 675, 676, 677, 678, 679, 680, 681, 682, 685, 686, 687, 688, 689, 690, 691, 692, 693, 694, 695, 696, 697, 698, 699, 700, 701, 702, 703, 704, 705, 708, 709, 710, 711, 712, 713, 714, 715, 716, 717, 718, 719, 720, 721, 722, 723, 724, 725, 726, 727, 728, 729, 730, 731, 732, 733, 734, 736, 737, 740, 741, 745, 746, 747, 748, 749, 752, 753, 754, 755, 756, 759, 760, 761, 762, 763, 764, 765, 767, 768, 771, 772, 773, 774, 775, 776, 777, 778, 779, 780, 783, 784, 785, 786, 787, 788, 789, 790, 791, 792, 795, 796, 797, 798, 799, 800, 801, 802, 803, 804, 805, 806, 808, 809], "excluded_lines": [], "start_line": 1}}}, "app/sentry.py": {"executed_lines": [], "summary": {"covered_lines": 0, "num_statements": 72, "percent_covered": 0.0, "percent_covered_display": "0", "missing_lines": 72, "excluded_lines": 0, "percent_statements_covered": 0.0, "percent_statements_covered_display": "0"}, "missing_lines": [8, 10, 13, 14, 15, 16, 17, 19, 20, 21, 22, 23, 25, 33, 40, 41, 42, 44, 45, 46, 48, 49, 78, 79, 81, 82, 83, 86, 93, 94, 97, 98, 101, 102, 105, 106, 108, 111, 118, 119, 122, 124, 126, 127, 130, 131, 134, 135, 136, 137, 138, 139, 140, 143, 144, 145, 146, 148, 151, 162, 163, 165, 166, 167, 169, 172, 181, 182, 184, 193, 195, 196], "excluded_lines": [], "functions": {"init_sentry": {"executed_lines": [], "summary": {"covered_lines": 0, "num_statements": 13, "percent_covered": 0.0, "percent_covered_display": "0", "missing_lines": 13, "excluded_lines": 0, "percent_statements_covered": 0.0, "percent_statements_covered_display": "0"}, "missing_lines": [40, 41, 42, 44, 45, 46, 48, 49, 78, 79, 81, 82, 83], "excluded_lines": [], "start_line": 33}, "traces_sampler": {"executed_lines": [], "summary": {"covered_lines": 0, "num_statements": 9, "percent_covered": 0.0, "percent_covered_display": "0", "missing_lines": 9, "excluded_lines": 0, "percent_statements_covered": 0.0, "percent_statements_covered_display": "0"}, "missing_lines": [93, 94, 97, 98, 101, 102, 105, 106, 108], "excluded_lines": [], "start_line": 86}, "before_send": {"executed_lines": [], "summary": {"covered_lines": 0, "num_statements": 20, "percent_covered": 0.0, "percent_covered_display": "0", "missing_lines": 20, "excluded_lines": 0, "percent_statements_covered": 0.0, "percent_statements_covered_display": "0"}, "missing_lines": [118, 119, 122, 124, 126, 127, 130, 131, 134, 135, 136, 137, 138, 139, 140, 143, 144, 145, 146, 148], "excluded_lines": [], "start_line": 111}, "capture_exception": {"executed_lines": [], "summary": {"covered_lines": 0, "num_statements": 6, "percent_covered": 0.0, "percent_covered_display": "0", "missing_lines": 6, "excluded_lines": 0, "percent_statements_covered": 0.0, "percent_statements_covered_display": "0"}, "missing_lines": [162, 163, 165, 166, 167, 169], "excluded_lines": [], "start_line": 151}, "set_user_context": {"executed_lines": [], "summary": {"covered_lines": 0, "num_statements": 3, "percent_covered": 0.0, "percent_covered_display": "0", "missing_lines": 3, "excluded_lines": 0, "percent_statements_covered": 0.0, "percent_statements_covered_display": "0"}, "missing_lines": [181, 182, 184], "excluded_lines": [], "start_line": 172}, "clear_user_context": {"executed_lines": [], "summary": {"covered_lines": 0, "num_statements": 2, "percent_covered": 0.0, "percent_covered_display": "0", "missing_lines": 2, "excluded_lines": 0, "percent_statements_covered": 0.0, "percent_statements_covered_display": "0"}, "missing_lines": [195, 196], "excluded_lines": [], "start_line": 193}, "": {"executed_lines": [], "summary": {"covered_lines": 0, "num_statements": 19, "percent_covered": 0.0, "percent_covered_display": "0", "missing_lines": 19, "excluded_lines": 0, "percent_statements_covered": 0.0, "percent_statements_covered_display": "0"}, "missing_lines": [8, 10, 13, 14, 15, 16, 17, 19, 20, 21, 22, 23, 25, 33, 86, 111, 151, 172, 193], "excluded_lines": [], "start_line": 1}}, "classes": {"": {"executed_lines": [], "summary": {"covered_lines": 0, "num_statements": 72, "percent_covered": 0.0, "percent_covered_display": "0", "missing_lines": 72, "excluded_lines": 0, "percent_statements_covered": 0.0, "percent_statements_covered_display": "0"}, "missing_lines": [8, 10, 13, 14, 15, 16, 17, 19, 20, 21, 22, 23, 25, 33, 40, 41, 42, 44, 45, 46, 48, 49, 78, 79, 81, 82, 83, 86, 93, 94, 97, 98, 101, 102, 105, 106, 108, 111, 118, 119, 122, 124, 126, 127, 130, 131, 134, 135, 136, 137, 138, 139, 140, 143, 144, 145, 146, 148, 151, 162, 163, 165, 166, 167, 169, 172, 181, 182, 184, 193, 195, 196], "excluded_lines": [], "start_line": 1}}}, "app/settings.py": {"executed_lines": [], "summary": {"covered_lines": 0, "num_statements": 101, "percent_covered": 0.0, "percent_covered_display": "0", "missing_lines": 101, "excluded_lines": 0, "percent_statements_covered": 0.0, "percent_statements_covered_display": "0"}, "missing_lines": [1, 2, 3, 5, 8, 11, 12, 13, 16, 19, 20, 21, 22, 23, 27, 28, 29, 30, 35, 38, 39, 40, 41, 42, 43, 44, 47, 48, 49, 55, 56, 63, 64, 65, 66, 67, 73, 75, 76, 77, 78, 80, 81, 83, 86, 87, 90, 91, 93, 96, 102, 105, 108, 109, 110, 111, 112, 113, 114, 118, 128, 129, 130, 132, 137, 138, 139, 140, 150, 151, 154, 155, 158, 159, 162, 167, 168, 169, 172, 177, 178, 179, 180, 181, 184, 185, 186, 187, 190, 191, 192, 193, 194, 198, 199, 200, 205, 206, 207, 208, 211], "excluded_lines": [], "functions": {"_getenv_str": {"executed_lines": [], "summary": {"covered_lines": 0, "num_statements": 4, "percent_covered": 0.0, "percent_covered_display": "0", "missing_lines": 4, "excluded_lines": 0, "percent_statements_covered": 0.0, "percent_statements_covered_display": "0"}, "missing_lines": [20, 21, 22, 23], "excluded_lines": [], "start_line": 19}, "": {"executed_lines": [], "summary": {"covered_lines": 0, "num_statements": 97, "percent_covered": 0.0, "percent_covered_display": "0", "missing_lines": 97, "excluded_lines": 0, "percent_statements_covered": 0.0, "percent_statements_covered_display": "0"}, "missing_lines": [1, 2, 3, 5, 8, 11, 12, 13, 16, 19, 27, 28, 29, 30, 35, 38, 39, 40, 41, 42, 43, 44, 47, 48, 49, 55, 56, 63, 64, 65, 66, 67, 73, 75, 76, 77, 78, 80, 81, 83, 86, 87, 90, 91, 93, 96, 102, 105, 108, 109, 110, 111, 112, 113, 114, 118, 128, 129, 130, 132, 137, 138, 139, 140, 150, 151, 154, 155, 158, 159, 162, 167, 168, 169, 172, 177, 178, 179, 180, 181, 184, 185, 186, 187, 190, 191, 192, 193, 194, 198, 199, 200, 205, 206, 207, 208, 211], "excluded_lines": [], "start_line": 1}}, "classes": {"": {"executed_lines": [], "summary": {"covered_lines": 0, "num_statements": 101, "percent_covered": 0.0, "percent_covered_display": "0", "missing_lines": 101, "excluded_lines": 0, "percent_statements_covered": 0.0, "percent_statements_covered_display": "0"}, "missing_lines": [1, 2, 3, 5, 8, 11, 12, 13, 16, 19, 20, 21, 22, 23, 27, 28, 29, 30, 35, 38, 39, 40, 41, 42, 43, 44, 47, 48, 49, 55, 56, 63, 64, 65, 66, 67, 73, 75, 76, 77, 78, 80, 81, 83, 86, 87, 90, 91, 93, 96, 102, 105, 108, 109, 110, 111, 112, 113, 114, 118, 128, 129, 130, 132, 137, 138, 139, 140, 150, 151, 154, 155, 158, 159, 162, 167, 168, 169, 172, 177, 178, 179, 180, 181, 184, 185, 186, 187, 190, 191, 192, 193, 194, 198, 199, 200, 205, 206, 207, 208, 211], "excluded_lines": [], "start_line": 1}}}, "app/utils/__init__.py": {"executed_lines": [], "summary": {"covered_lines": 0, "num_statements": 2, "percent_covered": 0.0, "percent_covered_display": "0", "missing_lines": 2, "excluded_lines": 0, "percent_statements_covered": 0.0, "percent_statements_covered_display": "0"}, "missing_lines": [1, 3], "excluded_lines": [], "functions": {"": {"executed_lines": [], "summary": {"covered_lines": 0, "num_statements": 2, "percent_covered": 0.0, "percent_covered_display": "0", "missing_lines": 2, "excluded_lines": 0, "percent_statements_covered": 0.0, "percent_statements_covered_display": "0"}, "missing_lines": [1, 3], "excluded_lines": [], "start_line": 1}}, "classes": {"": {"executed_lines": [], "summary": {"covered_lines": 0, "num_statements": 2, "percent_covered": 0.0, "percent_covered_display": "0", "missing_lines": 2, "excluded_lines": 0, "percent_statements_covered": 0.0, "percent_statements_covered_display": "0"}, "missing_lines": [1, 3], "excluded_lines": [], "start_line": 1}}}, "app/utils/cookies.py": {"executed_lines": [], "summary": {"covered_lines": 0, "num_statements": 19, "percent_covered": 0.0, "percent_covered_display": "0", "missing_lines": 19, "excluded_lines": 0, "percent_statements_covered": 0.0, "percent_statements_covered_display": "0"}, "missing_lines": [5, 7, 17, 31, 44, 58, 71, 78, 83, 88, 95, 110, 112, 113, 115, 117, 118, 119, 121], "excluded_lines": [], "functions": {"set_auth_cookies": {"executed_lines": [], "summary": {"covered_lines": 0, "num_statements": 3, "percent_covered": 0.0, "percent_covered_display": "0", "missing_lines": 3, "excluded_lines": 0, "percent_statements_covered": 0.0, "percent_statements_covered_display": "0"}, "missing_lines": [31, 44, 58], "excluded_lines": [], "start_line": 17}, "clear_auth_cookies": {"executed_lines": [], "summary": {"covered_lines": 0, "num_statements": 3, "percent_covered": 0.0, "percent_covered_display": "0", "missing_lines": 3, "excluded_lines": 0, "percent_statements_covered": 0.0, "percent_statements_covered_display": "0"}, "missing_lines": [78, 83, 88], "excluded_lines": [], "start_line": 71}, "get_token_from_cookie_or_header": {"executed_lines": [], "summary": {"covered_lines": 0, "num_statements": 8, "percent_covered": 0.0, "percent_covered_display": "0", "missing_lines": 8, "excluded_lines": 0, "percent_statements_covered": 0.0, "percent_statements_covered_display": "0"}, "missing_lines": [110, 112, 113, 115, 117, 118, 119, 121], "excluded_lines": [], "start_line": 95}, "": {"executed_lines": [], "summary": {"covered_lines": 0, "num_statements": 5, "percent_covered": 0.0, "percent_covered_display": "0", "missing_lines": 5, "excluded_lines": 0, "percent_statements_covered": 0.0, "percent_statements_covered_display": "0"}, "missing_lines": [5, 7, 17, 71, 95], "excluded_lines": [], "start_line": 1}}, "classes": {"": {"executed_lines": [], "summary": {"covered_lines": 0, "num_statements": 19, "percent_covered": 0.0, "percent_covered_display": "0", "missing_lines": 19, "excluded_lines": 0, "percent_statements_covered": 0.0, "percent_statements_covered_display": "0"}, "missing_lines": [5, 7, 17, 31, 44, 58, 71, 78, 83, 88, 95, 110, 112, 113, 115, 117, 118, 119, 121], "excluded_lines": [], "start_line": 1}}}, "app/utils/ics_generator.py": {"executed_lines": [], "summary": {"covered_lines": 0, "num_statements": 46, "percent_covered": 0.0, "percent_covered_display": "0", "missing_lines": 46, "excluded_lines": 0, "percent_statements_covered": 0.0, "percent_statements_covered_display": "0"}, "missing_lines": [5, 8, 39, 40, 43, 44, 47, 50, 51, 52, 54, 55, 57, 58, 59, 60, 62, 76, 77, 79, 80, 83, 84, 85, 86, 87, 88, 89, 91, 94, 97, 98, 99, 100, 101, 102, 103, 104, 106, 109, 111, 112, 115, 118, 120, 127], "excluded_lines": [], "functions": {"generate_ics_file": {"executed_lines": [], "summary": {"covered_lines": 0, "num_statements": 35, "percent_covered": 0.0, "percent_covered_display": "0", "missing_lines": 35, "excluded_lines": 0, "percent_statements_covered": 0.0, "percent_statements_covered_display": "0"}, "missing_lines": [39, 40, 43, 47, 50, 62, 76, 77, 79, 80, 83, 84, 85, 86, 87, 88, 89, 91, 94, 97, 98, 99, 100, 101, 102, 103, 104, 106, 109, 111, 112, 115, 118, 120, 127], "excluded_lines": [], "start_line": 8}, "generate_ics_file.format_datetime": {"executed_lines": [], "summary": {"covered_lines": 0, "num_statements": 1, "percent_covered": 0.0, "percent_covered_display": "0", "missing_lines": 1, "excluded_lines": 0, "percent_statements_covered": 0.0, "percent_statements_covered_display": "0"}, "missing_lines": [44], "excluded_lines": [], "start_line": 43}, "generate_ics_file.escape_ics_text": {"executed_lines": [], "summary": {"covered_lines": 0, "num_statements": 8, "percent_covered": 0.0, "percent_covered_display": "0", "missing_lines": 8, "excluded_lines": 0, "percent_statements_covered": 0.0, "percent_statements_covered_display": "0"}, "missing_lines": [51, 52, 54, 55, 57, 58, 59, 60], "excluded_lines": [], "start_line": 50}, "": {"executed_lines": [], "summary": {"covered_lines": 0, "num_statements": 2, "percent_covered": 0.0, "percent_covered_display": "0", "missing_lines": 2, "excluded_lines": 0, "percent_statements_covered": 0.0, "percent_statements_covered_display": "0"}, "missing_lines": [5, 8], "excluded_lines": [], "start_line": 1}}, "classes": {"": {"executed_lines": [], "summary": {"covered_lines": 0, "num_statements": 46, "percent_covered": 0.0, "percent_covered_display": "0", "missing_lines": 46, "excluded_lines": 0, "percent_statements_covered": 0.0, "percent_statements_covered_display": "0"}, "missing_lines": [5, 8, 39, 40, 43, 44, 47, 50, 51, 52, 54, 55, 57, 58, 59, 60, 62, 76, 77, 79, 80, 83, 84, 85, 86, 87, 88, 89, 91, 94, 97, 98, 99, 100, 101, 102, 103, 104, 106, 109, 111, 112, 115, 118, 120, 127], "excluded_lines": [], "start_line": 1}}}, "app/version.py": {"executed_lines": [], "summary": {"covered_lines": 0, "num_statements": 15, "percent_covered": 0.0, "percent_covered_display": "0", "missing_lines": 15, "excluded_lines": 0, "percent_statements_covered": 0.0, "percent_statements_covered_display": "0"}, "missing_lines": [6, 7, 8, 11, 12, 21, 22, 23, 24, 25, 28, 29, 30, 33, 37], "excluded_lines": [], "functions": {"get_version": {"executed_lines": [], "summary": {"covered_lines": 0, "num_statements": 9, "percent_covered": 0.0, "percent_covered_display": "0", "missing_lines": 9, "excluded_lines": 0, "percent_statements_covered": 0.0, "percent_statements_covered_display": "0"}, "missing_lines": [21, 22, 23, 24, 25, 28, 29, 30, 33], "excluded_lines": [], "start_line": 12}, "": {"executed_lines": [], "summary": {"covered_lines": 0, "num_statements": 6, "percent_covered": 0.0, "percent_covered_display": "0", "missing_lines": 6, "excluded_lines": 0, "percent_statements_covered": 0.0, "percent_statements_covered_display": "0"}, "missing_lines": [6, 7, 8, 11, 12, 37], "excluded_lines": [], "start_line": 1}}, "classes": {"": {"executed_lines": [], "summary": {"covered_lines": 0, "num_statements": 15, "percent_covered": 0.0, "percent_covered_display": "0", "missing_lines": 15, "excluded_lines": 0, "percent_statements_covered": 0.0, "percent_statements_covered_display": "0"}, "missing_lines": [6, 7, 8, 11, 12, 21, 22, 23, 24, 25, 28, 29, 30, 33, 37], "excluded_lines": [], "start_line": 1}}}}, "totals": {"covered_lines": 0, "num_statements": 5849, "percent_covered": 0.0, "percent_covered_display": "0", "missing_lines": 5849, "excluded_lines": 1, "percent_statements_covered": 0.0, "percent_statements_covered_display": "0"}}